<?xml version="1.0" encoding="UTF-8"?>
<testsuites name="booking" time="219" tests="1" failures="3" errors="0">
   <testsuite name="booking" tests="1" failures="3" errors="0" time="219" timestamp="2019-07-25 11:40:12" hostname="Felix Y - LAPTOP-FKLO5HNS" id="Test Suites/booking">
      <properties>
         <property name="deviceName" value=""/>
         <property name="devicePlatform" value=""/>
         <property name="logFolder" value="C:\\Users\\Felix Y\\git\\KatalonSehatQ\\Reports\\booking\\20190725_114008"/>
         <property name="logFiles" value="C:\\Users\\Felix Y\\git\\KatalonSehatQ\\Reports\\booking\\20190725_114008\\execution0.log"/>
         <property name="attachments" value="C:\\Users\\Felix Y\\git\\KatalonSehatQ\\Reports\\booking\\20190725_114008\\1564029631371.png, C:\\Users\\Felix Y\\git\\KatalonSehatQ\\Reports\\booking\\20190725_114008\\1564029656570.png, C:\\Users\\Felix Y\\git\\KatalonSehatQ\\Reports\\booking\\20190725_114008\\1564029667709.png, C:\\Users\\Felix Y\\git\\KatalonSehatQ\\Reports\\booking\\20190725_114008\\1564029678808.png, C:\\Users\\Felix Y\\git\\KatalonSehatQ\\Reports\\booking\\20190725_114008\\1564029690077.png, C:\\Users\\Felix Y\\git\\KatalonSehatQ\\Reports\\booking\\20190725_114008\\1564029701124.png, C:\\Users\\Felix Y\\git\\KatalonSehatQ\\Reports\\booking\\20190725_114008\\1564029708809.png, C:\\Users\\Felix Y\\git\\KatalonSehatQ\\Reports\\booking\\20190725_114008\\1564029721288.png, C:\\Users\\Felix Y\\git\\KatalonSehatQ\\Reports\\booking\\20190725_114008\\1564029746654.png, C:\\Users\\Felix Y\\git\\KatalonSehatQ\\Reports\\booking\\20190725_114008\\1564029757728.png, C:\\Users\\Felix Y\\git\\KatalonSehatQ\\Reports\\booking\\20190725_114008\\1564029768775.png, C:\\Users\\Felix Y\\git\\KatalonSehatQ\\Reports\\booking\\20190725_114008\\1564029779751.png, C:\\Users\\Felix Y\\git\\KatalonSehatQ\\Reports\\booking\\20190725_114008\\1564029790714.png, C:\\Users\\Felix Y\\git\\KatalonSehatQ\\Reports\\booking\\20190725_114008\\1564029801737.png, C:\\Users\\Felix Y\\git\\KatalonSehatQ\\Reports\\booking\\20190725_114008\\1564029812764.png, C:\\Users\\Felix Y\\git\\KatalonSehatQ\\Reports\\booking\\20190725_114008\\1564029823947.png, C:\\Users\\Felix Y\\git\\KatalonSehatQ\\Reports\\booking\\20190725_114008\\1564029829752.png, C:\\Users\\Felix Y\\git\\KatalonSehatQ\\Reports\\booking\\20190725_114008\\1564029830294.png"/>
         <property name="hostName" value="Felix Y - LAPTOP-FKLO5HNS"/>
         <property name="os" value="Windows 10 64bit"/>
         <property name="katalonVersion" value="5.10.1.1"/>
         <property name="browser" value="Chrome 75.0.3770.142"/>
         <property name="hostAddress" value="172.22.250.220"/>
         <property name="sessionId" value="a1e5c0e399a9bf16437e5c23dfaa0b37"/>
         <property name="seleniumVersion" value="3.7.1"/>
         <property name="proxyInformation" value="ProxyInformation{proxyOption=USE_SYSTEM, proxyServerType=HTTP, password=, proxyServerAddress=, proxyServerPort=0}"/>
         <property name="platform" value="Windows 10"/>
      </properties>
      <testcase name="Test Cases/dokter new/dokter - booking not login" classname="Test Cases/dokter new/dokter - booking not login" status="FAILED">
         <failure type="FAILED" message="Test Cases/dokter new/dokter - booking not login FAILED.
Reason:
com.kms.katalon.core.exception.StepFailedException: Unable to click on object 'Object Repository/dokter new/booking not login/th_Juli 2019' (Root cause: com.kms.katalon.core.webui.exception.WebElementNotFoundException: Web element with id: 'Object Repository/dokter new/booking not login/th_Juli 2019' located by 'By.xpath: //div[@id='pageHCP']/div/div/div/div[2]/div[2]/div/div/div[2]/div/div/div/div[2]/div/div/ul/li/div/div/table/thead/tr/th[2]' not found)
	at com.kms.katalon.core.keyword.internal.KeywordMain.stepFailed(KeywordMain.groovy:36)
	at com.kms.katalon.core.webui.keyword.internal.WebUIKeywordMain.stepFailed(WebUIKeywordMain.groovy:65)
	at com.kms.katalon.core.webui.keyword.internal.WebUIKeywordMain.runKeyword(WebUIKeywordMain.groovy:27)
	at com.kms.katalon.core.webui.keyword.builtin.ClickKeyword.click(ClickKeyword.groovy:86)
	at com.kms.katalon.core.webui.keyword.builtin.ClickKeyword.execute(ClickKeyword.groovy:67)
	at com.kms.katalon.core.keyword.internal.KeywordExecutor.executeKeywordForPlatform(KeywordExecutor.groovy:53)
	at com.kms.katalon.core.webui.keyword.WebUiBuiltInKeywords.click(WebUiBuiltInKeywords.groovy:616)
	at com.kms.katalon.core.webui.keyword.WebUiBuiltInKeywords$click$2.call(Unknown Source)
	at dokter - booking not login.run(dokter - booking not login:24)
	at com.kms.katalon.core.main.ScriptEngine.run(ScriptEngine.java:194)
	at com.kms.katalon.core.main.ScriptEngine.runScriptAsRawText(ScriptEngine.java:119)
	at com.kms.katalon.core.main.TestCaseExecutor.runScript(TestCaseExecutor.java:328)
	at com.kms.katalon.core.main.TestCaseExecutor.doExecute(TestCaseExecutor.java:319)
	at com.kms.katalon.core.main.TestCaseExecutor.processExecutionPhase(TestCaseExecutor.java:298)
	at com.kms.katalon.core.main.TestCaseExecutor.accessMainPhase(TestCaseExecutor.java:290)
	at com.kms.katalon.core.main.TestCaseExecutor.execute(TestCaseExecutor.java:224)
	at com.kms.katalon.core.main.TestSuiteExecutor.accessTestCaseMainPhase(TestSuiteExecutor.java:129)
	at com.kms.katalon.core.main.TestSuiteExecutor.accessTestSuiteMainPhase(TestSuiteExecutor.java:112)
	at com.kms.katalon.core.main.TestSuiteExecutor.execute(TestSuiteExecutor.java:81)
	at com.kms.katalon.core.main.TestCaseMain.startTestSuite(TestCaseMain.java:149)
	at com.kms.katalon.core.main.TestCaseMain$startTestSuite$0.call(Unknown Source)
	at TempTestSuite1564029608888.run(TempTestSuite1564029608888.groovy:36)
"/>
         <system-out><![CDATA[2019-07-25 11:40:12 - [TEST_CASE][FAILED] - Test Cases/dokter new/dokter - booking not login: Test Cases/dokter new/dokter - booking not login FAILED.
Reason:
com.kms.katalon.core.exception.StepFailedException: Unable to click on object 'Object Repository/dokter new/booking not login/th_Juli 2019' (Root cause: com.kms.katalon.core.webui.exception.WebElementNotFoundException: Web element with id: 'Object Repository/dokter new/booking not login/th_Juli 2019' located by 'By.xpath: //div[@id='pageHCP']/div/div/div/div[2]/div[2]/div/div/div[2]/div/div/div/div[2]/div/div/ul/li/div/div/table/thead/tr/th[2]' not found)
	at com.kms.katalon.core.keyword.internal.KeywordMain.stepFailed(KeywordMain.groovy:36)
	at com.kms.katalon.core.webui.keyword.internal.WebUIKeywordMain.stepFailed(WebUIKeywordMain.groovy:65)
	at com.kms.katalon.core.webui.keyword.internal.WebUIKeywordMain.runKeyword(WebUIKeywordMain.groovy:27)
	at com.kms.katalon.core.webui.keyword.builtin.ClickKeyword.click(ClickKeyword.groovy:86)
	at com.kms.katalon.core.webui.keyword.builtin.ClickKeyword.execute(ClickKeyword.groovy:67)
	at com.kms.katalon.core.keyword.internal.KeywordExecutor.executeKeywordForPlatform(KeywordExecutor.groovy:53)
	at com.kms.katalon.core.webui.keyword.WebUiBuiltInKeywords.click(WebUiBuiltInKeywords.groovy:616)
	at com.kms.katalon.core.webui.keyword.WebUiBuiltInKeywords$click$2.call(Unknown Source)
	at dokter - booking not login.run(dokter - booking not login:24)
	at com.kms.katalon.core.main.ScriptEngine.run(ScriptEngine.java:194)
	at com.kms.katalon.core.main.ScriptEngine.runScriptAsRawText(ScriptEngine.java:119)
	at com.kms.katalon.core.main.TestCaseExecutor.runScript(TestCaseExecutor.java:328)
	at com.kms.katalon.core.main.TestCaseExecutor.doExecute(TestCaseExecutor.java:319)
	at com.kms.katalon.core.main.TestCaseExecutor.processExecutionPhase(TestCaseExecutor.java:298)
	at com.kms.katalon.core.main.TestCaseExecutor.accessMainPhase(TestCaseExecutor.java:290)
	at com.kms.katalon.core.main.TestCaseExecutor.execute(TestCaseExecutor.java:224)
	at com.kms.katalon.core.main.TestSuiteExecutor.accessTestCaseMainPhase(TestSuiteExecutor.java:129)
	at com.kms.katalon.core.main.TestSuiteExecutor.accessTestSuiteMainPhase(TestSuiteExecutor.java:112)
	at com.kms.katalon.core.main.TestSuiteExecutor.execute(TestSuiteExecutor.java:81)
	at com.kms.katalon.core.main.TestCaseMain.startTestSuite(TestCaseMain.java:149)
	at com.kms.katalon.core.main.TestCaseMain$startTestSuite$0.call(Unknown Source)
	at TempTestSuite1564029608888.run(TempTestSuite1564029608888.groovy:36)


2019-07-25 11:40:13 - [TEST_STEP][PASSED] - openBrowser(""): Browser is opened with url: ''

2019-07-25 11:40:13 - [MESSAGE][INFO] - Starting 'Chrome' driver

2019-07-25 11:40:13 - [MESSAGE][INFO] - Action delay is set to 0 seconds

2019-07-25 11:40:17 - [MESSAGE][PASSED] - Browser is opened with url: ''

2019-07-25 11:40:17 - [TEST_STEP][PASSED] - maximizeWindow(): Current window maximized

2019-07-25 11:40:18 - [MESSAGE][PASSED] - Current window maximized

2019-07-25 11:40:18 - [TEST_STEP][PASSED] - navigateToUrl(target + "sehatq.com/dokter/dr-patrianef-spbkv"): Navigate to 'https://www.sehatq.com/dokter/dr-patrianef-spbkv' successfully

2019-07-25 11:40:19 - [MESSAGE][PASSED] - Navigate to 'https://www.sehatq.com/dokter/dr-patrianef-spbkv' successfully

2019-07-25 11:40:19 - [TEST_STEP][PASSED] - click(findTestObject("dokter new/booking not login/input_View Map_date")): Object: 'Object Repository/dokter new/booking not login/input_View Map_date' is clicked on

2019-07-25 11:40:20 - [MESSAGE][PASSED] - Object: 'Object Repository/dokter new/booking not login/input_View Map_date' is clicked on

2019-07-25 11:40:20 - [TEST_STEP][FAILED] - click(findTestObject("Object Repository/dokter new/booking not login/th_Juli 2019")): click(findTestObject("Object Repository/dokter new/booking not login/th_Juli 2019")) FAILED.
Reason:
com.kms.katalon.core.exception.StepFailedException: Unable to click on object 'Object Repository/dokter new/booking not login/th_Juli 2019' (Root cause: com.kms.katalon.core.webui.exception.WebElementNotFoundException: Web element with id: 'Object Repository/dokter new/booking not login/th_Juli 2019' located by 'By.xpath: //div[@id='pageHCP']/div/div/div/div[2]/div[2]/div/div/div[2]/div/div/div/div[2]/div/div/ul/li/div/div/table/thead/tr/th[2]' not found)
	at com.kms.katalon.core.keyword.internal.KeywordMain.stepFailed(KeywordMain.groovy:36)
	at com.kms.katalon.core.webui.keyword.internal.WebUIKeywordMain.stepFailed(WebUIKeywordMain.groovy:65)
	at com.kms.katalon.core.webui.keyword.internal.WebUIKeywordMain.runKeyword(WebUIKeywordMain.groovy:27)
	at com.kms.katalon.core.webui.keyword.builtin.ClickKeyword.click(ClickKeyword.groovy:86)
	at com.kms.katalon.core.webui.keyword.builtin.ClickKeyword.execute(ClickKeyword.groovy:67)
	at com.kms.katalon.core.keyword.internal.KeywordExecutor.executeKeywordForPlatform(KeywordExecutor.groovy:53)
	at com.kms.katalon.core.webui.keyword.WebUiBuiltInKeywords.click(WebUiBuiltInKeywords.groovy:616)
	at com.kms.katalon.core.webui.keyword.WebUiBuiltInKeywords$click$2.call(Unknown Source)
	at dokter - booking not login.run(dokter - booking not login:24)
	at com.kms.katalon.core.main.ScriptEngine.run(ScriptEngine.java:194)
	at com.kms.katalon.core.main.ScriptEngine.runScriptAsRawText(ScriptEngine.java:119)
	at com.kms.katalon.core.main.TestCaseExecutor.runScript(TestCaseExecutor.java:328)
	at com.kms.katalon.core.main.TestCaseExecutor.doExecute(TestCaseExecutor.java:319)
	at com.kms.katalon.core.main.TestCaseExecutor.processExecutionPhase(TestCaseExecutor.java:298)
	at com.kms.katalon.core.main.TestCaseExecutor.accessMainPhase(TestCaseExecutor.java:290)
	at com.kms.katalon.core.main.TestCaseExecutor.execute(TestCaseExecutor.java:224)
	at com.kms.katalon.core.main.TestSuiteExecutor.accessTestCaseMainPhase(TestSuiteExecutor.java:129)
	at com.kms.katalon.core.main.TestSuiteExecutor.accessTestSuiteMainPhase(TestSuiteExecutor.java:112)
	at com.kms.katalon.core.main.TestSuiteExecutor.execute(TestSuiteExecutor.java:81)
	at com.kms.katalon.core.main.TestCaseMain.startTestSuite(TestCaseMain.java:149)
	at com.kms.katalon.core.main.TestCaseMain$startTestSuite$0.call(Unknown Source)
	at TempTestSuite1564029608888.run(TempTestSuite1564029608888.groovy:36)


2019-07-25 11:40:31 - [MESSAGE][INFO] - Unable to find the element located by 'By.xpath: //div[@id='pageHCP']/div/div/div/div[2]/div[2]/div/div/div[2]/div/div/div/div[2]/div/div/ul/li/div/div/table/thead/tr/th[2]'. Please recheck the objects properties to make sure the desired element is located. 

2019-07-25 11:40:31 - [MESSAGE][FAILED] - Unable to click on object 'Object Repository/dokter new/booking not login/th_Juli 2019' (Root cause: com.kms.katalon.core.webui.exception.WebElementNotFoundException: Web element with id: 'Object Repository/dokter new/booking not login/th_Juli 2019' located by 'By.xpath: //div[@id='pageHCP']/div/div/div/div[2]/div[2]/div/div/div[2]/div/div/div/div[2]/div/div/ul/li/div/div/table/thead/tr/th[2]' not found)
[[ATTACHMENT|C:\\Users\\Felix Y\\git\\KatalonSehatQ\\Reports\\booking\\20190725_114008\\1564029631371.png]]

2019-07-25 11:40:31 - [MESSAGE][FAILED] - click(findTestObject("Object Repository/dokter new/booking not login/th_Juli 2019")) FAILED.
Reason:
com.kms.katalon.core.exception.StepFailedException: Unable to click on object 'Object Repository/dokter new/booking not login/th_Juli 2019' (Root cause: com.kms.katalon.core.webui.exception.WebElementNotFoundException: Web element with id: 'Object Repository/dokter new/booking not login/th_Juli 2019' located by 'By.xpath: //div[@id='pageHCP']/div/div/div/div[2]/div[2]/div/div/div[2]/div/div/div/div[2]/div/div/ul/li/div/div/table/thead/tr/th[2]' not found)
	at com.kms.katalon.core.keyword.internal.KeywordMain.stepFailed(KeywordMain.groovy:36)
	at com.kms.katalon.core.webui.keyword.internal.WebUIKeywordMain.stepFailed(WebUIKeywordMain.groovy:65)
	at com.kms.katalon.core.webui.keyword.internal.WebUIKeywordMain.runKeyword(WebUIKeywordMain.groovy:27)
	at com.kms.katalon.core.webui.keyword.builtin.ClickKeyword.click(ClickKeyword.groovy:86)
	at com.kms.katalon.core.webui.keyword.builtin.ClickKeyword.execute(ClickKeyword.groovy:67)
	at com.kms.katalon.core.keyword.internal.KeywordExecutor.executeKeywordForPlatform(KeywordExecutor.groovy:53)
	at com.kms.katalon.core.webui.keyword.WebUiBuiltInKeywords.click(WebUiBuiltInKeywords.groovy:616)
	at com.kms.katalon.core.webui.keyword.WebUiBuiltInKeywords$click$2.call(Unknown Source)
	at dokter - booking not login.run(dokter - booking not login:24)
	at com.kms.katalon.core.main.ScriptEngine.run(ScriptEngine.java:194)
	at com.kms.katalon.core.main.ScriptEngine.runScriptAsRawText(ScriptEngine.java:119)
	at com.kms.katalon.core.main.TestCaseExecutor.runScript(TestCaseExecutor.java:328)
	at com.kms.katalon.core.main.TestCaseExecutor.doExecute(TestCaseExecutor.java:319)
	at com.kms.katalon.core.main.TestCaseExecutor.processExecutionPhase(TestCaseExecutor.java:298)
	at com.kms.katalon.core.main.TestCaseExecutor.accessMainPhase(TestCaseExecutor.java:290)
	at com.kms.katalon.core.main.TestCaseExecutor.execute(TestCaseExecutor.java:224)
	at com.kms.katalon.core.main.TestSuiteExecutor.accessTestCaseMainPhase(TestSuiteExecutor.java:129)
	at com.kms.katalon.core.main.TestSuiteExecutor.accessTestSuiteMainPhase(TestSuiteExecutor.java:112)
	at com.kms.katalon.core.main.TestSuiteExecutor.execute(TestSuiteExecutor.java:81)
	at com.kms.katalon.core.main.TestCaseMain.startTestSuite(TestCaseMain.java:149)
	at com.kms.katalon.core.main.TestCaseMain$startTestSuite$0.call(Unknown Source)
	at TempTestSuite1564029608888.run(TempTestSuite1564029608888.groovy:36)]]></system-out>
         <system-err><![CDATA[2019-07-25 11:40:12 - [TEST_CASE][FAILED] - Test Cases/dokter new/dokter - booking not login: Test Cases/dokter new/dokter - booking not login FAILED.
Reason:
com.kms.katalon.core.exception.StepFailedException: Unable to click on object 'Object Repository/dokter new/booking not login/th_Juli 2019' (Root cause: com.kms.katalon.core.webui.exception.WebElementNotFoundException: Web element with id: 'Object Repository/dokter new/booking not login/th_Juli 2019' located by 'By.xpath: //div[@id='pageHCP']/div/div/div/div[2]/div[2]/div/div/div[2]/div/div/div/div[2]/div/div/ul/li/div/div/table/thead/tr/th[2]' not found)
	at com.kms.katalon.core.keyword.internal.KeywordMain.stepFailed(KeywordMain.groovy:36)
	at com.kms.katalon.core.webui.keyword.internal.WebUIKeywordMain.stepFailed(WebUIKeywordMain.groovy:65)
	at com.kms.katalon.core.webui.keyword.internal.WebUIKeywordMain.runKeyword(WebUIKeywordMain.groovy:27)
	at com.kms.katalon.core.webui.keyword.builtin.ClickKeyword.click(ClickKeyword.groovy:86)
	at com.kms.katalon.core.webui.keyword.builtin.ClickKeyword.execute(ClickKeyword.groovy:67)
	at com.kms.katalon.core.keyword.internal.KeywordExecutor.executeKeywordForPlatform(KeywordExecutor.groovy:53)
	at com.kms.katalon.core.webui.keyword.WebUiBuiltInKeywords.click(WebUiBuiltInKeywords.groovy:616)
	at com.kms.katalon.core.webui.keyword.WebUiBuiltInKeywords$click$2.call(Unknown Source)
	at dokter - booking not login.run(dokter - booking not login:24)
	at com.kms.katalon.core.main.ScriptEngine.run(ScriptEngine.java:194)
	at com.kms.katalon.core.main.ScriptEngine.runScriptAsRawText(ScriptEngine.java:119)
	at com.kms.katalon.core.main.TestCaseExecutor.runScript(TestCaseExecutor.java:328)
	at com.kms.katalon.core.main.TestCaseExecutor.doExecute(TestCaseExecutor.java:319)
	at com.kms.katalon.core.main.TestCaseExecutor.processExecutionPhase(TestCaseExecutor.java:298)
	at com.kms.katalon.core.main.TestCaseExecutor.accessMainPhase(TestCaseExecutor.java:290)
	at com.kms.katalon.core.main.TestCaseExecutor.execute(TestCaseExecutor.java:224)
	at com.kms.katalon.core.main.TestSuiteExecutor.accessTestCaseMainPhase(TestSuiteExecutor.java:129)
	at com.kms.katalon.core.main.TestSuiteExecutor.accessTestSuiteMainPhase(TestSuiteExecutor.java:112)
	at com.kms.katalon.core.main.TestSuiteExecutor.execute(TestSuiteExecutor.java:81)
	at com.kms.katalon.core.main.TestCaseMain.startTestSuite(TestCaseMain.java:149)
	at com.kms.katalon.core.main.TestCaseMain$startTestSuite$0.call(Unknown Source)
	at TempTestSuite1564029608888.run(TempTestSuite1564029608888.groovy:36)]]></system-err>
      </testcase>
      <testcase name="Test Cases/dokter new/dokter - booking logged in" classname="Test Cases/dokter new/dokter - booking logged in" status="PASSED">
         <system-out><![CDATA[2019-07-25 11:40:31 - [TEST_CASE][PASSED] - Test Cases/dokter new/dokter - booking logged in: Test Cases/dokter new/dokter - booking logged in

2019-07-25 11:40:32 - [TEST_STEP][PASSED] - openBrowser(""): Browser is opened with url: ''

2019-07-25 11:40:32 - [MESSAGE][WARNING] - A browser is already opened. Closing browser and opening a new one

2019-07-25 11:40:32 - [MESSAGE][INFO] - Starting 'Chrome' driver

2019-07-25 11:40:35 - [MESSAGE][PASSED] - Browser is opened with url: ''

2019-07-25 11:40:35 - [TEST_STEP][PASSED] - maximizeWindow(): Current window maximized

2019-07-25 11:40:36 - [MESSAGE][PASSED] - Current window maximized

2019-07-25 11:40:36 - [TEST_STEP][PASSED] - navigateToUrl(target + "sehatq.com/dokter/dr-patrianef-spbkv"): Navigate to 'https://www.sehatq.com/dokter/dr-patrianef-spbkv' successfully

2019-07-25 11:40:38 - [MESSAGE][PASSED] - Navigate to 'https://www.sehatq.com/dokter/dr-patrianef-spbkv' successfully

2019-07-25 11:40:38 - [TEST_STEP][PASSED] - waitForPageLoad(5): Wait for page load successfully

2019-07-25 11:40:40 - [MESSAGE][PASSED] - Wait for page load successfully

2019-07-25 11:40:40 - [TEST_STEP][PASSED] - click(findTestObject("rumah sakit/booking logged in/button_Login  Daftar Baru")): Object: 'Object Repository/rumah sakit/booking logged in/button_Login  Daftar Baru' is clicked on

2019-07-25 11:40:40 - [MESSAGE][PASSED] - Object: 'Object Repository/rumah sakit/booking logged in/button_Login  Daftar Baru' is clicked on

2019-07-25 11:40:40 - [TEST_STEP][PASSED] - waitForElementVisible(findTestObject("rumah sakit/booking logged in/input_Alamat E-Mail_email"), 5): Object 'Object Repository/rumah sakit/booking logged in/input_Alamat E-Mail_email' is visible

2019-07-25 11:40:41 - [MESSAGE][PASSED] - Object 'Object Repository/rumah sakit/booking logged in/input_Alamat E-Mail_email' is visible

2019-07-25 11:40:41 - [TEST_STEP][PASSED] - setText(findTestObject("rumah sakit/booking logged in/input_Alamat E-Mail_email"), "kuning@color.com"): Text 'kuning@color.com' is set on object 'Object Repository/rumah sakit/booking logged in/input_Alamat E-Mail_email'

2019-07-25 11:40:42 - [MESSAGE][PASSED] - Text 'kuning@color.com' is set on object 'Object Repository/rumah sakit/booking logged in/input_Alamat E-Mail_email'

2019-07-25 11:40:42 - [TEST_STEP][PASSED] - setText(findTestObject("rumah sakit/booking logged in/input_Kata Sandi_password"), "123sehatQ!"): Text '123sehatQ!' is set on object 'Object Repository/rumah sakit/booking logged in/input_Kata Sandi_password'

2019-07-25 11:40:42 - [MESSAGE][PASSED] - Text '123sehatQ!' is set on object 'Object Repository/rumah sakit/booking logged in/input_Kata Sandi_password'

2019-07-25 11:40:42 - [TEST_STEP][PASSED] - click(findTestObject("rumah sakit/booking logged in/button_Masuk")): Object: 'Object Repository/rumah sakit/booking logged in/button_Masuk' is clicked on

2019-07-25 11:40:42 - [MESSAGE][PASSED] - Object: 'Object Repository/rumah sakit/booking logged in/button_Masuk' is clicked on

2019-07-25 11:40:42 - [TEST_STEP][PASSED] - delay(3): Delayed 3 second(s)

2019-07-25 11:40:45 - [MESSAGE][PASSED] - Delayed 3 second(s)

2019-07-25 11:40:45 - [TEST_STEP][PASSED] - while (verifyElementPresent(findTestObject("Object Repository/dokter new/booking logged in/jadwal praktek section header"), 5, OPTIONAL) == true): null

2019-07-25 11:40:46 - [MESSAGE][PASSED] - Object 'Object Repository/dokter new/booking logged in/jadwal praktek section header' is present

2019-07-25 11:40:46 - [TEST_STEP][PASSED] - a = "/html/body/div[1]/main/div[1]/div/div/div/div[2]/div[2]/div/div/div[4]/div/div/div[3]/div[" + counter + "]/div[3]/a": null

2019-07-25 11:40:46 - [TEST_STEP][PASSED] - schedulebooking = TestObject().addProperty("xpath", EQUALS, a, true): null

2019-07-25 11:40:46 - [TEST_STEP][PASSED] - if (verifyElementClickable(schedulebooking, OPTIONAL) == true): Web element with id: '' located by 'By.xpath: /html/body/div[1]/main/div[1]/div/div/div/div[2]/div[2]/div/div/div[4]/div/div/div[3]/div[1]/div[3]/a' not found

2019-07-25 11:40:56 - [MESSAGE][INFO] - Unable to find the element located by 'By.xpath: /html/body/div[1]/main/div[1]/div/div/div/div[2]/div[2]/div/div/div[4]/div/div/div[3]/div[1]/div[3]/a'. Please recheck the objects properties to make sure the desired element is located. 

2019-07-25 11:40:57 - [MESSAGE][WARNING] - Web element with id: '' located by 'By.xpath: /html/body/div[1]/main/div[1]/div/div/div/div[2]/div[2]/div/div/div[4]/div/div/div[3]/div[1]/div[3]/a' not found
[[ATTACHMENT|C:\\Users\\Felix Y\\git\\KatalonSehatQ\\Reports\\booking\\20190725_114008\\1564029656570.png]]

2019-07-25 11:40:57 - [TEST_STEP][PASSED] - else if (counter != 8): Object 'Object Repository/dokter new/booking logged in/jadwal praktek section header' is present

2019-07-25 11:40:57 - [TEST_STEP][PASSED] - (internal.GlobalVariable.counter++): Object 'Object Repository/dokter new/booking logged in/jadwal praktek section header' is present

2019-07-25 11:40:57 - [MESSAGE][PASSED] - Object 'Object Repository/dokter new/booking logged in/jadwal praktek section header' is present

2019-07-25 11:40:57 - [TEST_STEP][PASSED] - a = "/html/body/div[1]/main/div[1]/div/div/div/div[2]/div[2]/div/div/div[4]/div/div/div[3]/div[" + counter + "]/div[3]/a": null

2019-07-25 11:40:57 - [TEST_STEP][PASSED] - schedulebooking = TestObject().addProperty("xpath", EQUALS, a, true): null

2019-07-25 11:40:57 - [TEST_STEP][PASSED] - if (verifyElementClickable(schedulebooking, OPTIONAL) == true): Web element with id: '' located by 'By.xpath: /html/body/div[1]/main/div[1]/div/div/div/div[2]/div[2]/div/div/div[4]/div/div/div[3]/div[2]/div[3]/a' not found

2019-07-25 11:41:07 - [MESSAGE][INFO] - Unable to find the element located by 'By.xpath: /html/body/div[1]/main/div[1]/div/div/div/div[2]/div[2]/div/div/div[4]/div/div/div[3]/div[2]/div[3]/a'. Please recheck the objects properties to make sure the desired element is located. 

2019-07-25 11:41:08 - [MESSAGE][WARNING] - Web element with id: '' located by 'By.xpath: /html/body/div[1]/main/div[1]/div/div/div/div[2]/div[2]/div/div/div[4]/div/div/div[3]/div[2]/div[3]/a' not found
[[ATTACHMENT|C:\\Users\\Felix Y\\git\\KatalonSehatQ\\Reports\\booking\\20190725_114008\\1564029667709.png]]

2019-07-25 11:41:08 - [TEST_STEP][PASSED] - else if (counter != 8): Object 'Object Repository/dokter new/booking logged in/jadwal praktek section header' is present

2019-07-25 11:41:08 - [TEST_STEP][PASSED] - (internal.GlobalVariable.counter++): Object 'Object Repository/dokter new/booking logged in/jadwal praktek section header' is present

2019-07-25 11:41:08 - [MESSAGE][PASSED] - Object 'Object Repository/dokter new/booking logged in/jadwal praktek section header' is present

2019-07-25 11:41:08 - [TEST_STEP][PASSED] - a = "/html/body/div[1]/main/div[1]/div/div/div/div[2]/div[2]/div/div/div[4]/div/div/div[3]/div[" + counter + "]/div[3]/a": null

2019-07-25 11:41:08 - [TEST_STEP][PASSED] - schedulebooking = TestObject().addProperty("xpath", EQUALS, a, true): null

2019-07-25 11:41:08 - [TEST_STEP][PASSED] - if (verifyElementClickable(schedulebooking, OPTIONAL) == true): Web element with id: '' located by 'By.xpath: /html/body/div[1]/main/div[1]/div/div/div/div[2]/div[2]/div/div/div[4]/div/div/div[3]/div[3]/div[3]/a' not found

2019-07-25 11:41:18 - [MESSAGE][INFO] - Unable to find the element located by 'By.xpath: /html/body/div[1]/main/div[1]/div/div/div/div[2]/div[2]/div/div/div[4]/div/div/div[3]/div[3]/div[3]/a'. Please recheck the objects properties to make sure the desired element is located. 

2019-07-25 11:41:19 - [MESSAGE][WARNING] - Web element with id: '' located by 'By.xpath: /html/body/div[1]/main/div[1]/div/div/div/div[2]/div[2]/div/div/div[4]/div/div/div[3]/div[3]/div[3]/a' not found
[[ATTACHMENT|C:\\Users\\Felix Y\\git\\KatalonSehatQ\\Reports\\booking\\20190725_114008\\1564029678808.png]]

2019-07-25 11:41:19 - [TEST_STEP][PASSED] - else if (counter != 8): Object 'Object Repository/dokter new/booking logged in/jadwal praktek section header' is present

2019-07-25 11:41:19 - [TEST_STEP][PASSED] - (internal.GlobalVariable.counter++): Object 'Object Repository/dokter new/booking logged in/jadwal praktek section header' is present

2019-07-25 11:41:19 - [MESSAGE][PASSED] - Object 'Object Repository/dokter new/booking logged in/jadwal praktek section header' is present

2019-07-25 11:41:19 - [TEST_STEP][PASSED] - a = "/html/body/div[1]/main/div[1]/div/div/div/div[2]/div[2]/div/div/div[4]/div/div/div[3]/div[" + counter + "]/div[3]/a": null

2019-07-25 11:41:19 - [TEST_STEP][PASSED] - schedulebooking = TestObject().addProperty("xpath", EQUALS, a, true): null

2019-07-25 11:41:19 - [TEST_STEP][PASSED] - if (verifyElementClickable(schedulebooking, OPTIONAL) == true): Web element with id: '' located by 'By.xpath: /html/body/div[1]/main/div[1]/div/div/div/div[2]/div[2]/div/div/div[4]/div/div/div[3]/div[4]/div[3]/a' not found

2019-07-25 11:41:30 - [MESSAGE][INFO] - Unable to find the element located by 'By.xpath: /html/body/div[1]/main/div[1]/div/div/div/div[2]/div[2]/div/div/div[4]/div/div/div[3]/div[4]/div[3]/a'. Please recheck the objects properties to make sure the desired element is located. 

2019-07-25 11:41:30 - [MESSAGE][WARNING] - Web element with id: '' located by 'By.xpath: /html/body/div[1]/main/div[1]/div/div/div/div[2]/div[2]/div/div/div[4]/div/div/div[3]/div[4]/div[3]/a' not found
[[ATTACHMENT|C:\\Users\\Felix Y\\git\\KatalonSehatQ\\Reports\\booking\\20190725_114008\\1564029690077.png]]

2019-07-25 11:41:30 - [TEST_STEP][PASSED] - else if (counter != 8): Object 'Object Repository/dokter new/booking logged in/jadwal praktek section header' is present

2019-07-25 11:41:30 - [TEST_STEP][PASSED] - (internal.GlobalVariable.counter++): Object 'Object Repository/dokter new/booking logged in/jadwal praktek section header' is present

2019-07-25 11:41:30 - [MESSAGE][PASSED] - Object 'Object Repository/dokter new/booking logged in/jadwal praktek section header' is present

2019-07-25 11:41:30 - [TEST_STEP][PASSED] - a = "/html/body/div[1]/main/div[1]/div/div/div/div[2]/div[2]/div/div/div[4]/div/div/div[3]/div[" + counter + "]/div[3]/a": null

2019-07-25 11:41:30 - [TEST_STEP][PASSED] - schedulebooking = TestObject().addProperty("xpath", EQUALS, a, true): null

2019-07-25 11:41:30 - [TEST_STEP][PASSED] - if (verifyElementClickable(schedulebooking, OPTIONAL) == true): Web element with id: '' located by 'By.xpath: /html/body/div[1]/main/div[1]/div/div/div/div[2]/div[2]/div/div/div[4]/div/div/div[3]/div[5]/div[3]/a' not found

2019-07-25 11:41:41 - [MESSAGE][INFO] - Unable to find the element located by 'By.xpath: /html/body/div[1]/main/div[1]/div/div/div/div[2]/div[2]/div/div/div[4]/div/div/div[3]/div[5]/div[3]/a'. Please recheck the objects properties to make sure the desired element is located. 

2019-07-25 11:41:41 - [MESSAGE][WARNING] - Web element with id: '' located by 'By.xpath: /html/body/div[1]/main/div[1]/div/div/div/div[2]/div[2]/div/div/div[4]/div/div/div[3]/div[5]/div[3]/a' not found
[[ATTACHMENT|C:\\Users\\Felix Y\\git\\KatalonSehatQ\\Reports\\booking\\20190725_114008\\1564029701124.png]]

2019-07-25 11:41:41 - [TEST_STEP][PASSED] - else if (counter != 8): Object 'Object Repository/dokter new/booking logged in/jadwal praktek section header' is present

2019-07-25 11:41:41 - [TEST_STEP][PASSED] - (internal.GlobalVariable.counter++): Object 'Object Repository/dokter new/booking logged in/jadwal praktek section header' is present

2019-07-25 11:41:41 - [MESSAGE][PASSED] - Object 'Object Repository/dokter new/booking logged in/jadwal praktek section header' is present

2019-07-25 11:41:41 - [TEST_STEP][PASSED] - a = "/html/body/div[1]/main/div[1]/div/div/div/div[2]/div[2]/div/div/div[4]/div/div/div[3]/div[" + counter + "]/div[3]/a": null

2019-07-25 11:41:41 - [TEST_STEP][PASSED] - schedulebooking = TestObject().addProperty("xpath", EQUALS, a, true): null

2019-07-25 11:41:41 - [TEST_STEP][PASSED] - if (verifyElementClickable(schedulebooking, OPTIONAL) == true): com.kms.katalon.core.webui.exception.WebElementNotFoundException: Web element with id: 'Object Repository/dokter new/booking logged in/jadwal praktek section header' located by 'By.xpath: /html/body/div[1]/main/div[1]/div/div/div/div[2]/div[1]' not found

2019-07-25 11:41:41 - [MESSAGE][PASSED] - Object '' is clickable

2019-07-25 11:41:41 - [TEST_STEP][PASSED] - click(schedulebooking): com.kms.katalon.core.webui.exception.WebElementNotFoundException: Web element with id: 'Object Repository/dokter new/booking logged in/jadwal praktek section header' located by 'By.xpath: /html/body/div[1]/main/div[1]/div/div/div/div[2]/div[1]' not found

2019-07-25 11:41:42 - [MESSAGE][PASSED] - Object: '' is clicked on

2019-07-25 11:41:48 - [MESSAGE][INFO] - Unable to find the element located by 'By.xpath: /html/body/div[1]/main/div[1]/div/div/div/div[2]/div[1]'. Please recheck the objects properties to make sure the desired element is located. 

2019-07-25 11:41:49 - [MESSAGE][WARNING] - com.kms.katalon.core.webui.exception.WebElementNotFoundException: Web element with id: 'Object Repository/dokter new/booking logged in/jadwal praktek section header' located by 'By.xpath: /html/body/div[1]/main/div[1]/div/div/div/div[2]/div[1]' not found
[[ATTACHMENT|C:\\Users\\Felix Y\\git\\KatalonSehatQ\\Reports\\booking\\20190725_114008\\1564029708809.png]]

2019-07-25 11:41:49 - [TEST_STEP][PASSED] - waitForPageLoad(5): Wait for page load successfully

2019-07-25 11:41:49 - [MESSAGE][PASSED] - Wait for page load successfully

2019-07-25 11:41:49 - [TEST_STEP][PASSED] - verifyElementPresent(findTestObject("rumah sakit/booking logged in/div_Buat Janji Dokter"), 5): Object 'Object Repository/rumah sakit/booking logged in/div_Buat Janji Dokter' is present

2019-07-25 11:41:49 - [MESSAGE][PASSED] - Object 'Object Repository/rumah sakit/booking logged in/div_Buat Janji Dokter' is present

2019-07-25 11:41:49 - [TEST_STEP][PASSED] - counter = 1: null

2019-07-25 11:41:49 - [TEST_STEP][PASSED] - closeBrowser(): Browser is closed

2019-07-25 11:41:50 - [MESSAGE][PASSED] - Browser is closed]]></system-out>
         <system-err><![CDATA[]]></system-err>
      </testcase>
      <testcase name="Test Cases/rumah sakit/rumah sakit - booking not login" classname="Test Cases/rumah sakit/rumah sakit - booking not login" status="FAILED">
         <failure type="FAILED" message="Test Cases/rumah sakit/rumah sakit - booking not login FAILED.
Reason:
com.kms.katalon.core.exception.StepFailedException: Unable to wait for page load (Root cause: org.openqa.selenium.TimeoutException: Expected condition failed: waiting for com.kms.katalon.core.webui.keyword.builtin.WaitForPageLoadKeyword$1@73877e19 (tried for 5 second(s) with 500 MILLISECONDS interval)
Build info: version: '3.7.1', revision: '8a0099a', time: '2017-11-06T21:07:36.161Z'
System info: host: 'LAPTOP-FKLO5HNS', ip: '172.22.250.220', os.name: 'Windows 10', os.arch: 'amd64', os.version: '10.0', java.version: '1.8.0_181'
Driver info: com.kms.katalon.selenium.driver.CChromeDriver
Capabilities {acceptInsecureCerts: false, acceptSslCerts: false, applicationCacheEnabled: false, browserConnectionEnabled: false, browserName: chrome, chrome: {chromedriverVersion: 2.43.600210 (68dcf5eebde371..., userDataDir: C:\Users\FELIXY~1\AppData\L...}, cssSelectorsEnabled: true, databaseEnabled: false, goog:chromeOptions: {debuggerAddress: localhost:52595}, handlesAlerts: true, hasTouchScreen: false, javascriptEnabled: true, locationContextEnabled: true, mobileEmulationEnabled: false, nativeEvents: true, networkConnectionEnabled: false, pageLoadStrategy: normal, platform: XP, platformName: XP, rotatable: false, setWindowRect: true, takesHeapSnapshot: true, takesScreenshot: true, unexpectedAlertBehaviour: , unhandledPromptBehavior: , version: 75.0.3770.142, webStorageEnabled: true}
Session ID: ed07a97a6c40ae6cd1dde8d17d04fa42)
	at com.kms.katalon.core.keyword.internal.KeywordMain.stepFailed(KeywordMain.groovy:36)
	at com.kms.katalon.core.webui.keyword.internal.WebUIKeywordMain.stepFailed(WebUIKeywordMain.groovy:65)
	at com.kms.katalon.core.webui.keyword.internal.WebUIKeywordMain.runKeyword(WebUIKeywordMain.groovy:27)
	at com.kms.katalon.core.webui.keyword.builtin.WaitForPageLoadKeyword.waitForPageLoad(WaitForPageLoadKeyword.groovy:72)
	at com.kms.katalon.core.webui.keyword.builtin.WaitForPageLoadKeyword.execute(WaitForPageLoadKeyword.groovy:67)
	at com.kms.katalon.core.keyword.internal.KeywordExecutor.executeKeywordForPlatform(KeywordExecutor.groovy:53)
	at com.kms.katalon.core.webui.keyword.WebUiBuiltInKeywords.waitForPageLoad(WebUiBuiltInKeywords.groovy:2427)
	at com.kms.katalon.core.webui.keyword.WebUiBuiltInKeywords$waitForPageLoad$3.call(Unknown Source)
	at rumah sakit - booking not login.run(rumah sakit - booking not login:22)
	at com.kms.katalon.core.main.ScriptEngine.run(ScriptEngine.java:194)
	at com.kms.katalon.core.main.ScriptEngine.runScriptAsRawText(ScriptEngine.java:119)
	at com.kms.katalon.core.main.TestCaseExecutor.runScript(TestCaseExecutor.java:328)
	at com.kms.katalon.core.main.TestCaseExecutor.doExecute(TestCaseExecutor.java:319)
	at com.kms.katalon.core.main.TestCaseExecutor.processExecutionPhase(TestCaseExecutor.java:298)
	at com.kms.katalon.core.main.TestCaseExecutor.accessMainPhase(TestCaseExecutor.java:290)
	at com.kms.katalon.core.main.TestCaseExecutor.execute(TestCaseExecutor.java:224)
	at com.kms.katalon.core.main.TestSuiteExecutor.accessTestCaseMainPhase(TestSuiteExecutor.java:129)
	at com.kms.katalon.core.main.TestSuiteExecutor.accessTestSuiteMainPhase(TestSuiteExecutor.java:112)
	at com.kms.katalon.core.main.TestSuiteExecutor.execute(TestSuiteExecutor.java:81)
	at com.kms.katalon.core.main.TestCaseMain.startTestSuite(TestCaseMain.java:149)
	at com.kms.katalon.core.main.TestCaseMain$startTestSuite$0.call(Unknown Source)
	at TempTestSuite1564029608888.run(TempTestSuite1564029608888.groovy:36)
"/>
         <system-out><![CDATA[2019-07-25 11:41:50 - [TEST_CASE][FAILED] - Test Cases/rumah sakit/rumah sakit - booking not login: Test Cases/rumah sakit/rumah sakit - booking not login FAILED.
Reason:
com.kms.katalon.core.exception.StepFailedException: Unable to wait for page load (Root cause: org.openqa.selenium.TimeoutException: Expected condition failed: waiting for com.kms.katalon.core.webui.keyword.builtin.WaitForPageLoadKeyword$1@73877e19 (tried for 5 second(s) with 500 MILLISECONDS interval)
Build info: version: '3.7.1', revision: '8a0099a', time: '2017-11-06T21:07:36.161Z'
System info: host: 'LAPTOP-FKLO5HNS', ip: '172.22.250.220', os.name: 'Windows 10', os.arch: 'amd64', os.version: '10.0', java.version: '1.8.0_181'
Driver info: com.kms.katalon.selenium.driver.CChromeDriver
Capabilities {acceptInsecureCerts: false, acceptSslCerts: false, applicationCacheEnabled: false, browserConnectionEnabled: false, browserName: chrome, chrome: {chromedriverVersion: 2.43.600210 (68dcf5eebde371..., userDataDir: C:\Users\FELIXY~1\AppData\L...}, cssSelectorsEnabled: true, databaseEnabled: false, goog:chromeOptions: {debuggerAddress: localhost:52595}, handlesAlerts: true, hasTouchScreen: false, javascriptEnabled: true, locationContextEnabled: true, mobileEmulationEnabled: false, nativeEvents: true, networkConnectionEnabled: false, pageLoadStrategy: normal, platform: XP, platformName: XP, rotatable: false, setWindowRect: true, takesHeapSnapshot: true, takesScreenshot: true, unexpectedAlertBehaviour: , unhandledPromptBehavior: , version: 75.0.3770.142, webStorageEnabled: true}
Session ID: ed07a97a6c40ae6cd1dde8d17d04fa42)
	at com.kms.katalon.core.keyword.internal.KeywordMain.stepFailed(KeywordMain.groovy:36)
	at com.kms.katalon.core.webui.keyword.internal.WebUIKeywordMain.stepFailed(WebUIKeywordMain.groovy:65)
	at com.kms.katalon.core.webui.keyword.internal.WebUIKeywordMain.runKeyword(WebUIKeywordMain.groovy:27)
	at com.kms.katalon.core.webui.keyword.builtin.WaitForPageLoadKeyword.waitForPageLoad(WaitForPageLoadKeyword.groovy:72)
	at com.kms.katalon.core.webui.keyword.builtin.WaitForPageLoadKeyword.execute(WaitForPageLoadKeyword.groovy:67)
	at com.kms.katalon.core.keyword.internal.KeywordExecutor.executeKeywordForPlatform(KeywordExecutor.groovy:53)
	at com.kms.katalon.core.webui.keyword.WebUiBuiltInKeywords.waitForPageLoad(WebUiBuiltInKeywords.groovy:2427)
	at com.kms.katalon.core.webui.keyword.WebUiBuiltInKeywords$waitForPageLoad$3.call(Unknown Source)
	at rumah sakit - booking not login.run(rumah sakit - booking not login:22)
	at com.kms.katalon.core.main.ScriptEngine.run(ScriptEngine.java:194)
	at com.kms.katalon.core.main.ScriptEngine.runScriptAsRawText(ScriptEngine.java:119)
	at com.kms.katalon.core.main.TestCaseExecutor.runScript(TestCaseExecutor.java:328)
	at com.kms.katalon.core.main.TestCaseExecutor.doExecute(TestCaseExecutor.java:319)
	at com.kms.katalon.core.main.TestCaseExecutor.processExecutionPhase(TestCaseExecutor.java:298)
	at com.kms.katalon.core.main.TestCaseExecutor.accessMainPhase(TestCaseExecutor.java:290)
	at com.kms.katalon.core.main.TestCaseExecutor.execute(TestCaseExecutor.java:224)
	at com.kms.katalon.core.main.TestSuiteExecutor.accessTestCaseMainPhase(TestSuiteExecutor.java:129)
	at com.kms.katalon.core.main.TestSuiteExecutor.accessTestSuiteMainPhase(TestSuiteExecutor.java:112)
	at com.kms.katalon.core.main.TestSuiteExecutor.execute(TestSuiteExecutor.java:81)
	at com.kms.katalon.core.main.TestCaseMain.startTestSuite(TestCaseMain.java:149)
	at com.kms.katalon.core.main.TestCaseMain$startTestSuite$0.call(Unknown Source)
	at TempTestSuite1564029608888.run(TempTestSuite1564029608888.groovy:36)


2019-07-25 11:41:50 - [TEST_STEP][PASSED] - openBrowser(""): Browser is opened with url: ''

2019-07-25 11:41:50 - [MESSAGE][INFO] - Starting 'Chrome' driver

2019-07-25 11:41:53 - [MESSAGE][PASSED] - Browser is opened with url: ''

2019-07-25 11:41:53 - [TEST_STEP][PASSED] - maximizeWindow(): Current window maximized

2019-07-25 11:41:54 - [MESSAGE][PASSED] - Current window maximized

2019-07-25 11:41:54 - [TEST_STEP][PASSED] - navigateToUrl(target + "sehatq.com/faskes/rumah-sakit-abdi-waluyo"): Navigate to 'https://www.sehatq.com/faskes/rumah-sakit-abdi-waluyo' successfully

2019-07-25 11:41:56 - [MESSAGE][PASSED] - Navigate to 'https://www.sehatq.com/faskes/rumah-sakit-abdi-waluyo' successfully

2019-07-25 11:41:56 - [TEST_STEP][FAILED] - waitForPageLoad(5): waitForPageLoad(5) FAILED.
Reason:
com.kms.katalon.core.exception.StepFailedException: Unable to wait for page load (Root cause: org.openqa.selenium.TimeoutException: Expected condition failed: waiting for com.kms.katalon.core.webui.keyword.builtin.WaitForPageLoadKeyword$1@73877e19 (tried for 5 second(s) with 500 MILLISECONDS interval)
Build info: version: '3.7.1', revision: '8a0099a', time: '2017-11-06T21:07:36.161Z'
System info: host: 'LAPTOP-FKLO5HNS', ip: '172.22.250.220', os.name: 'Windows 10', os.arch: 'amd64', os.version: '10.0', java.version: '1.8.0_181'
Driver info: com.kms.katalon.selenium.driver.CChromeDriver
Capabilities {acceptInsecureCerts: false, acceptSslCerts: false, applicationCacheEnabled: false, browserConnectionEnabled: false, browserName: chrome, chrome: {chromedriverVersion: 2.43.600210 (68dcf5eebde371..., userDataDir: C:\Users\FELIXY~1\AppData\L...}, cssSelectorsEnabled: true, databaseEnabled: false, goog:chromeOptions: {debuggerAddress: localhost:52595}, handlesAlerts: true, hasTouchScreen: false, javascriptEnabled: true, locationContextEnabled: true, mobileEmulationEnabled: false, nativeEvents: true, networkConnectionEnabled: false, pageLoadStrategy: normal, platform: XP, platformName: XP, rotatable: false, setWindowRect: true, takesHeapSnapshot: true, takesScreenshot: true, unexpectedAlertBehaviour: , unhandledPromptBehavior: , version: 75.0.3770.142, webStorageEnabled: true}
Session ID: ed07a97a6c40ae6cd1dde8d17d04fa42)
	at com.kms.katalon.core.keyword.internal.KeywordMain.stepFailed(KeywordMain.groovy:36)
	at com.kms.katalon.core.webui.keyword.internal.WebUIKeywordMain.stepFailed(WebUIKeywordMain.groovy:65)
	at com.kms.katalon.core.webui.keyword.internal.WebUIKeywordMain.runKeyword(WebUIKeywordMain.groovy:27)
	at com.kms.katalon.core.webui.keyword.builtin.WaitForPageLoadKeyword.waitForPageLoad(WaitForPageLoadKeyword.groovy:72)
	at com.kms.katalon.core.webui.keyword.builtin.WaitForPageLoadKeyword.execute(WaitForPageLoadKeyword.groovy:67)
	at com.kms.katalon.core.keyword.internal.KeywordExecutor.executeKeywordForPlatform(KeywordExecutor.groovy:53)
	at com.kms.katalon.core.webui.keyword.WebUiBuiltInKeywords.waitForPageLoad(WebUiBuiltInKeywords.groovy:2427)
	at com.kms.katalon.core.webui.keyword.WebUiBuiltInKeywords$waitForPageLoad$3.call(Unknown Source)
	at rumah sakit - booking not login.run(rumah sakit - booking not login:22)
	at com.kms.katalon.core.main.ScriptEngine.run(ScriptEngine.java:194)
	at com.kms.katalon.core.main.ScriptEngine.runScriptAsRawText(ScriptEngine.java:119)
	at com.kms.katalon.core.main.TestCaseExecutor.runScript(TestCaseExecutor.java:328)
	at com.kms.katalon.core.main.TestCaseExecutor.doExecute(TestCaseExecutor.java:319)
	at com.kms.katalon.core.main.TestCaseExecutor.processExecutionPhase(TestCaseExecutor.java:298)
	at com.kms.katalon.core.main.TestCaseExecutor.accessMainPhase(TestCaseExecutor.java:290)
	at com.kms.katalon.core.main.TestCaseExecutor.execute(TestCaseExecutor.java:224)
	at com.kms.katalon.core.main.TestSuiteExecutor.accessTestCaseMainPhase(TestSuiteExecutor.java:129)
	at com.kms.katalon.core.main.TestSuiteExecutor.accessTestSuiteMainPhase(TestSuiteExecutor.java:112)
	at com.kms.katalon.core.main.TestSuiteExecutor.execute(TestSuiteExecutor.java:81)
	at com.kms.katalon.core.main.TestCaseMain.startTestSuite(TestCaseMain.java:149)
	at com.kms.katalon.core.main.TestCaseMain$startTestSuite$0.call(Unknown Source)
	at TempTestSuite1564029608888.run(TempTestSuite1564029608888.groovy:36)


2019-07-25 11:42:01 - [MESSAGE][FAILED] - Unable to wait for page load (Root cause: org.openqa.selenium.TimeoutException: Expected condition failed: waiting for com.kms.katalon.core.webui.keyword.builtin.WaitForPageLoadKeyword$1@73877e19 (tried for 5 second(s) with 500 MILLISECONDS interval)
Build info: version: '3.7.1', revision: '8a0099a', time: '2017-11-06T21:07:36.161Z'
System info: host: 'LAPTOP-FKLO5HNS', ip: '172.22.250.220', os.name: 'Windows 10', os.arch: 'amd64', os.version: '10.0', java.version: '1.8.0_181'
Driver info: com.kms.katalon.selenium.driver.CChromeDriver
Capabilities {acceptInsecureCerts: false, acceptSslCerts: false, applicationCacheEnabled: false, browserConnectionEnabled: false, browserName: chrome, chrome: {chromedriverVersion: 2.43.600210 (68dcf5eebde371..., userDataDir: C:\Users\FELIXY~1\AppData\L...}, cssSelectorsEnabled: true, databaseEnabled: false, goog:chromeOptions: {debuggerAddress: localhost:52595}, handlesAlerts: true, hasTouchScreen: false, javascriptEnabled: true, locationContextEnabled: true, mobileEmulationEnabled: false, nativeEvents: true, networkConnectionEnabled: false, pageLoadStrategy: normal, platform: XP, platformName: XP, rotatable: false, setWindowRect: true, takesHeapSnapshot: true, takesScreenshot: true, unexpectedAlertBehaviour: , unhandledPromptBehavior: , version: 75.0.3770.142, webStorageEnabled: true}
Session ID: ed07a97a6c40ae6cd1dde8d17d04fa42)
[[ATTACHMENT|C:\\Users\\Felix Y\\git\\KatalonSehatQ\\Reports\\booking\\20190725_114008\\1564029721288.png]]

2019-07-25 11:42:01 - [MESSAGE][FAILED] - waitForPageLoad(5) FAILED.
Reason:
com.kms.katalon.core.exception.StepFailedException: Unable to wait for page load (Root cause: org.openqa.selenium.TimeoutException: Expected condition failed: waiting for com.kms.katalon.core.webui.keyword.builtin.WaitForPageLoadKeyword$1@73877e19 (tried for 5 second(s) with 500 MILLISECONDS interval)
Build info: version: '3.7.1', revision: '8a0099a', time: '2017-11-06T21:07:36.161Z'
System info: host: 'LAPTOP-FKLO5HNS', ip: '172.22.250.220', os.name: 'Windows 10', os.arch: 'amd64', os.version: '10.0', java.version: '1.8.0_181'
Driver info: com.kms.katalon.selenium.driver.CChromeDriver
Capabilities {acceptInsecureCerts: false, acceptSslCerts: false, applicationCacheEnabled: false, browserConnectionEnabled: false, browserName: chrome, chrome: {chromedriverVersion: 2.43.600210 (68dcf5eebde371..., userDataDir: C:\Users\FELIXY~1\AppData\L...}, cssSelectorsEnabled: true, databaseEnabled: false, goog:chromeOptions: {debuggerAddress: localhost:52595}, handlesAlerts: true, hasTouchScreen: false, javascriptEnabled: true, locationContextEnabled: true, mobileEmulationEnabled: false, nativeEvents: true, networkConnectionEnabled: false, pageLoadStrategy: normal, platform: XP, platformName: XP, rotatable: false, setWindowRect: true, takesHeapSnapshot: true, takesScreenshot: true, unexpectedAlertBehaviour: , unhandledPromptBehavior: , version: 75.0.3770.142, webStorageEnabled: true}
Session ID: ed07a97a6c40ae6cd1dde8d17d04fa42)
	at com.kms.katalon.core.keyword.internal.KeywordMain.stepFailed(KeywordMain.groovy:36)
	at com.kms.katalon.core.webui.keyword.internal.WebUIKeywordMain.stepFailed(WebUIKeywordMain.groovy:65)
	at com.kms.katalon.core.webui.keyword.internal.WebUIKeywordMain.runKeyword(WebUIKeywordMain.groovy:27)
	at com.kms.katalon.core.webui.keyword.builtin.WaitForPageLoadKeyword.waitForPageLoad(WaitForPageLoadKeyword.groovy:72)
	at com.kms.katalon.core.webui.keyword.builtin.WaitForPageLoadKeyword.execute(WaitForPageLoadKeyword.groovy:67)
	at com.kms.katalon.core.keyword.internal.KeywordExecutor.executeKeywordForPlatform(KeywordExecutor.groovy:53)
	at com.kms.katalon.core.webui.keyword.WebUiBuiltInKeywords.waitForPageLoad(WebUiBuiltInKeywords.groovy:2427)
	at com.kms.katalon.core.webui.keyword.WebUiBuiltInKeywords$waitForPageLoad$3.call(Unknown Source)
	at rumah sakit - booking not login.run(rumah sakit - booking not login:22)
	at com.kms.katalon.core.main.ScriptEngine.run(ScriptEngine.java:194)
	at com.kms.katalon.core.main.ScriptEngine.runScriptAsRawText(ScriptEngine.java:119)
	at com.kms.katalon.core.main.TestCaseExecutor.runScript(TestCaseExecutor.java:328)
	at com.kms.katalon.core.main.TestCaseExecutor.doExecute(TestCaseExecutor.java:319)
	at com.kms.katalon.core.main.TestCaseExecutor.processExecutionPhase(TestCaseExecutor.java:298)
	at com.kms.katalon.core.main.TestCaseExecutor.accessMainPhase(TestCaseExecutor.java:290)
	at com.kms.katalon.core.main.TestCaseExecutor.execute(TestCaseExecutor.java:224)
	at com.kms.katalon.core.main.TestSuiteExecutor.accessTestCaseMainPhase(TestSuiteExecutor.java:129)
	at com.kms.katalon.core.main.TestSuiteExecutor.accessTestSuiteMainPhase(TestSuiteExecutor.java:112)
	at com.kms.katalon.core.main.TestSuiteExecutor.execute(TestSuiteExecutor.java:81)
	at com.kms.katalon.core.main.TestCaseMain.startTestSuite(TestCaseMain.java:149)
	at com.kms.katalon.core.main.TestCaseMain$startTestSuite$0.call(Unknown Source)
	at TempTestSuite1564029608888.run(TempTestSuite1564029608888.groovy:36)]]></system-out>
         <system-err><![CDATA[2019-07-25 11:41:50 - [TEST_CASE][FAILED] - Test Cases/rumah sakit/rumah sakit - booking not login: Test Cases/rumah sakit/rumah sakit - booking not login FAILED.
Reason:
com.kms.katalon.core.exception.StepFailedException: Unable to wait for page load (Root cause: org.openqa.selenium.TimeoutException: Expected condition failed: waiting for com.kms.katalon.core.webui.keyword.builtin.WaitForPageLoadKeyword$1@73877e19 (tried for 5 second(s) with 500 MILLISECONDS interval)
Build info: version: '3.7.1', revision: '8a0099a', time: '2017-11-06T21:07:36.161Z'
System info: host: 'LAPTOP-FKLO5HNS', ip: '172.22.250.220', os.name: 'Windows 10', os.arch: 'amd64', os.version: '10.0', java.version: '1.8.0_181'
Driver info: com.kms.katalon.selenium.driver.CChromeDriver
Capabilities {acceptInsecureCerts: false, acceptSslCerts: false, applicationCacheEnabled: false, browserConnectionEnabled: false, browserName: chrome, chrome: {chromedriverVersion: 2.43.600210 (68dcf5eebde371..., userDataDir: C:\Users\FELIXY~1\AppData\L...}, cssSelectorsEnabled: true, databaseEnabled: false, goog:chromeOptions: {debuggerAddress: localhost:52595}, handlesAlerts: true, hasTouchScreen: false, javascriptEnabled: true, locationContextEnabled: true, mobileEmulationEnabled: false, nativeEvents: true, networkConnectionEnabled: false, pageLoadStrategy: normal, platform: XP, platformName: XP, rotatable: false, setWindowRect: true, takesHeapSnapshot: true, takesScreenshot: true, unexpectedAlertBehaviour: , unhandledPromptBehavior: , version: 75.0.3770.142, webStorageEnabled: true}
Session ID: ed07a97a6c40ae6cd1dde8d17d04fa42)
	at com.kms.katalon.core.keyword.internal.KeywordMain.stepFailed(KeywordMain.groovy:36)
	at com.kms.katalon.core.webui.keyword.internal.WebUIKeywordMain.stepFailed(WebUIKeywordMain.groovy:65)
	at com.kms.katalon.core.webui.keyword.internal.WebUIKeywordMain.runKeyword(WebUIKeywordMain.groovy:27)
	at com.kms.katalon.core.webui.keyword.builtin.WaitForPageLoadKeyword.waitForPageLoad(WaitForPageLoadKeyword.groovy:72)
	at com.kms.katalon.core.webui.keyword.builtin.WaitForPageLoadKeyword.execute(WaitForPageLoadKeyword.groovy:67)
	at com.kms.katalon.core.keyword.internal.KeywordExecutor.executeKeywordForPlatform(KeywordExecutor.groovy:53)
	at com.kms.katalon.core.webui.keyword.WebUiBuiltInKeywords.waitForPageLoad(WebUiBuiltInKeywords.groovy:2427)
	at com.kms.katalon.core.webui.keyword.WebUiBuiltInKeywords$waitForPageLoad$3.call(Unknown Source)
	at rumah sakit - booking not login.run(rumah sakit - booking not login:22)
	at com.kms.katalon.core.main.ScriptEngine.run(ScriptEngine.java:194)
	at com.kms.katalon.core.main.ScriptEngine.runScriptAsRawText(ScriptEngine.java:119)
	at com.kms.katalon.core.main.TestCaseExecutor.runScript(TestCaseExecutor.java:328)
	at com.kms.katalon.core.main.TestCaseExecutor.doExecute(TestCaseExecutor.java:319)
	at com.kms.katalon.core.main.TestCaseExecutor.processExecutionPhase(TestCaseExecutor.java:298)
	at com.kms.katalon.core.main.TestCaseExecutor.accessMainPhase(TestCaseExecutor.java:290)
	at com.kms.katalon.core.main.TestCaseExecutor.execute(TestCaseExecutor.java:224)
	at com.kms.katalon.core.main.TestSuiteExecutor.accessTestCaseMainPhase(TestSuiteExecutor.java:129)
	at com.kms.katalon.core.main.TestSuiteExecutor.accessTestSuiteMainPhase(TestSuiteExecutor.java:112)
	at com.kms.katalon.core.main.TestSuiteExecutor.execute(TestSuiteExecutor.java:81)
	at com.kms.katalon.core.main.TestCaseMain.startTestSuite(TestCaseMain.java:149)
	at com.kms.katalon.core.main.TestCaseMain$startTestSuite$0.call(Unknown Source)
	at TempTestSuite1564029608888.run(TempTestSuite1564029608888.groovy:36)]]></system-err>
      </testcase>
      <testcase name="Test Cases/rumah sakit/rumah sakit - booking logged in" classname="Test Cases/rumah sakit/rumah sakit - booking logged in" status="FAILED">
         <failure type="FAILED" message="Test Cases/rumah sakit/rumah sakit - booking logged in FAILED.
Reason:
com.kms.katalon.core.exception.StepFailedException: Unable to verify object 'Object Repository/rumah sakit/booking logged in/div_Buat Janji Dokter' is present (Root cause: com.kms.katalon.core.exception.StepFailedException: com.kms.katalon.core.webui.exception.WebElementNotFoundException: Web element with id: 'Object Repository/rumah sakit/booking logged in/div_Buat Janji Dokter' located by 'By.xpath: id(&quot;pageBookingDoctor&quot;)/section[@class=&quot;booking-doctor&quot;]/div[@class=&quot;container&quot;]/div[@class=&quot;row&quot;]/div[@class=&quot;col-lg-4 col-md-5 js-stickySidebar mb-md-0 mb-5&quot;]/div[@class=&quot;theiaStickySidebar&quot;]/div[@class=&quot;booking-label&quot;][count(. | //div[@class = 'booking-label' and (text() = 'Buat Janji Dokter' or . = 'Buat Janji Dokter')]) = count(//div[@class = 'booking-label' and (text() = 'Buat Janji Dokter' or . = 'Buat Janji Dokter')])]' not found)
	at com.kms.katalon.core.keyword.internal.KeywordMain.stepFailed(KeywordMain.groovy:36)
	at com.kms.katalon.core.webui.keyword.internal.WebUIKeywordMain.stepFailed(WebUIKeywordMain.groovy:65)
	at com.kms.katalon.core.webui.keyword.internal.WebUIKeywordMain.runKeyword(WebUIKeywordMain.groovy:27)
	at com.kms.katalon.core.webui.keyword.builtin.VerifyElementPresentKeyword.verifyElementPresent(VerifyElementPresentKeyword.groovy:92)
	at com.kms.katalon.core.webui.keyword.builtin.VerifyElementPresentKeyword.execute(VerifyElementPresentKeyword.groovy:68)
	at com.kms.katalon.core.keyword.internal.KeywordExecutor.executeKeywordForPlatform(KeywordExecutor.groovy:53)
	at com.kms.katalon.core.webui.keyword.WebUiBuiltInKeywords.verifyElementPresent(WebUiBuiltInKeywords.groovy:1434)
	at com.kms.katalon.core.webui.keyword.WebUiBuiltInKeywords$verifyElementPresent$8.call(Unknown Source)
	at rumah sakit - booking logged in.run(rumah sakit - booking logged in:59)
	at com.kms.katalon.core.main.ScriptEngine.run(ScriptEngine.java:194)
	at com.kms.katalon.core.main.ScriptEngine.runScriptAsRawText(ScriptEngine.java:119)
	at com.kms.katalon.core.main.TestCaseExecutor.runScript(TestCaseExecutor.java:328)
	at com.kms.katalon.core.main.TestCaseExecutor.doExecute(TestCaseExecutor.java:319)
	at com.kms.katalon.core.main.TestCaseExecutor.processExecutionPhase(TestCaseExecutor.java:298)
	at com.kms.katalon.core.main.TestCaseExecutor.accessMainPhase(TestCaseExecutor.java:290)
	at com.kms.katalon.core.main.TestCaseExecutor.execute(TestCaseExecutor.java:224)
	at com.kms.katalon.core.main.TestSuiteExecutor.accessTestCaseMainPhase(TestSuiteExecutor.java:129)
	at com.kms.katalon.core.main.TestSuiteExecutor.accessTestSuiteMainPhase(TestSuiteExecutor.java:112)
	at com.kms.katalon.core.main.TestSuiteExecutor.execute(TestSuiteExecutor.java:81)
	at com.kms.katalon.core.main.TestCaseMain.startTestSuite(TestCaseMain.java:149)
	at com.kms.katalon.core.main.TestCaseMain$startTestSuite$0.call(Unknown Source)
	at TempTestSuite1564029608888.run(TempTestSuite1564029608888.groovy:36)
"/>
         <system-out><![CDATA[2019-07-25 11:42:01 - [TEST_CASE][FAILED] - Test Cases/rumah sakit/rumah sakit - booking logged in: Test Cases/rumah sakit/rumah sakit - booking logged in FAILED.
Reason:
com.kms.katalon.core.exception.StepFailedException: Unable to verify object 'Object Repository/rumah sakit/booking logged in/div_Buat Janji Dokter' is present (Root cause: com.kms.katalon.core.exception.StepFailedException: com.kms.katalon.core.webui.exception.WebElementNotFoundException: Web element with id: 'Object Repository/rumah sakit/booking logged in/div_Buat Janji Dokter' located by 'By.xpath: id("pageBookingDoctor")/section[@class="booking-doctor"]/div[@class="container"]/div[@class="row"]/div[@class="col-lg-4 col-md-5 js-stickySidebar mb-md-0 mb-5"]/div[@class="theiaStickySidebar"]/div[@class="booking-label"][count(. | //div[@class = 'booking-label' and (text() = 'Buat Janji Dokter' or . = 'Buat Janji Dokter')]) = count(//div[@class = 'booking-label' and (text() = 'Buat Janji Dokter' or . = 'Buat Janji Dokter')])]' not found)
	at com.kms.katalon.core.keyword.internal.KeywordMain.stepFailed(KeywordMain.groovy:36)
	at com.kms.katalon.core.webui.keyword.internal.WebUIKeywordMain.stepFailed(WebUIKeywordMain.groovy:65)
	at com.kms.katalon.core.webui.keyword.internal.WebUIKeywordMain.runKeyword(WebUIKeywordMain.groovy:27)
	at com.kms.katalon.core.webui.keyword.builtin.VerifyElementPresentKeyword.verifyElementPresent(VerifyElementPresentKeyword.groovy:92)
	at com.kms.katalon.core.webui.keyword.builtin.VerifyElementPresentKeyword.execute(VerifyElementPresentKeyword.groovy:68)
	at com.kms.katalon.core.keyword.internal.KeywordExecutor.executeKeywordForPlatform(KeywordExecutor.groovy:53)
	at com.kms.katalon.core.webui.keyword.WebUiBuiltInKeywords.verifyElementPresent(WebUiBuiltInKeywords.groovy:1434)
	at com.kms.katalon.core.webui.keyword.WebUiBuiltInKeywords$verifyElementPresent$8.call(Unknown Source)
	at rumah sakit - booking logged in.run(rumah sakit - booking logged in:59)
	at com.kms.katalon.core.main.ScriptEngine.run(ScriptEngine.java:194)
	at com.kms.katalon.core.main.ScriptEngine.runScriptAsRawText(ScriptEngine.java:119)
	at com.kms.katalon.core.main.TestCaseExecutor.runScript(TestCaseExecutor.java:328)
	at com.kms.katalon.core.main.TestCaseExecutor.doExecute(TestCaseExecutor.java:319)
	at com.kms.katalon.core.main.TestCaseExecutor.processExecutionPhase(TestCaseExecutor.java:298)
	at com.kms.katalon.core.main.TestCaseExecutor.accessMainPhase(TestCaseExecutor.java:290)
	at com.kms.katalon.core.main.TestCaseExecutor.execute(TestCaseExecutor.java:224)
	at com.kms.katalon.core.main.TestSuiteExecutor.accessTestCaseMainPhase(TestSuiteExecutor.java:129)
	at com.kms.katalon.core.main.TestSuiteExecutor.accessTestSuiteMainPhase(TestSuiteExecutor.java:112)
	at com.kms.katalon.core.main.TestSuiteExecutor.execute(TestSuiteExecutor.java:81)
	at com.kms.katalon.core.main.TestCaseMain.startTestSuite(TestCaseMain.java:149)
	at com.kms.katalon.core.main.TestCaseMain$startTestSuite$0.call(Unknown Source)
	at TempTestSuite1564029608888.run(TempTestSuite1564029608888.groovy:36)


2019-07-25 11:42:01 - [TEST_STEP][PASSED] - openBrowser(""): Browser is opened with url: ''

2019-07-25 11:42:01 - [MESSAGE][WARNING] - A browser is already opened. Closing browser and opening a new one

2019-07-25 11:42:02 - [MESSAGE][INFO] - Starting 'Chrome' driver

2019-07-25 11:42:04 - [MESSAGE][PASSED] - Browser is opened with url: ''

2019-07-25 11:42:04 - [TEST_STEP][PASSED] - maximizeWindow(): Current window maximized

2019-07-25 11:42:06 - [MESSAGE][PASSED] - Current window maximized

2019-07-25 11:42:06 - [TEST_STEP][PASSED] - navigateToUrl(target + "sehatq.com/faskes/rumah-sakit-abdi-waluyo"): Navigate to 'https://www.sehatq.com/faskes/rumah-sakit-abdi-waluyo' successfully

2019-07-25 11:42:07 - [MESSAGE][PASSED] - Navigate to 'https://www.sehatq.com/faskes/rumah-sakit-abdi-waluyo' successfully

2019-07-25 11:42:07 - [TEST_STEP][PASSED] - waitForPageLoad(5): Wait for page load successfully

2019-07-25 11:42:09 - [MESSAGE][PASSED] - Wait for page load successfully

2019-07-25 11:42:09 - [TEST_STEP][PASSED] - click(findTestObject("rumah sakit/booking logged in/button_Login  Daftar Baru")): Object: 'Object Repository/rumah sakit/booking logged in/button_Login  Daftar Baru' is clicked on

2019-07-25 11:42:10 - [MESSAGE][PASSED] - Object: 'Object Repository/rumah sakit/booking logged in/button_Login  Daftar Baru' is clicked on

2019-07-25 11:42:10 - [TEST_STEP][PASSED] - waitForElementVisible(findTestObject("rumah sakit/booking logged in/input_Alamat E-Mail_email"), 5): Object 'Object Repository/rumah sakit/booking logged in/input_Alamat E-Mail_email' is visible

2019-07-25 11:42:10 - [MESSAGE][PASSED] - Object 'Object Repository/rumah sakit/booking logged in/input_Alamat E-Mail_email' is visible

2019-07-25 11:42:10 - [TEST_STEP][PASSED] - setText(findTestObject("rumah sakit/booking logged in/input_Alamat E-Mail_email"), "kuning@color.com"): Text 'kuning@color.com' is set on object 'Object Repository/rumah sakit/booking logged in/input_Alamat E-Mail_email'

2019-07-25 11:42:11 - [MESSAGE][PASSED] - Text 'kuning@color.com' is set on object 'Object Repository/rumah sakit/booking logged in/input_Alamat E-Mail_email'

2019-07-25 11:42:11 - [TEST_STEP][PASSED] - setEncryptedText(findTestObject("rumah sakit/booking logged in/input_Kata Sandi_password"), "VU1orW/zbPOwxjV+uFYKbg=="): Text ****** has been set on object 'Object Repository/rumah sakit/booking logged in/input_Kata Sandi_password'

2019-07-25 11:42:11 - [MESSAGE][PASSED] - Text ****** has been set on object 'Object Repository/rumah sakit/booking logged in/input_Kata Sandi_password'

2019-07-25 11:42:11 - [TEST_STEP][PASSED] - click(findTestObject("rumah sakit/booking logged in/button_Masuk")): Object: 'Object Repository/rumah sakit/booking logged in/button_Masuk' is clicked on

2019-07-25 11:42:11 - [MESSAGE][PASSED] - Object: 'Object Repository/rumah sakit/booking logged in/button_Masuk' is clicked on

2019-07-25 11:42:11 - [TEST_STEP][PASSED] - delay(3): Delayed 3 second(s)

2019-07-25 11:42:14 - [MESSAGE][PASSED] - Delayed 3 second(s)

2019-07-25 11:42:14 - [TEST_STEP][PASSED] - scrollToElement(findTestObject("rumah sakit/booking not login/div_Kandungan"), 5): Scroll to object 'Object Repository/rumah sakit/booking not login/div_Kandungan' successfully

2019-07-25 11:42:14 - [MESSAGE][PASSED] - Scroll to object 'Object Repository/rumah sakit/booking not login/div_Kandungan' successfully

2019-07-25 11:42:14 - [TEST_STEP][PASSED] - click(findTestObject("rumah sakit/booking not login/div_Kandungan")): Object: 'Object Repository/rumah sakit/booking not login/div_Kandungan' is clicked on

2019-07-25 11:42:15 - [MESSAGE][PASSED] - Object: 'Object Repository/rumah sakit/booking not login/div_Kandungan' is clicked on

2019-07-25 11:42:15 - [TEST_STEP][PASSED] - while (verifyElementPresent(findTestObject("rumah sakit/booking logged in/dokter section header 2"), 5, OPTIONAL) == true): null

2019-07-25 11:42:15 - [MESSAGE][PASSED] - Object 'Object Repository/rumah sakit/booking logged in/dokter section header 2' is present

2019-07-25 11:42:15 - [TEST_STEP][PASSED] - a = "/html/body/div[1]/main/div[1]/section[2]/div[2]/div/div/div[1]/div/div[2]/div/div[2]/div/div/div/div[2]/div/div/div[2]/div[3]/div[" + counter + "]/div[3]/a": null

2019-07-25 11:42:15 - [TEST_STEP][PASSED] - schedulebooking = TestObject().addProperty("xpath", EQUALS, a, true): null

2019-07-25 11:42:15 - [TEST_STEP][PASSED] - if (verifyElementClickable(schedulebooking, OPTIONAL) == true): Web element with id: '' located by 'By.xpath: /html/body/div[1]/main/div[1]/section[2]/div[2]/div/div/div[1]/div/div[2]/div/div[2]/div/div/div/div[2]/div/div/div[2]/div[3]/div[1]/div[3]/a' not found

2019-07-25 11:42:26 - [MESSAGE][INFO] - Unable to find the element located by 'By.xpath: /html/body/div[1]/main/div[1]/section[2]/div[2]/div/div/div[1]/div/div[2]/div/div[2]/div/div/div/div[2]/div/div/div[2]/div[3]/div[1]/div[3]/a'. Please recheck the objects properties to make sure the desired element is located. 

2019-07-25 11:42:27 - [MESSAGE][WARNING] - Web element with id: '' located by 'By.xpath: /html/body/div[1]/main/div[1]/section[2]/div[2]/div/div/div[1]/div/div[2]/div/div[2]/div/div/div/div[2]/div/div/div[2]/div[3]/div[1]/div[3]/a' not found
[[ATTACHMENT|C:\\Users\\Felix Y\\git\\KatalonSehatQ\\Reports\\booking\\20190725_114008\\1564029746654.png]]

2019-07-25 11:42:27 - [TEST_STEP][PASSED] - else if (counter != 8): Object 'Object Repository/rumah sakit/booking logged in/dokter section header 2' is present

2019-07-25 11:42:27 - [TEST_STEP][PASSED] - (internal.GlobalVariable.counter++): Object 'Object Repository/rumah sakit/booking logged in/dokter section header 2' is present

2019-07-25 11:42:27 - [MESSAGE][PASSED] - Object 'Object Repository/rumah sakit/booking logged in/dokter section header 2' is present

2019-07-25 11:42:27 - [TEST_STEP][PASSED] - a = "/html/body/div[1]/main/div[1]/section[2]/div[2]/div/div/div[1]/div/div[2]/div/div[2]/div/div/div/div[2]/div/div/div[2]/div[3]/div[" + counter + "]/div[3]/a": null

2019-07-25 11:42:27 - [TEST_STEP][PASSED] - schedulebooking = TestObject().addProperty("xpath", EQUALS, a, true): null

2019-07-25 11:42:27 - [TEST_STEP][PASSED] - if (verifyElementClickable(schedulebooking, OPTIONAL) == true): Web element with id: '' located by 'By.xpath: /html/body/div[1]/main/div[1]/section[2]/div[2]/div/div/div[1]/div/div[2]/div/div[2]/div/div/div/div[2]/div/div/div[2]/div[3]/div[2]/div[3]/a' not found

2019-07-25 11:42:37 - [MESSAGE][INFO] - Unable to find the element located by 'By.xpath: /html/body/div[1]/main/div[1]/section[2]/div[2]/div/div/div[1]/div/div[2]/div/div[2]/div/div/div/div[2]/div/div/div[2]/div[3]/div[2]/div[3]/a'. Please recheck the objects properties to make sure the desired element is located. 

2019-07-25 11:42:38 - [MESSAGE][WARNING] - Web element with id: '' located by 'By.xpath: /html/body/div[1]/main/div[1]/section[2]/div[2]/div/div/div[1]/div/div[2]/div/div[2]/div/div/div/div[2]/div/div/div[2]/div[3]/div[2]/div[3]/a' not found
[[ATTACHMENT|C:\\Users\\Felix Y\\git\\KatalonSehatQ\\Reports\\booking\\20190725_114008\\1564029757728.png]]

2019-07-25 11:42:38 - [TEST_STEP][PASSED] - else if (counter != 8): Object 'Object Repository/rumah sakit/booking logged in/dokter section header 2' is present

2019-07-25 11:42:38 - [TEST_STEP][PASSED] - (internal.GlobalVariable.counter++): Object 'Object Repository/rumah sakit/booking logged in/dokter section header 2' is present

2019-07-25 11:42:38 - [MESSAGE][PASSED] - Object 'Object Repository/rumah sakit/booking logged in/dokter section header 2' is present

2019-07-25 11:42:38 - [TEST_STEP][PASSED] - a = "/html/body/div[1]/main/div[1]/section[2]/div[2]/div/div/div[1]/div/div[2]/div/div[2]/div/div/div/div[2]/div/div/div[2]/div[3]/div[" + counter + "]/div[3]/a": null

2019-07-25 11:42:38 - [TEST_STEP][PASSED] - schedulebooking = TestObject().addProperty("xpath", EQUALS, a, true): null

2019-07-25 11:42:38 - [TEST_STEP][PASSED] - if (verifyElementClickable(schedulebooking, OPTIONAL) == true): Web element with id: '' located by 'By.xpath: /html/body/div[1]/main/div[1]/section[2]/div[2]/div/div/div[1]/div/div[2]/div/div[2]/div/div/div/div[2]/div/div/div[2]/div[3]/div[3]/div[3]/a' not found

2019-07-25 11:42:48 - [MESSAGE][INFO] - Unable to find the element located by 'By.xpath: /html/body/div[1]/main/div[1]/section[2]/div[2]/div/div/div[1]/div/div[2]/div/div[2]/div/div/div/div[2]/div/div/div[2]/div[3]/div[3]/div[3]/a'. Please recheck the objects properties to make sure the desired element is located. 

2019-07-25 11:42:49 - [MESSAGE][WARNING] - Web element with id: '' located by 'By.xpath: /html/body/div[1]/main/div[1]/section[2]/div[2]/div/div/div[1]/div/div[2]/div/div[2]/div/div/div/div[2]/div/div/div[2]/div[3]/div[3]/div[3]/a' not found
[[ATTACHMENT|C:\\Users\\Felix Y\\git\\KatalonSehatQ\\Reports\\booking\\20190725_114008\\1564029768775.png]]

2019-07-25 11:42:49 - [TEST_STEP][PASSED] - else if (counter != 8): Object 'Object Repository/rumah sakit/booking logged in/dokter section header 2' is present

2019-07-25 11:42:49 - [TEST_STEP][PASSED] - (internal.GlobalVariable.counter++): Object 'Object Repository/rumah sakit/booking logged in/dokter section header 2' is present

2019-07-25 11:42:49 - [MESSAGE][PASSED] - Object 'Object Repository/rumah sakit/booking logged in/dokter section header 2' is present

2019-07-25 11:42:49 - [TEST_STEP][PASSED] - a = "/html/body/div[1]/main/div[1]/section[2]/div[2]/div/div/div[1]/div/div[2]/div/div[2]/div/div/div/div[2]/div/div/div[2]/div[3]/div[" + counter + "]/div[3]/a": null

2019-07-25 11:42:49 - [TEST_STEP][PASSED] - schedulebooking = TestObject().addProperty("xpath", EQUALS, a, true): null

2019-07-25 11:42:49 - [TEST_STEP][PASSED] - if (verifyElementClickable(schedulebooking, OPTIONAL) == true): Web element with id: '' located by 'By.xpath: /html/body/div[1]/main/div[1]/section[2]/div[2]/div/div/div[1]/div/div[2]/div/div[2]/div/div/div/div[2]/div/div/div[2]/div[3]/div[4]/div[3]/a' not found

2019-07-25 11:42:59 - [MESSAGE][INFO] - Unable to find the element located by 'By.xpath: /html/body/div[1]/main/div[1]/section[2]/div[2]/div/div/div[1]/div/div[2]/div/div[2]/div/div/div/div[2]/div/div/div[2]/div[3]/div[4]/div[3]/a'. Please recheck the objects properties to make sure the desired element is located. 

2019-07-25 11:43:00 - [MESSAGE][WARNING] - Web element with id: '' located by 'By.xpath: /html/body/div[1]/main/div[1]/section[2]/div[2]/div/div/div[1]/div/div[2]/div/div[2]/div/div/div/div[2]/div/div/div[2]/div[3]/div[4]/div[3]/a' not found
[[ATTACHMENT|C:\\Users\\Felix Y\\git\\KatalonSehatQ\\Reports\\booking\\20190725_114008\\1564029779751.png]]

2019-07-25 11:43:00 - [TEST_STEP][PASSED] - else if (counter != 8): Object 'Object Repository/rumah sakit/booking logged in/dokter section header 2' is present

2019-07-25 11:43:00 - [TEST_STEP][PASSED] - (internal.GlobalVariable.counter++): Object 'Object Repository/rumah sakit/booking logged in/dokter section header 2' is present

2019-07-25 11:43:00 - [MESSAGE][PASSED] - Object 'Object Repository/rumah sakit/booking logged in/dokter section header 2' is present

2019-07-25 11:43:00 - [TEST_STEP][PASSED] - a = "/html/body/div[1]/main/div[1]/section[2]/div[2]/div/div/div[1]/div/div[2]/div/div[2]/div/div/div/div[2]/div/div/div[2]/div[3]/div[" + counter + "]/div[3]/a": null

2019-07-25 11:43:00 - [TEST_STEP][PASSED] - schedulebooking = TestObject().addProperty("xpath", EQUALS, a, true): null

2019-07-25 11:43:00 - [TEST_STEP][PASSED] - if (verifyElementClickable(schedulebooking, OPTIONAL) == true): Web element with id: '' located by 'By.xpath: /html/body/div[1]/main/div[1]/section[2]/div[2]/div/div/div[1]/div/div[2]/div/div[2]/div/div/div/div[2]/div/div/div[2]/div[3]/div[5]/div[3]/a' not found

2019-07-25 11:43:10 - [MESSAGE][INFO] - Unable to find the element located by 'By.xpath: /html/body/div[1]/main/div[1]/section[2]/div[2]/div/div/div[1]/div/div[2]/div/div[2]/div/div/div/div[2]/div/div/div[2]/div[3]/div[5]/div[3]/a'. Please recheck the objects properties to make sure the desired element is located. 

2019-07-25 11:43:11 - [MESSAGE][WARNING] - Web element with id: '' located by 'By.xpath: /html/body/div[1]/main/div[1]/section[2]/div[2]/div/div/div[1]/div/div[2]/div/div[2]/div/div/div/div[2]/div/div/div[2]/div[3]/div[5]/div[3]/a' not found
[[ATTACHMENT|C:\\Users\\Felix Y\\git\\KatalonSehatQ\\Reports\\booking\\20190725_114008\\1564029790714.png]]

2019-07-25 11:43:11 - [TEST_STEP][PASSED] - else if (counter != 8): Object 'Object Repository/rumah sakit/booking logged in/dokter section header 2' is present

2019-07-25 11:43:11 - [TEST_STEP][PASSED] - (internal.GlobalVariable.counter++): Object 'Object Repository/rumah sakit/booking logged in/dokter section header 2' is present

2019-07-25 11:43:11 - [MESSAGE][PASSED] - Object 'Object Repository/rumah sakit/booking logged in/dokter section header 2' is present

2019-07-25 11:43:11 - [TEST_STEP][PASSED] - a = "/html/body/div[1]/main/div[1]/section[2]/div[2]/div/div/div[1]/div/div[2]/div/div[2]/div/div/div/div[2]/div/div/div[2]/div[3]/div[" + counter + "]/div[3]/a": null

2019-07-25 11:43:11 - [TEST_STEP][PASSED] - schedulebooking = TestObject().addProperty("xpath", EQUALS, a, true): null

2019-07-25 11:43:11 - [TEST_STEP][PASSED] - if (verifyElementClickable(schedulebooking, OPTIONAL) == true): Web element with id: '' located by 'By.xpath: /html/body/div[1]/main/div[1]/section[2]/div[2]/div/div/div[1]/div/div[2]/div/div[2]/div/div/div/div[2]/div/div/div[2]/div[3]/div[6]/div[3]/a' not found

2019-07-25 11:43:21 - [MESSAGE][INFO] - Unable to find the element located by 'By.xpath: /html/body/div[1]/main/div[1]/section[2]/div[2]/div/div/div[1]/div/div[2]/div/div[2]/div/div/div/div[2]/div/div/div[2]/div[3]/div[6]/div[3]/a'. Please recheck the objects properties to make sure the desired element is located. 

2019-07-25 11:43:22 - [MESSAGE][WARNING] - Web element with id: '' located by 'By.xpath: /html/body/div[1]/main/div[1]/section[2]/div[2]/div/div/div[1]/div/div[2]/div/div[2]/div/div/div/div[2]/div/div/div[2]/div[3]/div[6]/div[3]/a' not found
[[ATTACHMENT|C:\\Users\\Felix Y\\git\\KatalonSehatQ\\Reports\\booking\\20190725_114008\\1564029801737.png]]

2019-07-25 11:43:22 - [TEST_STEP][PASSED] - else if (counter != 8): Object 'Object Repository/rumah sakit/booking logged in/dokter section header 2' is present

2019-07-25 11:43:22 - [TEST_STEP][PASSED] - (internal.GlobalVariable.counter++): Object 'Object Repository/rumah sakit/booking logged in/dokter section header 2' is present

2019-07-25 11:43:22 - [MESSAGE][PASSED] - Object 'Object Repository/rumah sakit/booking logged in/dokter section header 2' is present

2019-07-25 11:43:22 - [TEST_STEP][PASSED] - a = "/html/body/div[1]/main/div[1]/section[2]/div[2]/div/div/div[1]/div/div[2]/div/div[2]/div/div/div/div[2]/div/div/div[2]/div[3]/div[" + counter + "]/div[3]/a": null

2019-07-25 11:43:22 - [TEST_STEP][PASSED] - schedulebooking = TestObject().addProperty("xpath", EQUALS, a, true): null

2019-07-25 11:43:22 - [TEST_STEP][PASSED] - if (verifyElementClickable(schedulebooking, OPTIONAL) == true): Web element with id: '' located by 'By.xpath: /html/body/div[1]/main/div[1]/section[2]/div[2]/div/div/div[1]/div/div[2]/div/div[2]/div/div/div/div[2]/div/div/div[2]/div[3]/div[7]/div[3]/a' not found

2019-07-25 11:43:32 - [MESSAGE][INFO] - Unable to find the element located by 'By.xpath: /html/body/div[1]/main/div[1]/section[2]/div[2]/div/div/div[1]/div/div[2]/div/div[2]/div/div/div/div[2]/div/div/div[2]/div[3]/div[7]/div[3]/a'. Please recheck the objects properties to make sure the desired element is located. 

2019-07-25 11:43:33 - [MESSAGE][WARNING] - Web element with id: '' located by 'By.xpath: /html/body/div[1]/main/div[1]/section[2]/div[2]/div/div/div[1]/div/div[2]/div/div[2]/div/div/div/div[2]/div/div/div[2]/div[3]/div[7]/div[3]/a' not found
[[ATTACHMENT|C:\\Users\\Felix Y\\git\\KatalonSehatQ\\Reports\\booking\\20190725_114008\\1564029812764.png]]

2019-07-25 11:43:33 - [TEST_STEP][PASSED] - else if (counter != 8): Object 'Object Repository/rumah sakit/booking logged in/dokter section header 2' is present

2019-07-25 11:43:33 - [TEST_STEP][PASSED] - (internal.GlobalVariable.counter++): Object 'Object Repository/rumah sakit/booking logged in/dokter section header 2' is present

2019-07-25 11:43:33 - [MESSAGE][PASSED] - Object 'Object Repository/rumah sakit/booking logged in/dokter section header 2' is present

2019-07-25 11:43:33 - [TEST_STEP][PASSED] - a = "/html/body/div[1]/main/div[1]/section[2]/div[2]/div/div/div[1]/div/div[2]/div/div[2]/div/div/div/div[2]/div/div/div[2]/div[3]/div[" + counter + "]/div[3]/a": null

2019-07-25 11:43:33 - [TEST_STEP][PASSED] - schedulebooking = TestObject().addProperty("xpath", EQUALS, a, true): null

2019-07-25 11:43:33 - [TEST_STEP][PASSED] - if (verifyElementClickable(schedulebooking, OPTIONAL) == true): Web element with id: '' located by 'By.xpath: /html/body/div[1]/main/div[1]/section[2]/div[2]/div/div/div[1]/div/div[2]/div/div[2]/div/div/div/div[2]/div/div/div[2]/div[3]/div[8]/div[3]/a' not found

2019-07-25 11:43:43 - [MESSAGE][INFO] - Unable to find the element located by 'By.xpath: /html/body/div[1]/main/div[1]/section[2]/div[2]/div/div/div[1]/div/div[2]/div/div[2]/div/div/div/div[2]/div/div/div[2]/div[3]/div[8]/div[3]/a'. Please recheck the objects properties to make sure the desired element is located. 

2019-07-25 11:43:44 - [MESSAGE][WARNING] - Web element with id: '' located by 'By.xpath: /html/body/div[1]/main/div[1]/section[2]/div[2]/div/div/div[1]/div/div[2]/div/div[2]/div/div/div/div[2]/div/div/div[2]/div[3]/div[8]/div[3]/a' not found
[[ATTACHMENT|C:\\Users\\Felix Y\\git\\KatalonSehatQ\\Reports\\booking\\20190725_114008\\1564029823947.png]]

2019-07-25 11:43:44 - [TEST_STEP][PASSED] - else if (counter != 8): null

2019-07-25 11:43:44 - [TEST_STEP][PASSED] - else: null

2019-07-25 11:43:44 - [TEST_STEP][PASSED] - break: null

2019-07-25 11:43:44 - [TEST_STEP][PASSED] - waitForPageLoad(5): Wait for page load successfully

2019-07-25 11:43:44 - [MESSAGE][PASSED] - Wait for page load successfully

2019-07-25 11:43:44 - [TEST_STEP][FAILED] - verifyElementPresent(findTestObject("rumah sakit/booking logged in/div_Buat Janji Dokter"), 5): verifyElementPresent(findTestObject("rumah sakit/booking logged in/div_Buat Janji Dokter"), 5) FAILED.
Reason:
com.kms.katalon.core.exception.StepFailedException: Unable to verify object 'Object Repository/rumah sakit/booking logged in/div_Buat Janji Dokter' is present (Root cause: com.kms.katalon.core.exception.StepFailedException: com.kms.katalon.core.webui.exception.WebElementNotFoundException: Web element with id: 'Object Repository/rumah sakit/booking logged in/div_Buat Janji Dokter' located by 'By.xpath: id("pageBookingDoctor")/section[@class="booking-doctor"]/div[@class="container"]/div[@class="row"]/div[@class="col-lg-4 col-md-5 js-stickySidebar mb-md-0 mb-5"]/div[@class="theiaStickySidebar"]/div[@class="booking-label"][count(. | //div[@class = 'booking-label' and (text() = 'Buat Janji Dokter' or . = 'Buat Janji Dokter')]) = count(//div[@class = 'booking-label' and (text() = 'Buat Janji Dokter' or . = 'Buat Janji Dokter')])]' not found)
	at com.kms.katalon.core.keyword.internal.KeywordMain.stepFailed(KeywordMain.groovy:36)
	at com.kms.katalon.core.webui.keyword.internal.WebUIKeywordMain.stepFailed(WebUIKeywordMain.groovy:65)
	at com.kms.katalon.core.webui.keyword.internal.WebUIKeywordMain.runKeyword(WebUIKeywordMain.groovy:27)
	at com.kms.katalon.core.webui.keyword.builtin.VerifyElementPresentKeyword.verifyElementPresent(VerifyElementPresentKeyword.groovy:92)
	at com.kms.katalon.core.webui.keyword.builtin.VerifyElementPresentKeyword.execute(VerifyElementPresentKeyword.groovy:68)
	at com.kms.katalon.core.keyword.internal.KeywordExecutor.executeKeywordForPlatform(KeywordExecutor.groovy:53)
	at com.kms.katalon.core.webui.keyword.WebUiBuiltInKeywords.verifyElementPresent(WebUiBuiltInKeywords.groovy:1434)
	at com.kms.katalon.core.webui.keyword.WebUiBuiltInKeywords$verifyElementPresent$8.call(Unknown Source)
	at rumah sakit - booking logged in.run(rumah sakit - booking logged in:59)
	at com.kms.katalon.core.main.ScriptEngine.run(ScriptEngine.java:194)
	at com.kms.katalon.core.main.ScriptEngine.runScriptAsRawText(ScriptEngine.java:119)
	at com.kms.katalon.core.main.TestCaseExecutor.runScript(TestCaseExecutor.java:328)
	at com.kms.katalon.core.main.TestCaseExecutor.doExecute(TestCaseExecutor.java:319)
	at com.kms.katalon.core.main.TestCaseExecutor.processExecutionPhase(TestCaseExecutor.java:298)
	at com.kms.katalon.core.main.TestCaseExecutor.accessMainPhase(TestCaseExecutor.java:290)
	at com.kms.katalon.core.main.TestCaseExecutor.execute(TestCaseExecutor.java:224)
	at com.kms.katalon.core.main.TestSuiteExecutor.accessTestCaseMainPhase(TestSuiteExecutor.java:129)
	at com.kms.katalon.core.main.TestSuiteExecutor.accessTestSuiteMainPhase(TestSuiteExecutor.java:112)
	at com.kms.katalon.core.main.TestSuiteExecutor.execute(TestSuiteExecutor.java:81)
	at com.kms.katalon.core.main.TestCaseMain.startTestSuite(TestCaseMain.java:149)
	at com.kms.katalon.core.main.TestCaseMain$startTestSuite$0.call(Unknown Source)
	at TempTestSuite1564029608888.run(TempTestSuite1564029608888.groovy:36)


2019-07-25 11:43:49 - [MESSAGE][INFO] - Unable to find the element located by 'By.xpath: id("pageBookingDoctor")/section[@class="booking-doctor"]/div[@class="container"]/div[@class="row"]/div[@class="col-lg-4 col-md-5 js-stickySidebar mb-md-0 mb-5"]/div[@class="theiaStickySidebar"]/div[@class="booking-label"][count(. | //div[@class = 'booking-label' and (text() = 'Buat Janji Dokter' or . = 'Buat Janji Dokter')]) = count(//div[@class = 'booking-label' and (text() = 'Buat Janji Dokter' or . = 'Buat Janji Dokter')])]'. Please recheck the objects properties to make sure the desired element is located. 

2019-07-25 11:43:50 - [MESSAGE][FAILED] - com.kms.katalon.core.webui.exception.WebElementNotFoundException: Web element with id: 'Object Repository/rumah sakit/booking logged in/div_Buat Janji Dokter' located by 'By.xpath: id("pageBookingDoctor")/section[@class="booking-doctor"]/div[@class="container"]/div[@class="row"]/div[@class="col-lg-4 col-md-5 js-stickySidebar mb-md-0 mb-5"]/div[@class="theiaStickySidebar"]/div[@class="booking-label"][count(. | //div[@class = 'booking-label' and (text() = 'Buat Janji Dokter' or . = 'Buat Janji Dokter')]) = count(//div[@class = 'booking-label' and (text() = 'Buat Janji Dokter' or . = 'Buat Janji Dokter')])]' not found
[[ATTACHMENT|C:\\Users\\Felix Y\\git\\KatalonSehatQ\\Reports\\booking\\20190725_114008\\1564029829752.png]]

2019-07-25 11:43:50 - [MESSAGE][FAILED] - Unable to verify object 'Object Repository/rumah sakit/booking logged in/div_Buat Janji Dokter' is present (Root cause: com.kms.katalon.core.exception.StepFailedException: com.kms.katalon.core.webui.exception.WebElementNotFoundException: Web element with id: 'Object Repository/rumah sakit/booking logged in/div_Buat Janji Dokter' located by 'By.xpath: id("pageBookingDoctor")/section[@class="booking-doctor"]/div[@class="container"]/div[@class="row"]/div[@class="col-lg-4 col-md-5 js-stickySidebar mb-md-0 mb-5"]/div[@class="theiaStickySidebar"]/div[@class="booking-label"][count(. | //div[@class = 'booking-label' and (text() = 'Buat Janji Dokter' or . = 'Buat Janji Dokter')]) = count(//div[@class = 'booking-label' and (text() = 'Buat Janji Dokter' or . = 'Buat Janji Dokter')])]' not found)
[[ATTACHMENT|C:\\Users\\Felix Y\\git\\KatalonSehatQ\\Reports\\booking\\20190725_114008\\1564029830294.png]]

2019-07-25 11:43:50 - [MESSAGE][FAILED] - verifyElementPresent(findTestObject("rumah sakit/booking logged in/div_Buat Janji Dokter"), 5) FAILED.
Reason:
com.kms.katalon.core.exception.StepFailedException: Unable to verify object 'Object Repository/rumah sakit/booking logged in/div_Buat Janji Dokter' is present (Root cause: com.kms.katalon.core.exception.StepFailedException: com.kms.katalon.core.webui.exception.WebElementNotFoundException: Web element with id: 'Object Repository/rumah sakit/booking logged in/div_Buat Janji Dokter' located by 'By.xpath: id("pageBookingDoctor")/section[@class="booking-doctor"]/div[@class="container"]/div[@class="row"]/div[@class="col-lg-4 col-md-5 js-stickySidebar mb-md-0 mb-5"]/div[@class="theiaStickySidebar"]/div[@class="booking-label"][count(. | //div[@class = 'booking-label' and (text() = 'Buat Janji Dokter' or . = 'Buat Janji Dokter')]) = count(//div[@class = 'booking-label' and (text() = 'Buat Janji Dokter' or . = 'Buat Janji Dokter')])]' not found)
	at com.kms.katalon.core.keyword.internal.KeywordMain.stepFailed(KeywordMain.groovy:36)
	at com.kms.katalon.core.webui.keyword.internal.WebUIKeywordMain.stepFailed(WebUIKeywordMain.groovy:65)
	at com.kms.katalon.core.webui.keyword.internal.WebUIKeywordMain.runKeyword(WebUIKeywordMain.groovy:27)
	at com.kms.katalon.core.webui.keyword.builtin.VerifyElementPresentKeyword.verifyElementPresent(VerifyElementPresentKeyword.groovy:92)
	at com.kms.katalon.core.webui.keyword.builtin.VerifyElementPresentKeyword.execute(VerifyElementPresentKeyword.groovy:68)
	at com.kms.katalon.core.keyword.internal.KeywordExecutor.executeKeywordForPlatform(KeywordExecutor.groovy:53)
	at com.kms.katalon.core.webui.keyword.WebUiBuiltInKeywords.verifyElementPresent(WebUiBuiltInKeywords.groovy:1434)
	at com.kms.katalon.core.webui.keyword.WebUiBuiltInKeywords$verifyElementPresent$8.call(Unknown Source)
	at rumah sakit - booking logged in.run(rumah sakit - booking logged in:59)
	at com.kms.katalon.core.main.ScriptEngine.run(ScriptEngine.java:194)
	at com.kms.katalon.core.main.ScriptEngine.runScriptAsRawText(ScriptEngine.java:119)
	at com.kms.katalon.core.main.TestCaseExecutor.runScript(TestCaseExecutor.java:328)
	at com.kms.katalon.core.main.TestCaseExecutor.doExecute(TestCaseExecutor.java:319)
	at com.kms.katalon.core.main.TestCaseExecutor.processExecutionPhase(TestCaseExecutor.java:298)
	at com.kms.katalon.core.main.TestCaseExecutor.accessMainPhase(TestCaseExecutor.java:290)
	at com.kms.katalon.core.main.TestCaseExecutor.execute(TestCaseExecutor.java:224)
	at com.kms.katalon.core.main.TestSuiteExecutor.accessTestCaseMainPhase(TestSuiteExecutor.java:129)
	at com.kms.katalon.core.main.TestSuiteExecutor.accessTestSuiteMainPhase(TestSuiteExecutor.java:112)
	at com.kms.katalon.core.main.TestSuiteExecutor.execute(TestSuiteExecutor.java:81)
	at com.kms.katalon.core.main.TestCaseMain.startTestSuite(TestCaseMain.java:149)
	at com.kms.katalon.core.main.TestCaseMain$startTestSuite$0.call(Unknown Source)
	at TempTestSuite1564029608888.run(TempTestSuite1564029608888.groovy:36)]]></system-out>
         <system-err><![CDATA[2019-07-25 11:42:01 - [TEST_CASE][FAILED] - Test Cases/rumah sakit/rumah sakit - booking logged in: Test Cases/rumah sakit/rumah sakit - booking logged in FAILED.
Reason:
com.kms.katalon.core.exception.StepFailedException: Unable to verify object 'Object Repository/rumah sakit/booking logged in/div_Buat Janji Dokter' is present (Root cause: com.kms.katalon.core.exception.StepFailedException: com.kms.katalon.core.webui.exception.WebElementNotFoundException: Web element with id: 'Object Repository/rumah sakit/booking logged in/div_Buat Janji Dokter' located by 'By.xpath: id("pageBookingDoctor")/section[@class="booking-doctor"]/div[@class="container"]/div[@class="row"]/div[@class="col-lg-4 col-md-5 js-stickySidebar mb-md-0 mb-5"]/div[@class="theiaStickySidebar"]/div[@class="booking-label"][count(. | //div[@class = 'booking-label' and (text() = 'Buat Janji Dokter' or . = 'Buat Janji Dokter')]) = count(//div[@class = 'booking-label' and (text() = 'Buat Janji Dokter' or . = 'Buat Janji Dokter')])]' not found)
	at com.kms.katalon.core.keyword.internal.KeywordMain.stepFailed(KeywordMain.groovy:36)
	at com.kms.katalon.core.webui.keyword.internal.WebUIKeywordMain.stepFailed(WebUIKeywordMain.groovy:65)
	at com.kms.katalon.core.webui.keyword.internal.WebUIKeywordMain.runKeyword(WebUIKeywordMain.groovy:27)
	at com.kms.katalon.core.webui.keyword.builtin.VerifyElementPresentKeyword.verifyElementPresent(VerifyElementPresentKeyword.groovy:92)
	at com.kms.katalon.core.webui.keyword.builtin.VerifyElementPresentKeyword.execute(VerifyElementPresentKeyword.groovy:68)
	at com.kms.katalon.core.keyword.internal.KeywordExecutor.executeKeywordForPlatform(KeywordExecutor.groovy:53)
	at com.kms.katalon.core.webui.keyword.WebUiBuiltInKeywords.verifyElementPresent(WebUiBuiltInKeywords.groovy:1434)
	at com.kms.katalon.core.webui.keyword.WebUiBuiltInKeywords$verifyElementPresent$8.call(Unknown Source)
	at rumah sakit - booking logged in.run(rumah sakit - booking logged in:59)
	at com.kms.katalon.core.main.ScriptEngine.run(ScriptEngine.java:194)
	at com.kms.katalon.core.main.ScriptEngine.runScriptAsRawText(ScriptEngine.java:119)
	at com.kms.katalon.core.main.TestCaseExecutor.runScript(TestCaseExecutor.java:328)
	at com.kms.katalon.core.main.TestCaseExecutor.doExecute(TestCaseExecutor.java:319)
	at com.kms.katalon.core.main.TestCaseExecutor.processExecutionPhase(TestCaseExecutor.java:298)
	at com.kms.katalon.core.main.TestCaseExecutor.accessMainPhase(TestCaseExecutor.java:290)
	at com.kms.katalon.core.main.TestCaseExecutor.execute(TestCaseExecutor.java:224)
	at com.kms.katalon.core.main.TestSuiteExecutor.accessTestCaseMainPhase(TestSuiteExecutor.java:129)
	at com.kms.katalon.core.main.TestSuiteExecutor.accessTestSuiteMainPhase(TestSuiteExecutor.java:112)
	at com.kms.katalon.core.main.TestSuiteExecutor.execute(TestSuiteExecutor.java:81)
	at com.kms.katalon.core.main.TestCaseMain.startTestSuite(TestCaseMain.java:149)
	at com.kms.katalon.core.main.TestCaseMain$startTestSuite$0.call(Unknown Source)
	at TempTestSuite1564029608888.run(TempTestSuite1564029608888.groovy:36)]]></system-err>
      </testcase>
      <system-out><![CDATA[2019-07-25 11:40:12 - [TEST_SUITE][FAILED] - booking: Test Cases/dokter new/dokter - booking not login FAILED.
Reason:
com.kms.katalon.core.exception.StepFailedException: Unable to click on object 'Object Repository/dokter new/booking not login/th_Juli 2019' (Root cause: com.kms.katalon.core.webui.exception.WebElementNotFoundException: Web element with id: 'Object Repository/dokter new/booking not login/th_Juli 2019' located by 'By.xpath: //div[@id='pageHCP']/div/div/div/div[2]/div[2]/div/div/div[2]/div/div/div/div[2]/div/div/ul/li/div/div/table/thead/tr/th[2]' not found)
	at com.kms.katalon.core.keyword.internal.KeywordMain.stepFailed(KeywordMain.groovy:36)
	at com.kms.katalon.core.webui.keyword.internal.WebUIKeywordMain.stepFailed(WebUIKeywordMain.groovy:65)
	at com.kms.katalon.core.webui.keyword.internal.WebUIKeywordMain.runKeyword(WebUIKeywordMain.groovy:27)
	at com.kms.katalon.core.webui.keyword.builtin.ClickKeyword.click(ClickKeyword.groovy:86)
	at com.kms.katalon.core.webui.keyword.builtin.ClickKeyword.execute(ClickKeyword.groovy:67)
	at com.kms.katalon.core.keyword.internal.KeywordExecutor.executeKeywordForPlatform(KeywordExecutor.groovy:53)
	at com.kms.katalon.core.webui.keyword.WebUiBuiltInKeywords.click(WebUiBuiltInKeywords.groovy:616)
	at com.kms.katalon.core.webui.keyword.WebUiBuiltInKeywords$click$2.call(Unknown Source)
	at dokter - booking not login.run(dokter - booking not login:24)
	at com.kms.katalon.core.main.ScriptEngine.run(ScriptEngine.java:194)
	at com.kms.katalon.core.main.ScriptEngine.runScriptAsRawText(ScriptEngine.java:119)
	at com.kms.katalon.core.main.TestCaseExecutor.runScript(TestCaseExecutor.java:328)
	at com.kms.katalon.core.main.TestCaseExecutor.doExecute(TestCaseExecutor.java:319)
	at com.kms.katalon.core.main.TestCaseExecutor.processExecutionPhase(TestCaseExecutor.java:298)
	at com.kms.katalon.core.main.TestCaseExecutor.accessMainPhase(TestCaseExecutor.java:290)
	at com.kms.katalon.core.main.TestCaseExecutor.execute(TestCaseExecutor.java:224)
	at com.kms.katalon.core.main.TestSuiteExecutor.accessTestCaseMainPhase(TestSuiteExecutor.java:129)
	at com.kms.katalon.core.main.TestSuiteExecutor.accessTestSuiteMainPhase(TestSuiteExecutor.java:112)
	at com.kms.katalon.core.main.TestSuiteExecutor.execute(TestSuiteExecutor.java:81)
	at com.kms.katalon.core.main.TestCaseMain.startTestSuite(TestCaseMain.java:149)
	at com.kms.katalon.core.main.TestCaseMain$startTestSuite$0.call(Unknown Source)
	at TempTestSuite1564029608888.run(TempTestSuite1564029608888.groovy:36)]]></system-out>
      <system-err><![CDATA[2019-07-25 11:40:12 - [TEST_SUITE][FAILED] - booking: Test Cases/dokter new/dokter - booking not login FAILED.
Reason:
com.kms.katalon.core.exception.StepFailedException: Unable to click on object 'Object Repository/dokter new/booking not login/th_Juli 2019' (Root cause: com.kms.katalon.core.webui.exception.WebElementNotFoundException: Web element with id: 'Object Repository/dokter new/booking not login/th_Juli 2019' located by 'By.xpath: //div[@id='pageHCP']/div/div/div/div[2]/div[2]/div/div/div[2]/div/div/div/div[2]/div/div/ul/li/div/div/table/thead/tr/th[2]' not found)
	at com.kms.katalon.core.keyword.internal.KeywordMain.stepFailed(KeywordMain.groovy:36)
	at com.kms.katalon.core.webui.keyword.internal.WebUIKeywordMain.stepFailed(WebUIKeywordMain.groovy:65)
	at com.kms.katalon.core.webui.keyword.internal.WebUIKeywordMain.runKeyword(WebUIKeywordMain.groovy:27)
	at com.kms.katalon.core.webui.keyword.builtin.ClickKeyword.click(ClickKeyword.groovy:86)
	at com.kms.katalon.core.webui.keyword.builtin.ClickKeyword.execute(ClickKeyword.groovy:67)
	at com.kms.katalon.core.keyword.internal.KeywordExecutor.executeKeywordForPlatform(KeywordExecutor.groovy:53)
	at com.kms.katalon.core.webui.keyword.WebUiBuiltInKeywords.click(WebUiBuiltInKeywords.groovy:616)
	at com.kms.katalon.core.webui.keyword.WebUiBuiltInKeywords$click$2.call(Unknown Source)
	at dokter - booking not login.run(dokter - booking not login:24)
	at com.kms.katalon.core.main.ScriptEngine.run(ScriptEngine.java:194)
	at com.kms.katalon.core.main.ScriptEngine.runScriptAsRawText(ScriptEngine.java:119)
	at com.kms.katalon.core.main.TestCaseExecutor.runScript(TestCaseExecutor.java:328)
	at com.kms.katalon.core.main.TestCaseExecutor.doExecute(TestCaseExecutor.java:319)
	at com.kms.katalon.core.main.TestCaseExecutor.processExecutionPhase(TestCaseExecutor.java:298)
	at com.kms.katalon.core.main.TestCaseExecutor.accessMainPhase(TestCaseExecutor.java:290)
	at com.kms.katalon.core.main.TestCaseExecutor.execute(TestCaseExecutor.java:224)
	at com.kms.katalon.core.main.TestSuiteExecutor.accessTestCaseMainPhase(TestSuiteExecutor.java:129)
	at com.kms.katalon.core.main.TestSuiteExecutor.accessTestSuiteMainPhase(TestSuiteExecutor.java:112)
	at com.kms.katalon.core.main.TestSuiteExecutor.execute(TestSuiteExecutor.java:81)
	at com.kms.katalon.core.main.TestCaseMain.startTestSuite(TestCaseMain.java:149)
	at com.kms.katalon.core.main.TestCaseMain$startTestSuite$0.call(Unknown Source)
	at TempTestSuite1564029608888.run(TempTestSuite1564029608888.groovy:36)]]></system-err>
   </testsuite>
</testsuites>
