<?xml version="1.0" encoding="UTF-8"?>
<testsuites name="login regis" time="243" tests="6" failures="3" errors="0">
   <testsuite name="login regis" tests="6" failures="3" errors="0" time="243" timestamp="2019-07-25 11:14:32" hostname="Felix Y - LAPTOP-FKLO5HNS" id="Test Suites/login regis">
      <properties>
         <property name="deviceName" value=""/>
         <property name="devicePlatform" value=""/>
         <property name="logFolder" value="C:\\Users\\Felix Y\\git\\KatalonSehatQ\\Reports\\login regis\\20190725_111430"/>
         <property name="logFiles" value="C:\\Users\\Felix Y\\git\\KatalonSehatQ\\Reports\\login regis\\20190725_111430\\execution0.log"/>
         <property name="attachments" value="C:\\Users\\Felix Y\\git\\KatalonSehatQ\\Reports\\login regis\\20190725_111430\\1564028127356.png, C:\\Users\\Felix Y\\git\\KatalonSehatQ\\Reports\\login regis\\20190725_111430\\1564028127756.png, C:\\Users\\Felix Y\\git\\KatalonSehatQ\\Reports\\login regis\\20190725_111430\\1564028143929.png, C:\\Users\\Felix Y\\git\\KatalonSehatQ\\Reports\\login regis\\20190725_111430\\1564028144872.png"/>
         <property name="hostName" value="Felix Y - LAPTOP-FKLO5HNS"/>
         <property name="os" value="Windows 10 64bit"/>
         <property name="katalonVersion" value="5.10.1.1"/>
         <property name="browser" value="Chrome 75.0.3770.142"/>
         <property name="hostAddress" value="172.22.250.220"/>
         <property name="sessionId" value="b07ecbef541a9ae48b4b1d1e160b4b04"/>
         <property name="seleniumVersion" value="3.7.1"/>
         <property name="proxyInformation" value="ProxyInformation{proxyOption=USE_SYSTEM, proxyServerType=HTTP, password=, proxyServerAddress=, proxyServerPort=0}"/>
         <property name="platform" value="Windows 10"/>
      </properties>
      <testcase name="Test Cases/login regis/regis - normal regis" classname="Test Cases/login regis/regis - normal regis" status="PASSED">
         <system-out><![CDATA[2019-07-25 11:14:37 - [TEST_CASE][PASSED] - Test Cases/login regis/regis - normal regis: Test Cases/login regis/regis - normal regis

2019-07-25 11:14:37 - [TEST_STEP][NOT_RUN] - openBrowser(""): NOT_RUN: openBrowser("")

2019-07-25 11:14:37 - [MESSAGE][NOT_RUN] - NOT_RUN: openBrowser("")

2019-07-25 11:14:37 - [TEST_STEP][NOT_RUN] - maximizeWindow(): NOT_RUN: maximizeWindow()

2019-07-25 11:14:37 - [MESSAGE][NOT_RUN] - NOT_RUN: maximizeWindow()

2019-07-25 11:14:37 - [TEST_STEP][PASSED] - navigateToUrl(target + "sehatq.com/"): Navigate to 'https://dev.sehatq.com/' successfully

2019-07-25 11:14:40 - [MESSAGE][PASSED] - Navigate to 'https://dev.sehatq.com/' successfully

2019-07-25 11:14:40 - [TEST_STEP][PASSED] - waitForPageLoad(5): Wait for page load successfully

2019-07-25 11:14:42 - [MESSAGE][PASSED] - Wait for page load successfully

2019-07-25 11:14:42 - [TEST_STEP][PASSED] - rng = Math.random() * 100000000: null

2019-07-25 11:14:42 - [TEST_STEP][PASSED] - randomemail = "test@" + rng + ".com": null

2019-07-25 11:14:42 - [TEST_STEP][PASSED] - click(findTestObject("Object Repository/login regis/regis/button_Login  Daftar Baru")): Object: 'Object Repository/login regis/regis/button_Login  Daftar Baru' is clicked on

2019-07-25 11:14:42 - [MESSAGE][PASSED] - Object: 'Object Repository/login regis/regis/button_Login  Daftar Baru' is clicked on

2019-07-25 11:14:42 - [TEST_STEP][PASSED] - waitForElementVisible(findTestObject("Object Repository/login regis/regis/input_Alamat E-Mail_email"), 5): Object 'Object Repository/login regis/regis/input_Alamat E-Mail_email' is visible

2019-07-25 11:14:43 - [MESSAGE][PASSED] - Object 'Object Repository/login regis/regis/input_Alamat E-Mail_email' is visible

2019-07-25 11:14:43 - [TEST_STEP][PASSED] - click(findTestObject("Object Repository/login regis/regis/button_Daftar")): Object: 'Object Repository/login regis/regis/button_Daftar' is clicked on

2019-07-25 11:14:43 - [MESSAGE][PASSED] - Object: 'Object Repository/login regis/regis/button_Daftar' is clicked on

2019-07-25 11:14:43 - [TEST_STEP][PASSED] - waitForElementVisible(findTestObject("login regis/regis/input_Nama_name"), 5): Object 'Object Repository/login regis/regis/input_Nama_name' is visible

2019-07-25 11:14:44 - [MESSAGE][PASSED] - Object 'Object Repository/login regis/regis/input_Nama_name' is visible

2019-07-25 11:14:44 - [TEST_STEP][PASSED] - setText(findTestObject("Object Repository/login regis/regis/input_Nama_name"), "Automated registration test"): Text 'Automated registration test' is set on object 'Object Repository/login regis/regis/input_Nama_name'

2019-07-25 11:14:45 - [MESSAGE][PASSED] - Text 'Automated registration test' is set on object 'Object Repository/login regis/regis/input_Nama_name'

2019-07-25 11:14:45 - [TEST_STEP][PASSED] - setText(findTestObject("Object Repository/login regis/regis/input_Email_email"), randomemail): Text 'test@6425577.com' is set on object 'Object Repository/login regis/regis/input_Email_email'

2019-07-25 11:14:45 - [MESSAGE][PASSED] - Text 'test@6425577.com' is set on object 'Object Repository/login regis/regis/input_Email_email'

2019-07-25 11:14:45 - [TEST_STEP][PASSED] - setEncryptedText(findTestObject("Object Repository/login regis/regis/input_Kata Sandi_password"), "VU1orW/zbPMAsSeA5V5+EA=="): Text ****** has been set on object 'Object Repository/login regis/regis/input_Kata Sandi_password'

2019-07-25 11:14:45 - [MESSAGE][PASSED] - Text ****** has been set on object 'Object Repository/login regis/regis/input_Kata Sandi_password'

2019-07-25 11:14:45 - [TEST_STEP][PASSED] - selectOptionByValue(findTestObject("Object Repository/login regis/regis/select_Tanggal"), "1", true): All options with value '1' are selected in object 'Object Repository/login regis/regis/select_Tanggal'  using regular expression

2019-07-25 11:14:46 - [MESSAGE][PASSED] - All options with value '1' are selected in object 'Object Repository/login regis/regis/select_Tanggal'  using regular expression

2019-07-25 11:14:46 - [TEST_STEP][PASSED] - selectOptionByValue(findTestObject("Object Repository/login regis/regis/select_Bulan"), "1", true): All options with value '1' are selected in object 'Object Repository/login regis/regis/select_Bulan'  using regular expression

2019-07-25 11:14:46 - [MESSAGE][PASSED] - All options with value '1' are selected in object 'Object Repository/login regis/regis/select_Bulan'  using regular expression

2019-07-25 11:14:46 - [TEST_STEP][PASSED] - setText(findTestObject("Object Repository/login regis/regis/input_Tahun Lahir_bod-tahun"), "1990"): Text '1990' is set on object 'Object Repository/login regis/regis/input_Tahun Lahir_bod-tahun'

2019-07-25 11:14:46 - [MESSAGE][PASSED] - Text '1990' is set on object 'Object Repository/login regis/regis/input_Tahun Lahir_bod-tahun'

2019-07-25 11:14:46 - [TEST_STEP][PASSED] - click(findTestObject("Object Repository/login regis/regis/i_Prev_fas fa-chevron-circle-r")): Object: 'Object Repository/login regis/regis/i_Prev_fas fa-chevron-circle-r' is clicked on

2019-07-25 11:14:47 - [MESSAGE][PASSED] - Object: 'Object Repository/login regis/regis/i_Prev_fas fa-chevron-circle-r' is clicked on

2019-07-25 11:14:47 - [TEST_STEP][PASSED] - delay(1): Delayed 1 second(s)

2019-07-25 11:14:48 - [MESSAGE][PASSED] - Delayed 1 second(s)

2019-07-25 11:14:48 - [TEST_STEP][PASSED] - click(findTestObject("Object Repository/login regis/regis/label_Rajin Olahraga")): Object: 'Object Repository/login regis/regis/label_Rajin Olahraga' is clicked on

2019-07-25 11:14:48 - [MESSAGE][PASSED] - Object: 'Object Repository/login regis/regis/label_Rajin Olahraga' is clicked on

2019-07-25 11:14:48 - [TEST_STEP][PASSED] - click(findTestObject("Object Repository/login regis/regis/label_Perlu Refreshing")): Object: 'Object Repository/login regis/regis/label_Perlu Refreshing' is clicked on

2019-07-25 11:14:48 - [MESSAGE][PASSED] - Object: 'Object Repository/login regis/regis/label_Perlu Refreshing' is clicked on

2019-07-25 11:14:48 - [TEST_STEP][PASSED] - click(findTestObject("Object Repository/login regis/regis/label_Jaga Makan")): Object: 'Object Repository/login regis/regis/label_Jaga Makan' is clicked on

2019-07-25 11:14:48 - [MESSAGE][PASSED] - Object: 'Object Repository/login regis/regis/label_Jaga Makan' is clicked on

2019-07-25 11:14:48 - [TEST_STEP][PASSED] - click(findTestObject("Object Repository/login regis/regis/label_Rutin Banget")): Object: 'Object Repository/login regis/regis/label_Rutin Banget' is clicked on

2019-07-25 11:14:48 - [MESSAGE][PASSED] - Object: 'Object Repository/login regis/regis/label_Rutin Banget' is clicked on

2019-07-25 11:14:48 - [TEST_STEP][PASSED] - click(findTestObject("Object Repository/login regis/regis/i_Prev_fas fa-chevron-circle-r")): Object: 'Object Repository/login regis/regis/i_Prev_fas fa-chevron-circle-r' is clicked on

2019-07-25 11:14:48 - [MESSAGE][PASSED] - Object: 'Object Repository/login regis/regis/i_Prev_fas fa-chevron-circle-r' is clicked on

2019-07-25 11:14:48 - [TEST_STEP][PASSED] - delay(1): Delayed 1 second(s)

2019-07-25 11:14:49 - [MESSAGE][PASSED] - Delayed 1 second(s)

2019-07-25 11:14:49 - [TEST_STEP][PASSED] - click(findTestObject("Object Repository/login regis/regis/label_MPASI")): Object: 'Object Repository/login regis/regis/label_MPASI' is clicked on

2019-07-25 11:14:49 - [MESSAGE][PASSED] - Object: 'Object Repository/login regis/regis/label_MPASI' is clicked on

2019-07-25 11:14:49 - [TEST_STEP][PASSED] - click(findTestObject("Object Repository/login regis/regis/label_PerkembanganBayi")): Object: 'Object Repository/login regis/regis/label_PerkembanganBayi' is clicked on

2019-07-25 11:14:50 - [MESSAGE][PASSED] - Object: 'Object Repository/login regis/regis/label_PerkembanganBayi' is clicked on

2019-07-25 11:14:50 - [TEST_STEP][PASSED] - click(findTestObject("Object Repository/login regis/regis/label_LatihanOtak")): Object: 'Object Repository/login regis/regis/label_LatihanOtak' is clicked on

2019-07-25 11:14:50 - [MESSAGE][PASSED] - Object: 'Object Repository/login regis/regis/label_LatihanOtak' is clicked on

2019-07-25 11:14:50 - [TEST_STEP][PASSED] - click(findTestObject("Object Repository/login regis/regis/button_Register")): Object: 'Object Repository/login regis/regis/button_Register' is clicked on

2019-07-25 11:14:50 - [MESSAGE][PASSED] - Object: 'Object Repository/login regis/regis/button_Register' is clicked on

2019-07-25 11:14:50 - [TEST_STEP][PASSED] - waitForPageLoad(5): Wait for page load successfully

2019-07-25 11:14:50 - [MESSAGE][PASSED] - Wait for page load successfully

2019-07-25 11:14:50 - [TEST_STEP][PASSED] - verifyElementPresent(findTestObject("login regis/login button"), 5): Object 'Object Repository/login regis/login button' is present

2019-07-25 11:14:52 - [MESSAGE][PASSED] - Object 'Object Repository/login regis/login button' is present

2019-07-25 11:14:52 - [TEST_STEP][PASSED] - a = getText(findTestObject("login regis/login button")): Text of object 'Object Repository/login regis/login button' is: 'Hi, Automated'

2019-07-25 11:14:52 - [MESSAGE][PASSED] - Text of object 'Object Repository/login regis/login button' is: 'Hi, Automated'

2019-07-25 11:14:52 - [TEST_STEP][PASSED] - verifyMatch(a, "Hi, Automated", false): Actual text 'Hi, Automated' and expected text 'Hi, Automated' are matched 

2019-07-25 11:14:52 - [MESSAGE][PASSED] - Actual text 'Hi, Automated' and expected text 'Hi, Automated' are matched 

2019-07-25 11:14:52 - [TEST_STEP][NOT_RUN] - closeBrowser(): NOT_RUN: closeBrowser()

2019-07-25 11:14:52 - [MESSAGE][NOT_RUN] - NOT_RUN: closeBrowser()]]></system-out>
         <system-err><![CDATA[]]></system-err>
      </testcase>
      <testcase name="Test Cases/login regis/log out - direct url" classname="Test Cases/login regis/log out - direct url" status="PASSED">
         <system-out><![CDATA[2019-07-25 11:14:52 - [TEST_CASE][PASSED] - Test Cases/login regis/log out - direct url: Test Cases/login regis/log out - direct url

2019-07-25 11:14:52 - [TEST_STEP][NOT_RUN] - openBrowser(""): NOT_RUN: openBrowser("")

2019-07-25 11:14:52 - [MESSAGE][NOT_RUN] - NOT_RUN: openBrowser("")

2019-07-25 11:14:52 - [TEST_STEP][NOT_RUN] - maximizeWindow(): NOT_RUN: maximizeWindow()

2019-07-25 11:14:52 - [MESSAGE][NOT_RUN] - NOT_RUN: maximizeWindow()

2019-07-25 11:14:52 - [TEST_STEP][NOT_RUN] - callTestCase(findTestCase("404 checker by sitemap/404 checker by sitemap - login steps"), [:], STOP_ON_FAILURE): NOT_RUN: callTestCase(findTestCase("404 checker by sitemap/404 checker by sitemap - login steps"), [:], STOP_ON_FAILURE)

2019-07-25 11:14:52 - [MESSAGE][NOT_RUN] - NOT_RUN: callTestCase(findTestCase("404 checker by sitemap/404 checker by sitemap - login steps"), [:], STOP_ON_FAILURE)

2019-07-25 11:14:52 - [TEST_STEP][PASSED] - delay(2): Delayed 2 second(s)

2019-07-25 11:14:54 - [MESSAGE][PASSED] - Delayed 2 second(s)

2019-07-25 11:14:54 - [TEST_STEP][PASSED] - navigateToUrl(target + "sehatq.com/keluar"): Navigate to 'https://dev.sehatq.com/keluar' successfully

2019-07-25 11:14:57 - [MESSAGE][PASSED] - Navigate to 'https://dev.sehatq.com/keluar' successfully

2019-07-25 11:14:57 - [TEST_STEP][NOT_RUN] - closeBrowser(): NOT_RUN: closeBrowser()

2019-07-25 11:14:57 - [MESSAGE][NOT_RUN] - NOT_RUN: closeBrowser()]]></system-out>
         <system-err><![CDATA[]]></system-err>
      </testcase>
      <testcase name="Test Cases/login regis/login - normal email" classname="Test Cases/login regis/login - normal email" status="PASSED">
         <system-out><![CDATA[2019-07-25 11:14:57 - [TEST_CASE][PASSED] - Test Cases/login regis/login - normal email: Test Cases/login regis/login - normal email

2019-07-25 11:14:57 - [TEST_STEP][NOT_RUN] - openBrowser(""): NOT_RUN: openBrowser("")

2019-07-25 11:14:57 - [MESSAGE][NOT_RUN] - NOT_RUN: openBrowser("")

2019-07-25 11:14:57 - [TEST_STEP][NOT_RUN] - maximizeWindow(): NOT_RUN: maximizeWindow()

2019-07-25 11:14:57 - [MESSAGE][NOT_RUN] - NOT_RUN: maximizeWindow()

2019-07-25 11:14:57 - [TEST_STEP][PASSED] - navigateToUrl(target + "sehatq.com/"): Navigate to 'https://dev.sehatq.com/' successfully

2019-07-25 11:14:59 - [MESSAGE][PASSED] - Navigate to 'https://dev.sehatq.com/' successfully

2019-07-25 11:14:59 - [TEST_STEP][PASSED] - waitForPageLoad(5): Wait for page load successfully

2019-07-25 11:15:01 - [MESSAGE][PASSED] - Wait for page load successfully

2019-07-25 11:15:01 - [TEST_STEP][PASSED] - click(findTestObject("rumah sakit/booking logged in/button_Login  Daftar Baru")): Object: 'Object Repository/rumah sakit/booking logged in/button_Login  Daftar Baru' is clicked on

2019-07-25 11:15:01 - [MESSAGE][PASSED] - Object: 'Object Repository/rumah sakit/booking logged in/button_Login  Daftar Baru' is clicked on

2019-07-25 11:15:01 - [TEST_STEP][PASSED] - waitForElementVisible(findTestObject("rumah sakit/booking logged in/input_Alamat E-Mail_email"), 5): Object 'Object Repository/rumah sakit/booking logged in/input_Alamat E-Mail_email' is visible

2019-07-25 11:15:01 - [MESSAGE][PASSED] - Object 'Object Repository/rumah sakit/booking logged in/input_Alamat E-Mail_email' is visible

2019-07-25 11:15:01 - [TEST_STEP][PASSED] - setText(findTestObject("rumah sakit/booking logged in/input_Alamat E-Mail_email"), "kuning@color.com"): Text 'kuning@color.com' is set on object 'Object Repository/rumah sakit/booking logged in/input_Alamat E-Mail_email'

2019-07-25 11:15:02 - [MESSAGE][PASSED] - Text 'kuning@color.com' is set on object 'Object Repository/rumah sakit/booking logged in/input_Alamat E-Mail_email'

2019-07-25 11:15:02 - [TEST_STEP][PASSED] - setText(findTestObject("rumah sakit/booking logged in/input_Kata Sandi_password"), "123sehatQ!"): Text '123sehatQ!' is set on object 'Object Repository/rumah sakit/booking logged in/input_Kata Sandi_password'

2019-07-25 11:15:02 - [MESSAGE][PASSED] - Text '123sehatQ!' is set on object 'Object Repository/rumah sakit/booking logged in/input_Kata Sandi_password'

2019-07-25 11:15:02 - [TEST_STEP][PASSED] - click(findTestObject("rumah sakit/booking logged in/button_Masuk")): Object: 'Object Repository/rumah sakit/booking logged in/button_Masuk' is clicked on

2019-07-25 11:15:02 - [MESSAGE][PASSED] - Object: 'Object Repository/rumah sakit/booking logged in/button_Masuk' is clicked on

2019-07-25 11:15:02 - [TEST_STEP][PASSED] - waitForPageLoad(5): Wait for page load successfully

2019-07-25 11:15:02 - [MESSAGE][PASSED] - Wait for page load successfully

2019-07-25 11:15:02 - [TEST_STEP][PASSED] - verifyElementPresent(findTestObject("login regis/login button"), 5): Object 'Object Repository/login regis/login button' is present

2019-07-25 11:15:05 - [MESSAGE][PASSED] - Object 'Object Repository/login regis/login button' is present

2019-07-25 11:15:05 - [TEST_STEP][PASSED] - a = getText(findTestObject("login regis/login button")): Text of object 'Object Repository/login regis/login button' is: 'Hi, Kuning'

2019-07-25 11:15:05 - [MESSAGE][PASSED] - Text of object 'Object Repository/login regis/login button' is: 'Hi, Kuning'

2019-07-25 11:15:05 - [TEST_STEP][PASSED] - verifyMatch(a, "Hi, Kuning", false): Actual text 'Hi, Kuning' and expected text 'Hi, Kuning' are matched 

2019-07-25 11:15:05 - [MESSAGE][PASSED] - Actual text 'Hi, Kuning' and expected text 'Hi, Kuning' are matched 

2019-07-25 11:15:05 - [TEST_STEP][NOT_RUN] - closeBrowser(): NOT_RUN: closeBrowser()

2019-07-25 11:15:05 - [MESSAGE][NOT_RUN] - NOT_RUN: closeBrowser()]]></system-out>
         <system-err><![CDATA[]]></system-err>
      </testcase>
      <testcase name="Test Cases/login regis/log out - direct url" classname="Test Cases/login regis/log out - direct url" status="PASSED">
         <system-out><![CDATA[2019-07-25 11:15:05 - [TEST_CASE][PASSED] - Test Cases/login regis/log out - direct url: Test Cases/login regis/log out - direct url

2019-07-25 11:15:05 - [TEST_STEP][NOT_RUN] - openBrowser(""): NOT_RUN: openBrowser("")

2019-07-25 11:15:05 - [MESSAGE][NOT_RUN] - NOT_RUN: openBrowser("")

2019-07-25 11:15:05 - [TEST_STEP][NOT_RUN] - maximizeWindow(): NOT_RUN: maximizeWindow()

2019-07-25 11:15:05 - [MESSAGE][NOT_RUN] - NOT_RUN: maximizeWindow()

2019-07-25 11:15:05 - [TEST_STEP][NOT_RUN] - callTestCase(findTestCase("404 checker by sitemap/404 checker by sitemap - login steps"), [:], STOP_ON_FAILURE): NOT_RUN: callTestCase(findTestCase("404 checker by sitemap/404 checker by sitemap - login steps"), [:], STOP_ON_FAILURE)

2019-07-25 11:15:05 - [MESSAGE][NOT_RUN] - NOT_RUN: callTestCase(findTestCase("404 checker by sitemap/404 checker by sitemap - login steps"), [:], STOP_ON_FAILURE)

2019-07-25 11:15:05 - [TEST_STEP][PASSED] - delay(2): Delayed 2 second(s)

2019-07-25 11:15:07 - [MESSAGE][PASSED] - Delayed 2 second(s)

2019-07-25 11:15:07 - [TEST_STEP][PASSED] - navigateToUrl(target + "sehatq.com/keluar"): Navigate to 'https://dev.sehatq.com/keluar' successfully

2019-07-25 11:15:09 - [MESSAGE][PASSED] - Navigate to 'https://dev.sehatq.com/keluar' successfully

2019-07-25 11:15:09 - [TEST_STEP][NOT_RUN] - closeBrowser(): NOT_RUN: closeBrowser()

2019-07-25 11:15:09 - [MESSAGE][NOT_RUN] - NOT_RUN: closeBrowser()]]></system-out>
         <system-err><![CDATA[]]></system-err>
      </testcase>
      <testcase name="Test Cases/login regis/login - facebook" classname="Test Cases/login regis/login - facebook" status="FAILED">
         <failure type="FAILED" message="Test Cases/login regis/login - facebook FAILED.
Reason:
com.kms.katalon.core.exception.StepFailedException: Unable to verify object 'Object Repository/login regis/login button' is present (Root cause: com.kms.katalon.core.exception.StepFailedException: com.kms.katalon.core.webui.exception.WebElementNotFoundException: Web element with id: 'Object Repository/login regis/login button' located by 'By.xpath: //*[@id=&quot;dropdownMenuLink&quot;]' not found)
	at com.kms.katalon.core.keyword.internal.KeywordMain.stepFailed(KeywordMain.groovy:36)
	at com.kms.katalon.core.webui.keyword.internal.WebUIKeywordMain.stepFailed(WebUIKeywordMain.groovy:65)
	at com.kms.katalon.core.webui.keyword.internal.WebUIKeywordMain.runKeyword(WebUIKeywordMain.groovy:27)
	at com.kms.katalon.core.webui.keyword.builtin.VerifyElementPresentKeyword.verifyElementPresent(VerifyElementPresentKeyword.groovy:92)
	at com.kms.katalon.core.webui.keyword.builtin.VerifyElementPresentKeyword.execute(VerifyElementPresentKeyword.groovy:68)
	at com.kms.katalon.core.keyword.internal.KeywordExecutor.executeKeywordForPlatform(KeywordExecutor.groovy:53)
	at com.kms.katalon.core.webui.keyword.WebUiBuiltInKeywords.verifyElementPresent(WebUiBuiltInKeywords.groovy:1434)
	at com.kms.katalon.core.webui.keyword.WebUiBuiltInKeywords$verifyElementPresent$8.call(Unknown Source)
	at login - facebook.run(login - facebook:38)
	at com.kms.katalon.core.main.ScriptEngine.run(ScriptEngine.java:194)
	at com.kms.katalon.core.main.ScriptEngine.runScriptAsRawText(ScriptEngine.java:119)
	at com.kms.katalon.core.main.TestCaseExecutor.runScript(TestCaseExecutor.java:328)
	at com.kms.katalon.core.main.TestCaseExecutor.doExecute(TestCaseExecutor.java:319)
	at com.kms.katalon.core.main.TestCaseExecutor.processExecutionPhase(TestCaseExecutor.java:298)
	at com.kms.katalon.core.main.TestCaseExecutor.accessMainPhase(TestCaseExecutor.java:290)
	at com.kms.katalon.core.main.TestCaseExecutor.execute(TestCaseExecutor.java:224)
	at com.kms.katalon.core.main.TestSuiteExecutor.accessTestCaseMainPhase(TestSuiteExecutor.java:129)
	at com.kms.katalon.core.main.TestSuiteExecutor.accessTestSuiteMainPhase(TestSuiteExecutor.java:112)
	at com.kms.katalon.core.main.TestSuiteExecutor.execute(TestSuiteExecutor.java:81)
	at com.kms.katalon.core.main.TestCaseMain.startTestSuite(TestCaseMain.java:149)
	at com.kms.katalon.core.main.TestCaseMain$startTestSuite$0.call(Unknown Source)
	at TempTestSuite1564028070171.run(TempTestSuite1564028070171.groovy:36)
"/>
         <system-out><![CDATA[2019-07-25 11:15:09 - [TEST_CASE][FAILED] - Test Cases/login regis/login - facebook: Test Cases/login regis/login - facebook FAILED.
Reason:
com.kms.katalon.core.exception.StepFailedException: Unable to verify object 'Object Repository/login regis/login button' is present (Root cause: com.kms.katalon.core.exception.StepFailedException: com.kms.katalon.core.webui.exception.WebElementNotFoundException: Web element with id: 'Object Repository/login regis/login button' located by 'By.xpath: //*[@id="dropdownMenuLink"]' not found)
	at com.kms.katalon.core.keyword.internal.KeywordMain.stepFailed(KeywordMain.groovy:36)
	at com.kms.katalon.core.webui.keyword.internal.WebUIKeywordMain.stepFailed(WebUIKeywordMain.groovy:65)
	at com.kms.katalon.core.webui.keyword.internal.WebUIKeywordMain.runKeyword(WebUIKeywordMain.groovy:27)
	at com.kms.katalon.core.webui.keyword.builtin.VerifyElementPresentKeyword.verifyElementPresent(VerifyElementPresentKeyword.groovy:92)
	at com.kms.katalon.core.webui.keyword.builtin.VerifyElementPresentKeyword.execute(VerifyElementPresentKeyword.groovy:68)
	at com.kms.katalon.core.keyword.internal.KeywordExecutor.executeKeywordForPlatform(KeywordExecutor.groovy:53)
	at com.kms.katalon.core.webui.keyword.WebUiBuiltInKeywords.verifyElementPresent(WebUiBuiltInKeywords.groovy:1434)
	at com.kms.katalon.core.webui.keyword.WebUiBuiltInKeywords$verifyElementPresent$8.call(Unknown Source)
	at login - facebook.run(login - facebook:38)
	at com.kms.katalon.core.main.ScriptEngine.run(ScriptEngine.java:194)
	at com.kms.katalon.core.main.ScriptEngine.runScriptAsRawText(ScriptEngine.java:119)
	at com.kms.katalon.core.main.TestCaseExecutor.runScript(TestCaseExecutor.java:328)
	at com.kms.katalon.core.main.TestCaseExecutor.doExecute(TestCaseExecutor.java:319)
	at com.kms.katalon.core.main.TestCaseExecutor.processExecutionPhase(TestCaseExecutor.java:298)
	at com.kms.katalon.core.main.TestCaseExecutor.accessMainPhase(TestCaseExecutor.java:290)
	at com.kms.katalon.core.main.TestCaseExecutor.execute(TestCaseExecutor.java:224)
	at com.kms.katalon.core.main.TestSuiteExecutor.accessTestCaseMainPhase(TestSuiteExecutor.java:129)
	at com.kms.katalon.core.main.TestSuiteExecutor.accessTestSuiteMainPhase(TestSuiteExecutor.java:112)
	at com.kms.katalon.core.main.TestSuiteExecutor.execute(TestSuiteExecutor.java:81)
	at com.kms.katalon.core.main.TestCaseMain.startTestSuite(TestCaseMain.java:149)
	at com.kms.katalon.core.main.TestCaseMain$startTestSuite$0.call(Unknown Source)
	at TempTestSuite1564028070171.run(TempTestSuite1564028070171.groovy:36)


2019-07-25 11:15:09 - [TEST_STEP][NOT_RUN] - openBrowser(""): NOT_RUN: openBrowser("")

2019-07-25 11:15:09 - [MESSAGE][NOT_RUN] - NOT_RUN: openBrowser("")

2019-07-25 11:15:09 - [TEST_STEP][NOT_RUN] - maximizeWindow(): NOT_RUN: maximizeWindow()

2019-07-25 11:15:09 - [MESSAGE][NOT_RUN] - NOT_RUN: maximizeWindow()

2019-07-25 11:15:09 - [TEST_STEP][PASSED] - navigateToUrl(target + "sehatq.com/"): Navigate to 'https://dev.sehatq.com/' successfully

2019-07-25 11:15:11 - [MESSAGE][PASSED] - Navigate to 'https://dev.sehatq.com/' successfully

2019-07-25 11:15:11 - [TEST_STEP][PASSED] - waitForPageLoad(5): Wait for page load successfully

2019-07-25 11:15:12 - [MESSAGE][PASSED] - Wait for page load successfully

2019-07-25 11:15:12 - [TEST_STEP][PASSED] - click(findTestObject("Object Repository/login regis/login facebook/button_Login  Daftar Baru")): Object: 'Object Repository/login regis/login facebook/button_Login  Daftar Baru' is clicked on

2019-07-25 11:15:12 - [MESSAGE][PASSED] - Object: 'Object Repository/login regis/login facebook/button_Login  Daftar Baru' is clicked on

2019-07-25 11:15:12 - [TEST_STEP][PASSED] - waitForElementVisible(findTestObject("Object Repository/login regis/login facebook/input_Alamat E-Mail_email"), 5): Object 'Object Repository/login regis/login facebook/input_Alamat E-Mail_email' is visible

2019-07-25 11:15:13 - [MESSAGE][PASSED] - Object 'Object Repository/login regis/login facebook/input_Alamat E-Mail_email' is visible

2019-07-25 11:15:13 - [TEST_STEP][PASSED] - click(findTestObject("Object Repository/login regis/login facebook/a_Sign in with Facebook")): Object: 'Object Repository/login regis/login facebook/a_Sign in with Facebook' is clicked on

2019-07-25 11:15:16 - [MESSAGE][PASSED] - Object: 'Object Repository/login regis/login facebook/a_Sign in with Facebook' is clicked on

2019-07-25 11:15:16 - [TEST_STEP][PASSED] - setText(findTestObject("Object Repository/login regis/login facebook/input_Login ke Facebook_email"), "felix.yurisman@gmail.com"): Text 'felix.yurisman@gmail.com' is set on object 'Object Repository/login regis/login facebook/input_Login ke Facebook_email'

2019-07-25 11:15:16 - [MESSAGE][PASSED] - Text 'felix.yurisman@gmail.com' is set on object 'Object Repository/login regis/login facebook/input_Login ke Facebook_email'

2019-07-25 11:15:16 - [TEST_STEP][PASSED] - setEncryptedText(findTestObject("Object Repository/login regis/login facebook/input_Login ke Facebook_pass"), "D2MScLbSYg5YNi1NQdElsA=="): Text ****** has been set on object 'Object Repository/login regis/login facebook/input_Login ke Facebook_pass'

2019-07-25 11:15:17 - [MESSAGE][PASSED] - Text ****** has been set on object 'Object Repository/login regis/login facebook/input_Login ke Facebook_pass'

2019-07-25 11:15:17 - [TEST_STEP][PASSED] - click(findTestObject("Object Repository/login regis/login facebook/button_Masuk")): Object: 'Object Repository/login regis/login facebook/button_Masuk' is clicked on

2019-07-25 11:15:21 - [MESSAGE][PASSED] - Object: 'Object Repository/login regis/login facebook/button_Masuk' is clicked on

2019-07-25 11:15:21 - [TEST_STEP][PASSED] - waitForPageLoad(5): Wait for page load successfully

2019-07-25 11:15:22 - [MESSAGE][PASSED] - Wait for page load successfully

2019-07-25 11:15:22 - [TEST_STEP][FAILED] - verifyElementPresent(findTestObject("login regis/login button"), 5): verifyElementPresent(findTestObject("login regis/login button"), 5) FAILED.
Reason:
com.kms.katalon.core.exception.StepFailedException: Unable to verify object 'Object Repository/login regis/login button' is present (Root cause: com.kms.katalon.core.exception.StepFailedException: com.kms.katalon.core.webui.exception.WebElementNotFoundException: Web element with id: 'Object Repository/login regis/login button' located by 'By.xpath: //*[@id="dropdownMenuLink"]' not found)
	at com.kms.katalon.core.keyword.internal.KeywordMain.stepFailed(KeywordMain.groovy:36)
	at com.kms.katalon.core.webui.keyword.internal.WebUIKeywordMain.stepFailed(WebUIKeywordMain.groovy:65)
	at com.kms.katalon.core.webui.keyword.internal.WebUIKeywordMain.runKeyword(WebUIKeywordMain.groovy:27)
	at com.kms.katalon.core.webui.keyword.builtin.VerifyElementPresentKeyword.verifyElementPresent(VerifyElementPresentKeyword.groovy:92)
	at com.kms.katalon.core.webui.keyword.builtin.VerifyElementPresentKeyword.execute(VerifyElementPresentKeyword.groovy:68)
	at com.kms.katalon.core.keyword.internal.KeywordExecutor.executeKeywordForPlatform(KeywordExecutor.groovy:53)
	at com.kms.katalon.core.webui.keyword.WebUiBuiltInKeywords.verifyElementPresent(WebUiBuiltInKeywords.groovy:1434)
	at com.kms.katalon.core.webui.keyword.WebUiBuiltInKeywords$verifyElementPresent$8.call(Unknown Source)
	at login - facebook.run(login - facebook:38)
	at com.kms.katalon.core.main.ScriptEngine.run(ScriptEngine.java:194)
	at com.kms.katalon.core.main.ScriptEngine.runScriptAsRawText(ScriptEngine.java:119)
	at com.kms.katalon.core.main.TestCaseExecutor.runScript(TestCaseExecutor.java:328)
	at com.kms.katalon.core.main.TestCaseExecutor.doExecute(TestCaseExecutor.java:319)
	at com.kms.katalon.core.main.TestCaseExecutor.processExecutionPhase(TestCaseExecutor.java:298)
	at com.kms.katalon.core.main.TestCaseExecutor.accessMainPhase(TestCaseExecutor.java:290)
	at com.kms.katalon.core.main.TestCaseExecutor.execute(TestCaseExecutor.java:224)
	at com.kms.katalon.core.main.TestSuiteExecutor.accessTestCaseMainPhase(TestSuiteExecutor.java:129)
	at com.kms.katalon.core.main.TestSuiteExecutor.accessTestSuiteMainPhase(TestSuiteExecutor.java:112)
	at com.kms.katalon.core.main.TestSuiteExecutor.execute(TestSuiteExecutor.java:81)
	at com.kms.katalon.core.main.TestCaseMain.startTestSuite(TestCaseMain.java:149)
	at com.kms.katalon.core.main.TestCaseMain$startTestSuite$0.call(Unknown Source)
	at TempTestSuite1564028070171.run(TempTestSuite1564028070171.groovy:36)


2019-07-25 11:15:27 - [MESSAGE][INFO] - Unable to find the element located by 'By.xpath: //*[@id="dropdownMenuLink"]'. Please recheck the objects properties to make sure the desired element is located. 

2019-07-25 11:15:27 - [MESSAGE][FAILED] - com.kms.katalon.core.webui.exception.WebElementNotFoundException: Web element with id: 'Object Repository/login regis/login button' located by 'By.xpath: //*[@id="dropdownMenuLink"]' not found
[[ATTACHMENT|C:\\Users\\Felix Y\\git\\KatalonSehatQ\\Reports\\login regis\\20190725_111430\\1564028127356.png]]

2019-07-25 11:15:28 - [MESSAGE][FAILED] - Unable to verify object 'Object Repository/login regis/login button' is present (Root cause: com.kms.katalon.core.exception.StepFailedException: com.kms.katalon.core.webui.exception.WebElementNotFoundException: Web element with id: 'Object Repository/login regis/login button' located by 'By.xpath: //*[@id="dropdownMenuLink"]' not found)
[[ATTACHMENT|C:\\Users\\Felix Y\\git\\KatalonSehatQ\\Reports\\login regis\\20190725_111430\\1564028127756.png]]

2019-07-25 11:15:28 - [MESSAGE][FAILED] - verifyElementPresent(findTestObject("login regis/login button"), 5) FAILED.
Reason:
com.kms.katalon.core.exception.StepFailedException: Unable to verify object 'Object Repository/login regis/login button' is present (Root cause: com.kms.katalon.core.exception.StepFailedException: com.kms.katalon.core.webui.exception.WebElementNotFoundException: Web element with id: 'Object Repository/login regis/login button' located by 'By.xpath: //*[@id="dropdownMenuLink"]' not found)
	at com.kms.katalon.core.keyword.internal.KeywordMain.stepFailed(KeywordMain.groovy:36)
	at com.kms.katalon.core.webui.keyword.internal.WebUIKeywordMain.stepFailed(WebUIKeywordMain.groovy:65)
	at com.kms.katalon.core.webui.keyword.internal.WebUIKeywordMain.runKeyword(WebUIKeywordMain.groovy:27)
	at com.kms.katalon.core.webui.keyword.builtin.VerifyElementPresentKeyword.verifyElementPresent(VerifyElementPresentKeyword.groovy:92)
	at com.kms.katalon.core.webui.keyword.builtin.VerifyElementPresentKeyword.execute(VerifyElementPresentKeyword.groovy:68)
	at com.kms.katalon.core.keyword.internal.KeywordExecutor.executeKeywordForPlatform(KeywordExecutor.groovy:53)
	at com.kms.katalon.core.webui.keyword.WebUiBuiltInKeywords.verifyElementPresent(WebUiBuiltInKeywords.groovy:1434)
	at com.kms.katalon.core.webui.keyword.WebUiBuiltInKeywords$verifyElementPresent$8.call(Unknown Source)
	at login - facebook.run(login - facebook:38)
	at com.kms.katalon.core.main.ScriptEngine.run(ScriptEngine.java:194)
	at com.kms.katalon.core.main.ScriptEngine.runScriptAsRawText(ScriptEngine.java:119)
	at com.kms.katalon.core.main.TestCaseExecutor.runScript(TestCaseExecutor.java:328)
	at com.kms.katalon.core.main.TestCaseExecutor.doExecute(TestCaseExecutor.java:319)
	at com.kms.katalon.core.main.TestCaseExecutor.processExecutionPhase(TestCaseExecutor.java:298)
	at com.kms.katalon.core.main.TestCaseExecutor.accessMainPhase(TestCaseExecutor.java:290)
	at com.kms.katalon.core.main.TestCaseExecutor.execute(TestCaseExecutor.java:224)
	at com.kms.katalon.core.main.TestSuiteExecutor.accessTestCaseMainPhase(TestSuiteExecutor.java:129)
	at com.kms.katalon.core.main.TestSuiteExecutor.accessTestSuiteMainPhase(TestSuiteExecutor.java:112)
	at com.kms.katalon.core.main.TestSuiteExecutor.execute(TestSuiteExecutor.java:81)
	at com.kms.katalon.core.main.TestCaseMain.startTestSuite(TestCaseMain.java:149)
	at com.kms.katalon.core.main.TestCaseMain$startTestSuite$0.call(Unknown Source)
	at TempTestSuite1564028070171.run(TempTestSuite1564028070171.groovy:36)]]></system-out>
         <system-err><![CDATA[2019-07-25 11:15:09 - [TEST_CASE][FAILED] - Test Cases/login regis/login - facebook: Test Cases/login regis/login - facebook FAILED.
Reason:
com.kms.katalon.core.exception.StepFailedException: Unable to verify object 'Object Repository/login regis/login button' is present (Root cause: com.kms.katalon.core.exception.StepFailedException: com.kms.katalon.core.webui.exception.WebElementNotFoundException: Web element with id: 'Object Repository/login regis/login button' located by 'By.xpath: //*[@id="dropdownMenuLink"]' not found)
	at com.kms.katalon.core.keyword.internal.KeywordMain.stepFailed(KeywordMain.groovy:36)
	at com.kms.katalon.core.webui.keyword.internal.WebUIKeywordMain.stepFailed(WebUIKeywordMain.groovy:65)
	at com.kms.katalon.core.webui.keyword.internal.WebUIKeywordMain.runKeyword(WebUIKeywordMain.groovy:27)
	at com.kms.katalon.core.webui.keyword.builtin.VerifyElementPresentKeyword.verifyElementPresent(VerifyElementPresentKeyword.groovy:92)
	at com.kms.katalon.core.webui.keyword.builtin.VerifyElementPresentKeyword.execute(VerifyElementPresentKeyword.groovy:68)
	at com.kms.katalon.core.keyword.internal.KeywordExecutor.executeKeywordForPlatform(KeywordExecutor.groovy:53)
	at com.kms.katalon.core.webui.keyword.WebUiBuiltInKeywords.verifyElementPresent(WebUiBuiltInKeywords.groovy:1434)
	at com.kms.katalon.core.webui.keyword.WebUiBuiltInKeywords$verifyElementPresent$8.call(Unknown Source)
	at login - facebook.run(login - facebook:38)
	at com.kms.katalon.core.main.ScriptEngine.run(ScriptEngine.java:194)
	at com.kms.katalon.core.main.ScriptEngine.runScriptAsRawText(ScriptEngine.java:119)
	at com.kms.katalon.core.main.TestCaseExecutor.runScript(TestCaseExecutor.java:328)
	at com.kms.katalon.core.main.TestCaseExecutor.doExecute(TestCaseExecutor.java:319)
	at com.kms.katalon.core.main.TestCaseExecutor.processExecutionPhase(TestCaseExecutor.java:298)
	at com.kms.katalon.core.main.TestCaseExecutor.accessMainPhase(TestCaseExecutor.java:290)
	at com.kms.katalon.core.main.TestCaseExecutor.execute(TestCaseExecutor.java:224)
	at com.kms.katalon.core.main.TestSuiteExecutor.accessTestCaseMainPhase(TestSuiteExecutor.java:129)
	at com.kms.katalon.core.main.TestSuiteExecutor.accessTestSuiteMainPhase(TestSuiteExecutor.java:112)
	at com.kms.katalon.core.main.TestSuiteExecutor.execute(TestSuiteExecutor.java:81)
	at com.kms.katalon.core.main.TestCaseMain.startTestSuite(TestCaseMain.java:149)
	at com.kms.katalon.core.main.TestCaseMain$startTestSuite$0.call(Unknown Source)
	at TempTestSuite1564028070171.run(TempTestSuite1564028070171.groovy:36)]]></system-err>
      </testcase>
      <testcase name="Test Cases/login regis/log out - direct url" classname="Test Cases/login regis/log out - direct url" status="PASSED">
         <system-out><![CDATA[2019-07-25 11:15:28 - [TEST_CASE][PASSED] - Test Cases/login regis/log out - direct url: Test Cases/login regis/log out - direct url

2019-07-25 11:15:28 - [TEST_STEP][NOT_RUN] - openBrowser(""): NOT_RUN: openBrowser("")

2019-07-25 11:15:28 - [MESSAGE][NOT_RUN] - NOT_RUN: openBrowser("")

2019-07-25 11:15:28 - [TEST_STEP][NOT_RUN] - maximizeWindow(): NOT_RUN: maximizeWindow()

2019-07-25 11:15:28 - [MESSAGE][NOT_RUN] - NOT_RUN: maximizeWindow()

2019-07-25 11:15:28 - [TEST_STEP][NOT_RUN] - callTestCase(findTestCase("404 checker by sitemap/404 checker by sitemap - login steps"), [:], STOP_ON_FAILURE): NOT_RUN: callTestCase(findTestCase("404 checker by sitemap/404 checker by sitemap - login steps"), [:], STOP_ON_FAILURE)

2019-07-25 11:15:28 - [MESSAGE][NOT_RUN] - NOT_RUN: callTestCase(findTestCase("404 checker by sitemap/404 checker by sitemap - login steps"), [:], STOP_ON_FAILURE)

2019-07-25 11:15:28 - [TEST_STEP][PASSED] - delay(2): Delayed 2 second(s)

2019-07-25 11:15:30 - [MESSAGE][PASSED] - Delayed 2 second(s)

2019-07-25 11:15:30 - [TEST_STEP][PASSED] - navigateToUrl(target + "sehatq.com/keluar"): Navigate to 'https://dev.sehatq.com/keluar' successfully

2019-07-25 11:15:30 - [MESSAGE][PASSED] - Navigate to 'https://dev.sehatq.com/keluar' successfully

2019-07-25 11:15:30 - [TEST_STEP][NOT_RUN] - closeBrowser(): NOT_RUN: closeBrowser()

2019-07-25 11:15:30 - [MESSAGE][NOT_RUN] - NOT_RUN: closeBrowser()]]></system-out>
         <system-err><![CDATA[]]></system-err>
      </testcase>
      <testcase name="Test Cases/login regis/login - google" classname="Test Cases/login regis/login - google" status="FAILED">
         <failure type="FAILED" message="Test Cases/login regis/login - google FAILED.
Reason:
com.kms.katalon.core.exception.StepFailedException: Unable to verify object 'Object Repository/login regis/login button' is present (Root cause: com.kms.katalon.core.exception.StepFailedException: com.kms.katalon.core.webui.exception.WebElementNotFoundException: Web element with id: 'Object Repository/login regis/login button' located by 'By.xpath: //*[@id=&quot;dropdownMenuLink&quot;]' not found)
	at com.kms.katalon.core.keyword.internal.KeywordMain.stepFailed(KeywordMain.groovy:36)
	at com.kms.katalon.core.webui.keyword.internal.WebUIKeywordMain.stepFailed(WebUIKeywordMain.groovy:65)
	at com.kms.katalon.core.webui.keyword.internal.WebUIKeywordMain.runKeyword(WebUIKeywordMain.groovy:27)
	at com.kms.katalon.core.webui.keyword.builtin.VerifyElementPresentKeyword.verifyElementPresent(VerifyElementPresentKeyword.groovy:92)
	at com.kms.katalon.core.webui.keyword.builtin.VerifyElementPresentKeyword.execute(VerifyElementPresentKeyword.groovy:68)
	at com.kms.katalon.core.keyword.internal.KeywordExecutor.executeKeywordForPlatform(KeywordExecutor.groovy:53)
	at com.kms.katalon.core.webui.keyword.WebUiBuiltInKeywords.verifyElementPresent(WebUiBuiltInKeywords.groovy:1434)
	at com.kms.katalon.core.webui.keyword.WebUiBuiltInKeywords$verifyElementPresent$8.call(Unknown Source)
	at login - google.run(login - google:42)
	at com.kms.katalon.core.main.ScriptEngine.run(ScriptEngine.java:194)
	at com.kms.katalon.core.main.ScriptEngine.runScriptAsRawText(ScriptEngine.java:119)
	at com.kms.katalon.core.main.TestCaseExecutor.runScript(TestCaseExecutor.java:328)
	at com.kms.katalon.core.main.TestCaseExecutor.doExecute(TestCaseExecutor.java:319)
	at com.kms.katalon.core.main.TestCaseExecutor.processExecutionPhase(TestCaseExecutor.java:298)
	at com.kms.katalon.core.main.TestCaseExecutor.accessMainPhase(TestCaseExecutor.java:290)
	at com.kms.katalon.core.main.TestCaseExecutor.execute(TestCaseExecutor.java:224)
	at com.kms.katalon.core.main.TestSuiteExecutor.accessTestCaseMainPhase(TestSuiteExecutor.java:129)
	at com.kms.katalon.core.main.TestSuiteExecutor.accessTestSuiteMainPhase(TestSuiteExecutor.java:112)
	at com.kms.katalon.core.main.TestSuiteExecutor.execute(TestSuiteExecutor.java:81)
	at com.kms.katalon.core.main.TestCaseMain.startTestSuite(TestCaseMain.java:149)
	at com.kms.katalon.core.main.TestCaseMain$startTestSuite$0.call(Unknown Source)
	at TempTestSuite1564028070171.run(TempTestSuite1564028070171.groovy:36)
"/>
         <system-out><![CDATA[2019-07-25 11:15:30 - [TEST_CASE][FAILED] - Test Cases/login regis/login - google: Test Cases/login regis/login - google FAILED.
Reason:
com.kms.katalon.core.exception.StepFailedException: Unable to verify object 'Object Repository/login regis/login button' is present (Root cause: com.kms.katalon.core.exception.StepFailedException: com.kms.katalon.core.webui.exception.WebElementNotFoundException: Web element with id: 'Object Repository/login regis/login button' located by 'By.xpath: //*[@id="dropdownMenuLink"]' not found)
	at com.kms.katalon.core.keyword.internal.KeywordMain.stepFailed(KeywordMain.groovy:36)
	at com.kms.katalon.core.webui.keyword.internal.WebUIKeywordMain.stepFailed(WebUIKeywordMain.groovy:65)
	at com.kms.katalon.core.webui.keyword.internal.WebUIKeywordMain.runKeyword(WebUIKeywordMain.groovy:27)
	at com.kms.katalon.core.webui.keyword.builtin.VerifyElementPresentKeyword.verifyElementPresent(VerifyElementPresentKeyword.groovy:92)
	at com.kms.katalon.core.webui.keyword.builtin.VerifyElementPresentKeyword.execute(VerifyElementPresentKeyword.groovy:68)
	at com.kms.katalon.core.keyword.internal.KeywordExecutor.executeKeywordForPlatform(KeywordExecutor.groovy:53)
	at com.kms.katalon.core.webui.keyword.WebUiBuiltInKeywords.verifyElementPresent(WebUiBuiltInKeywords.groovy:1434)
	at com.kms.katalon.core.webui.keyword.WebUiBuiltInKeywords$verifyElementPresent$8.call(Unknown Source)
	at login - google.run(login - google:42)
	at com.kms.katalon.core.main.ScriptEngine.run(ScriptEngine.java:194)
	at com.kms.katalon.core.main.ScriptEngine.runScriptAsRawText(ScriptEngine.java:119)
	at com.kms.katalon.core.main.TestCaseExecutor.runScript(TestCaseExecutor.java:328)
	at com.kms.katalon.core.main.TestCaseExecutor.doExecute(TestCaseExecutor.java:319)
	at com.kms.katalon.core.main.TestCaseExecutor.processExecutionPhase(TestCaseExecutor.java:298)
	at com.kms.katalon.core.main.TestCaseExecutor.accessMainPhase(TestCaseExecutor.java:290)
	at com.kms.katalon.core.main.TestCaseExecutor.execute(TestCaseExecutor.java:224)
	at com.kms.katalon.core.main.TestSuiteExecutor.accessTestCaseMainPhase(TestSuiteExecutor.java:129)
	at com.kms.katalon.core.main.TestSuiteExecutor.accessTestSuiteMainPhase(TestSuiteExecutor.java:112)
	at com.kms.katalon.core.main.TestSuiteExecutor.execute(TestSuiteExecutor.java:81)
	at com.kms.katalon.core.main.TestCaseMain.startTestSuite(TestCaseMain.java:149)
	at com.kms.katalon.core.main.TestCaseMain$startTestSuite$0.call(Unknown Source)
	at TempTestSuite1564028070171.run(TempTestSuite1564028070171.groovy:36)


2019-07-25 11:15:31 - [TEST_STEP][NOT_RUN] - openBrowser(""): NOT_RUN: openBrowser("")

2019-07-25 11:15:31 - [MESSAGE][NOT_RUN] - NOT_RUN: openBrowser("")

2019-07-25 11:15:31 - [TEST_STEP][NOT_RUN] - maximizeWindow(): NOT_RUN: maximizeWindow()

2019-07-25 11:15:31 - [MESSAGE][NOT_RUN] - NOT_RUN: maximizeWindow()

2019-07-25 11:15:31 - [TEST_STEP][PASSED] - navigateToUrl(target + "sehatq.com/"): Navigate to 'https://dev.sehatq.com/' successfully

2019-07-25 11:15:32 - [MESSAGE][PASSED] - Navigate to 'https://dev.sehatq.com/' successfully

2019-07-25 11:15:32 - [TEST_STEP][PASSED] - waitForPageLoad(5): Wait for page load successfully

2019-07-25 11:15:33 - [MESSAGE][PASSED] - Wait for page load successfully

2019-07-25 11:15:33 - [TEST_STEP][PASSED] - click(findTestObject("Object Repository/login regis/login google/button_Login  Daftar Baru")): Object: 'Object Repository/login regis/login google/button_Login  Daftar Baru' is clicked on

2019-07-25 11:15:33 - [MESSAGE][PASSED] - Object: 'Object Repository/login regis/login google/button_Login  Daftar Baru' is clicked on

2019-07-25 11:15:33 - [TEST_STEP][PASSED] - waitForElementVisible(findTestObject("Object Repository/login regis/login google/input_Alamat E-Mail_email"), 5): Object 'Object Repository/login regis/login google/input_Alamat E-Mail_email' is visible

2019-07-25 11:15:34 - [MESSAGE][PASSED] - Object 'Object Repository/login regis/login google/input_Alamat E-Mail_email' is visible

2019-07-25 11:15:34 - [TEST_STEP][PASSED] - click(findTestObject("Object Repository/login regis/login google/a_Sign in with Google")): Object: 'Object Repository/login regis/login google/a_Sign in with Google' is clicked on

2019-07-25 11:15:36 - [MESSAGE][PASSED] - Object: 'Object Repository/login regis/login google/a_Sign in with Google' is clicked on

2019-07-25 11:15:36 - [TEST_STEP][PASSED] - setText(findTestObject("Object Repository/login regis/login google/input_sehatq.com_identifier"), "felix.yurisman@sehatq.com"): Text 'felix.yurisman@sehatq.com' is set on object 'Object Repository/login regis/login google/input_sehatq.com_identifier'

2019-07-25 11:15:36 - [MESSAGE][PASSED] - Text 'felix.yurisman@sehatq.com' is set on object 'Object Repository/login regis/login google/input_sehatq.com_identifier'

2019-07-25 11:15:36 - [TEST_STEP][PASSED] - click(findTestObject("Object Repository/login regis/login google/span_Berikutnya")): Object: 'Object Repository/login regis/login google/span_Berikutnya' is clicked on

2019-07-25 11:15:37 - [MESSAGE][PASSED] - Object: 'Object Repository/login regis/login google/span_Berikutnya' is clicked on

2019-07-25 11:15:37 - [TEST_STEP][PASSED] - waitForElementVisible(findTestObject("login regis/login google/input_google pass"), 5): Object 'Object Repository/login regis/login google/input_google pass' is visible

2019-07-25 11:15:38 - [MESSAGE][PASSED] - Object 'Object Repository/login regis/login google/input_google pass' is visible

2019-07-25 11:15:38 - [TEST_STEP][PASSED] - setEncryptedText(findTestObject("login regis/login google/input_google pass"), "Mz5h43mX6kUTLTQ7rovVfw=="): Text ****** has been set on object 'Object Repository/login regis/login google/input_google pass'

2019-07-25 11:15:38 - [MESSAGE][PASSED] - Text ****** has been set on object 'Object Repository/login regis/login google/input_google pass'

2019-07-25 11:15:38 - [TEST_STEP][PASSED] - click(findTestObject("Object Repository/login regis/login google/span_Berikutnya")): Object: 'Object Repository/login regis/login google/span_Berikutnya' is clicked on

2019-07-25 11:15:38 - [MESSAGE][PASSED] - Object: 'Object Repository/login regis/login google/span_Berikutnya' is clicked on

2019-07-25 11:15:38 - [TEST_STEP][PASSED] - waitForPageLoad(5): Wait for page load successfully

2019-07-25 11:15:38 - [MESSAGE][PASSED] - Wait for page load successfully

2019-07-25 11:15:38 - [TEST_STEP][FAILED] - verifyElementPresent(findTestObject("login regis/login button"), 5): verifyElementPresent(findTestObject("login regis/login button"), 5) FAILED.
Reason:
com.kms.katalon.core.exception.StepFailedException: Unable to verify object 'Object Repository/login regis/login button' is present (Root cause: com.kms.katalon.core.exception.StepFailedException: com.kms.katalon.core.webui.exception.WebElementNotFoundException: Web element with id: 'Object Repository/login regis/login button' located by 'By.xpath: //*[@id="dropdownMenuLink"]' not found)
	at com.kms.katalon.core.keyword.internal.KeywordMain.stepFailed(KeywordMain.groovy:36)
	at com.kms.katalon.core.webui.keyword.internal.WebUIKeywordMain.stepFailed(WebUIKeywordMain.groovy:65)
	at com.kms.katalon.core.webui.keyword.internal.WebUIKeywordMain.runKeyword(WebUIKeywordMain.groovy:27)
	at com.kms.katalon.core.webui.keyword.builtin.VerifyElementPresentKeyword.verifyElementPresent(VerifyElementPresentKeyword.groovy:92)
	at com.kms.katalon.core.webui.keyword.builtin.VerifyElementPresentKeyword.execute(VerifyElementPresentKeyword.groovy:68)
	at com.kms.katalon.core.keyword.internal.KeywordExecutor.executeKeywordForPlatform(KeywordExecutor.groovy:53)
	at com.kms.katalon.core.webui.keyword.WebUiBuiltInKeywords.verifyElementPresent(WebUiBuiltInKeywords.groovy:1434)
	at com.kms.katalon.core.webui.keyword.WebUiBuiltInKeywords$verifyElementPresent$8.call(Unknown Source)
	at login - google.run(login - google:42)
	at com.kms.katalon.core.main.ScriptEngine.run(ScriptEngine.java:194)
	at com.kms.katalon.core.main.ScriptEngine.runScriptAsRawText(ScriptEngine.java:119)
	at com.kms.katalon.core.main.TestCaseExecutor.runScript(TestCaseExecutor.java:328)
	at com.kms.katalon.core.main.TestCaseExecutor.doExecute(TestCaseExecutor.java:319)
	at com.kms.katalon.core.main.TestCaseExecutor.processExecutionPhase(TestCaseExecutor.java:298)
	at com.kms.katalon.core.main.TestCaseExecutor.accessMainPhase(TestCaseExecutor.java:290)
	at com.kms.katalon.core.main.TestCaseExecutor.execute(TestCaseExecutor.java:224)
	at com.kms.katalon.core.main.TestSuiteExecutor.accessTestCaseMainPhase(TestSuiteExecutor.java:129)
	at com.kms.katalon.core.main.TestSuiteExecutor.accessTestSuiteMainPhase(TestSuiteExecutor.java:112)
	at com.kms.katalon.core.main.TestSuiteExecutor.execute(TestSuiteExecutor.java:81)
	at com.kms.katalon.core.main.TestCaseMain.startTestSuite(TestCaseMain.java:149)
	at com.kms.katalon.core.main.TestCaseMain$startTestSuite$0.call(Unknown Source)
	at TempTestSuite1564028070171.run(TempTestSuite1564028070171.groovy:36)


2019-07-25 11:15:43 - [MESSAGE][INFO] - Unable to find the element located by 'By.xpath: //*[@id="dropdownMenuLink"]'. Please recheck the objects properties to make sure the desired element is located. 

2019-07-25 11:15:44 - [MESSAGE][FAILED] - com.kms.katalon.core.webui.exception.WebElementNotFoundException: Web element with id: 'Object Repository/login regis/login button' located by 'By.xpath: //*[@id="dropdownMenuLink"]' not found
[[ATTACHMENT|C:\\Users\\Felix Y\\git\\KatalonSehatQ\\Reports\\login regis\\20190725_111430\\1564028143929.png]]

2019-07-25 11:15:45 - [MESSAGE][FAILED] - Unable to verify object 'Object Repository/login regis/login button' is present (Root cause: com.kms.katalon.core.exception.StepFailedException: com.kms.katalon.core.webui.exception.WebElementNotFoundException: Web element with id: 'Object Repository/login regis/login button' located by 'By.xpath: //*[@id="dropdownMenuLink"]' not found)
[[ATTACHMENT|C:\\Users\\Felix Y\\git\\KatalonSehatQ\\Reports\\login regis\\20190725_111430\\1564028144872.png]]

2019-07-25 11:15:45 - [MESSAGE][FAILED] - verifyElementPresent(findTestObject("login regis/login button"), 5) FAILED.
Reason:
com.kms.katalon.core.exception.StepFailedException: Unable to verify object 'Object Repository/login regis/login button' is present (Root cause: com.kms.katalon.core.exception.StepFailedException: com.kms.katalon.core.webui.exception.WebElementNotFoundException: Web element with id: 'Object Repository/login regis/login button' located by 'By.xpath: //*[@id="dropdownMenuLink"]' not found)
	at com.kms.katalon.core.keyword.internal.KeywordMain.stepFailed(KeywordMain.groovy:36)
	at com.kms.katalon.core.webui.keyword.internal.WebUIKeywordMain.stepFailed(WebUIKeywordMain.groovy:65)
	at com.kms.katalon.core.webui.keyword.internal.WebUIKeywordMain.runKeyword(WebUIKeywordMain.groovy:27)
	at com.kms.katalon.core.webui.keyword.builtin.VerifyElementPresentKeyword.verifyElementPresent(VerifyElementPresentKeyword.groovy:92)
	at com.kms.katalon.core.webui.keyword.builtin.VerifyElementPresentKeyword.execute(VerifyElementPresentKeyword.groovy:68)
	at com.kms.katalon.core.keyword.internal.KeywordExecutor.executeKeywordForPlatform(KeywordExecutor.groovy:53)
	at com.kms.katalon.core.webui.keyword.WebUiBuiltInKeywords.verifyElementPresent(WebUiBuiltInKeywords.groovy:1434)
	at com.kms.katalon.core.webui.keyword.WebUiBuiltInKeywords$verifyElementPresent$8.call(Unknown Source)
	at login - google.run(login - google:42)
	at com.kms.katalon.core.main.ScriptEngine.run(ScriptEngine.java:194)
	at com.kms.katalon.core.main.ScriptEngine.runScriptAsRawText(ScriptEngine.java:119)
	at com.kms.katalon.core.main.TestCaseExecutor.runScript(TestCaseExecutor.java:328)
	at com.kms.katalon.core.main.TestCaseExecutor.doExecute(TestCaseExecutor.java:319)
	at com.kms.katalon.core.main.TestCaseExecutor.processExecutionPhase(TestCaseExecutor.java:298)
	at com.kms.katalon.core.main.TestCaseExecutor.accessMainPhase(TestCaseExecutor.java:290)
	at com.kms.katalon.core.main.TestCaseExecutor.execute(TestCaseExecutor.java:224)
	at com.kms.katalon.core.main.TestSuiteExecutor.accessTestCaseMainPhase(TestSuiteExecutor.java:129)
	at com.kms.katalon.core.main.TestSuiteExecutor.accessTestSuiteMainPhase(TestSuiteExecutor.java:112)
	at com.kms.katalon.core.main.TestSuiteExecutor.execute(TestSuiteExecutor.java:81)
	at com.kms.katalon.core.main.TestCaseMain.startTestSuite(TestCaseMain.java:149)
	at com.kms.katalon.core.main.TestCaseMain$startTestSuite$0.call(Unknown Source)
	at TempTestSuite1564028070171.run(TempTestSuite1564028070171.groovy:36)]]></system-out>
         <system-err><![CDATA[2019-07-25 11:15:30 - [TEST_CASE][FAILED] - Test Cases/login regis/login - google: Test Cases/login regis/login - google FAILED.
Reason:
com.kms.katalon.core.exception.StepFailedException: Unable to verify object 'Object Repository/login regis/login button' is present (Root cause: com.kms.katalon.core.exception.StepFailedException: com.kms.katalon.core.webui.exception.WebElementNotFoundException: Web element with id: 'Object Repository/login regis/login button' located by 'By.xpath: //*[@id="dropdownMenuLink"]' not found)
	at com.kms.katalon.core.keyword.internal.KeywordMain.stepFailed(KeywordMain.groovy:36)
	at com.kms.katalon.core.webui.keyword.internal.WebUIKeywordMain.stepFailed(WebUIKeywordMain.groovy:65)
	at com.kms.katalon.core.webui.keyword.internal.WebUIKeywordMain.runKeyword(WebUIKeywordMain.groovy:27)
	at com.kms.katalon.core.webui.keyword.builtin.VerifyElementPresentKeyword.verifyElementPresent(VerifyElementPresentKeyword.groovy:92)
	at com.kms.katalon.core.webui.keyword.builtin.VerifyElementPresentKeyword.execute(VerifyElementPresentKeyword.groovy:68)
	at com.kms.katalon.core.keyword.internal.KeywordExecutor.executeKeywordForPlatform(KeywordExecutor.groovy:53)
	at com.kms.katalon.core.webui.keyword.WebUiBuiltInKeywords.verifyElementPresent(WebUiBuiltInKeywords.groovy:1434)
	at com.kms.katalon.core.webui.keyword.WebUiBuiltInKeywords$verifyElementPresent$8.call(Unknown Source)
	at login - google.run(login - google:42)
	at com.kms.katalon.core.main.ScriptEngine.run(ScriptEngine.java:194)
	at com.kms.katalon.core.main.ScriptEngine.runScriptAsRawText(ScriptEngine.java:119)
	at com.kms.katalon.core.main.TestCaseExecutor.runScript(TestCaseExecutor.java:328)
	at com.kms.katalon.core.main.TestCaseExecutor.doExecute(TestCaseExecutor.java:319)
	at com.kms.katalon.core.main.TestCaseExecutor.processExecutionPhase(TestCaseExecutor.java:298)
	at com.kms.katalon.core.main.TestCaseExecutor.accessMainPhase(TestCaseExecutor.java:290)
	at com.kms.katalon.core.main.TestCaseExecutor.execute(TestCaseExecutor.java:224)
	at com.kms.katalon.core.main.TestSuiteExecutor.accessTestCaseMainPhase(TestSuiteExecutor.java:129)
	at com.kms.katalon.core.main.TestSuiteExecutor.accessTestSuiteMainPhase(TestSuiteExecutor.java:112)
	at com.kms.katalon.core.main.TestSuiteExecutor.execute(TestSuiteExecutor.java:81)
	at com.kms.katalon.core.main.TestCaseMain.startTestSuite(TestCaseMain.java:149)
	at com.kms.katalon.core.main.TestCaseMain$startTestSuite$0.call(Unknown Source)
	at TempTestSuite1564028070171.run(TempTestSuite1564028070171.groovy:36)]]></system-err>
      </testcase>
      <testcase name="Test Cases/login regis/log out - direct url" classname="Test Cases/login regis/log out - direct url" status="PASSED">
         <system-out><![CDATA[2019-07-25 11:15:45 - [TEST_CASE][PASSED] - Test Cases/login regis/log out - direct url: Test Cases/login regis/log out - direct url

2019-07-25 11:15:45 - [TEST_STEP][NOT_RUN] - openBrowser(""): NOT_RUN: openBrowser("")

2019-07-25 11:15:45 - [MESSAGE][NOT_RUN] - NOT_RUN: openBrowser("")

2019-07-25 11:15:45 - [TEST_STEP][NOT_RUN] - maximizeWindow(): NOT_RUN: maximizeWindow()

2019-07-25 11:15:45 - [MESSAGE][NOT_RUN] - NOT_RUN: maximizeWindow()

2019-07-25 11:15:45 - [TEST_STEP][NOT_RUN] - callTestCase(findTestCase("404 checker by sitemap/404 checker by sitemap - login steps"), [:], STOP_ON_FAILURE): NOT_RUN: callTestCase(findTestCase("404 checker by sitemap/404 checker by sitemap - login steps"), [:], STOP_ON_FAILURE)

2019-07-25 11:15:45 - [MESSAGE][NOT_RUN] - NOT_RUN: callTestCase(findTestCase("404 checker by sitemap/404 checker by sitemap - login steps"), [:], STOP_ON_FAILURE)

2019-07-25 11:15:45 - [TEST_STEP][PASSED] - delay(2): Delayed 2 second(s)

2019-07-25 11:15:47 - [MESSAGE][PASSED] - Delayed 2 second(s)

2019-07-25 11:15:47 - [TEST_STEP][PASSED] - navigateToUrl(target + "sehatq.com/keluar"): Navigate to 'https://dev.sehatq.com/keluar' successfully

2019-07-25 11:18:35 - [MESSAGE][PASSED] - Navigate to 'https://dev.sehatq.com/keluar' successfully

2019-07-25 11:18:35 - [TEST_STEP][NOT_RUN] - closeBrowser(): NOT_RUN: closeBrowser()

2019-07-25 11:18:35 - [MESSAGE][NOT_RUN] - NOT_RUN: closeBrowser()]]></system-out>
         <system-err><![CDATA[]]></system-err>
      </testcase>
      <testcase name="Test Cases/login regis/log out - keluar button" classname="Test Cases/login regis/log out - keluar button" status="FAILED">
         <failure type="FAILED" message="Test Cases/login regis/log out - keluar button FAILED.
Reason:
com.kms.katalon.core.exception.StepFailedException: Unable to get text of object 'Object Repository/rumah sakit/booking logged in/button_Login  Daftar Baru' (Root cause: org.openqa.selenium.NoSuchWindowException: no such window: target window already closed
from unknown error: web view not found
  (Session info: chrome=75.0.3770.142)
  (Driver info: chromedriver=2.43.600210 (68dcf5eebde37173d4027fa8635e332711d2874a),platform=Windows NT 10.0.15063 x86_64) (WARNING: The server did not provide any stacktrace information)
Command duration or timeout: 0 milliseconds
Build info: version: '3.7.1', revision: '8a0099a', time: '2017-11-06T21:07:36.161Z'
System info: host: 'LAPTOP-FKLO5HNS', ip: '172.22.250.220', os.name: 'Windows 10', os.arch: 'amd64', os.version: '10.0', java.version: '1.8.0_181'
Driver info: com.kms.katalon.selenium.driver.CChromeDriver
Capabilities {acceptInsecureCerts: false, acceptSslCerts: false, applicationCacheEnabled: false, browserConnectionEnabled: false, browserName: chrome, chrome: {chromedriverVersion: 2.43.600210 (68dcf5eebde371..., userDataDir: C:\Users\FELIXY~1\AppData\L...}, cssSelectorsEnabled: true, databaseEnabled: false, goog:chromeOptions: {debuggerAddress: localhost:51616}, handlesAlerts: true, hasTouchScreen: false, javascriptEnabled: true, locationContextEnabled: true, mobileEmulationEnabled: false, nativeEvents: true, networkConnectionEnabled: false, pageLoadStrategy: normal, platform: XP, platformName: XP, rotatable: false, setWindowRect: true, takesHeapSnapshot: true, takesScreenshot: true, unexpectedAlertBehaviour: , unhandledPromptBehavior: , version: 75.0.3770.142, webStorageEnabled: true}
Session ID: b07ecbef541a9ae48b4b1d1e160b4b04
*** Element info: {Using=xpath, value=//button[@id='btn-login-register']})
	at com.kms.katalon.core.keyword.internal.KeywordMain.stepFailed(KeywordMain.groovy:36)
	at com.kms.katalon.core.webui.keyword.internal.WebUIKeywordMain.stepFailed(WebUIKeywordMain.groovy:65)
	at com.kms.katalon.core.webui.keyword.internal.WebUIKeywordMain.runKeyword(WebUIKeywordMain.groovy:27)
	at com.kms.katalon.core.webui.keyword.builtin.GetTextKeyword.getText(GetTextKeyword.groovy:88)
	at com.kms.katalon.core.webui.keyword.builtin.GetTextKeyword.execute(GetTextKeyword.groovy:67)
	at com.kms.katalon.core.keyword.internal.KeywordExecutor.executeKeywordForPlatform(KeywordExecutor.groovy:53)
	at com.kms.katalon.core.webui.keyword.WebUiBuiltInKeywords.getText(WebUiBuiltInKeywords.groovy:888)
	at com.kms.katalon.core.webui.keyword.WebUiBuiltInKeywords$getText$9.call(Unknown Source)
	at log out - keluar button.run(log out - keluar button:20)
	at com.kms.katalon.core.main.ScriptEngine.run(ScriptEngine.java:194)
	at com.kms.katalon.core.main.ScriptEngine.runScriptAsRawText(ScriptEngine.java:119)
	at com.kms.katalon.core.main.TestCaseExecutor.runScript(TestCaseExecutor.java:328)
	at com.kms.katalon.core.main.TestCaseExecutor.doExecute(TestCaseExecutor.java:319)
	at com.kms.katalon.core.main.TestCaseExecutor.processExecutionPhase(TestCaseExecutor.java:298)
	at com.kms.katalon.core.main.TestCaseExecutor.accessMainPhase(TestCaseExecutor.java:290)
	at com.kms.katalon.core.main.TestCaseExecutor.execute(TestCaseExecutor.java:224)
	at com.kms.katalon.core.main.TestSuiteExecutor.accessTestCaseMainPhase(TestSuiteExecutor.java:129)
	at com.kms.katalon.core.main.TestSuiteExecutor.accessTestSuiteMainPhase(TestSuiteExecutor.java:112)
	at com.kms.katalon.core.main.TestSuiteExecutor.execute(TestSuiteExecutor.java:81)
	at com.kms.katalon.core.main.TestCaseMain.startTestSuite(TestCaseMain.java:149)
	at com.kms.katalon.core.main.TestCaseMain$startTestSuite$0.call(Unknown Source)
	at TempTestSuite1564028070171.run(TempTestSuite1564028070171.groovy:36)
"/>
         <system-out><![CDATA[2019-07-25 11:18:35 - [TEST_CASE][FAILED] - Test Cases/login regis/log out - keluar button: Test Cases/login regis/log out - keluar button FAILED.
Reason:
com.kms.katalon.core.exception.StepFailedException: Unable to get text of object 'Object Repository/rumah sakit/booking logged in/button_Login  Daftar Baru' (Root cause: org.openqa.selenium.NoSuchWindowException: no such window: target window already closed
from unknown error: web view not found
  (Session info: chrome=75.0.3770.142)
  (Driver info: chromedriver=2.43.600210 (68dcf5eebde37173d4027fa8635e332711d2874a),platform=Windows NT 10.0.15063 x86_64) (WARNING: The server did not provide any stacktrace information)
Command duration or timeout: 0 milliseconds
Build info: version: '3.7.1', revision: '8a0099a', time: '2017-11-06T21:07:36.161Z'
System info: host: 'LAPTOP-FKLO5HNS', ip: '172.22.250.220', os.name: 'Windows 10', os.arch: 'amd64', os.version: '10.0', java.version: '1.8.0_181'
Driver info: com.kms.katalon.selenium.driver.CChromeDriver
Capabilities {acceptInsecureCerts: false, acceptSslCerts: false, applicationCacheEnabled: false, browserConnectionEnabled: false, browserName: chrome, chrome: {chromedriverVersion: 2.43.600210 (68dcf5eebde371..., userDataDir: C:\Users\FELIXY~1\AppData\L...}, cssSelectorsEnabled: true, databaseEnabled: false, goog:chromeOptions: {debuggerAddress: localhost:51616}, handlesAlerts: true, hasTouchScreen: false, javascriptEnabled: true, locationContextEnabled: true, mobileEmulationEnabled: false, nativeEvents: true, networkConnectionEnabled: false, pageLoadStrategy: normal, platform: XP, platformName: XP, rotatable: false, setWindowRect: true, takesHeapSnapshot: true, takesScreenshot: true, unexpectedAlertBehaviour: , unhandledPromptBehavior: , version: 75.0.3770.142, webStorageEnabled: true}
Session ID: b07ecbef541a9ae48b4b1d1e160b4b04
*** Element info: {Using=xpath, value=//button[@id='btn-login-register']})
	at com.kms.katalon.core.keyword.internal.KeywordMain.stepFailed(KeywordMain.groovy:36)
	at com.kms.katalon.core.webui.keyword.internal.WebUIKeywordMain.stepFailed(WebUIKeywordMain.groovy:65)
	at com.kms.katalon.core.webui.keyword.internal.WebUIKeywordMain.runKeyword(WebUIKeywordMain.groovy:27)
	at com.kms.katalon.core.webui.keyword.builtin.GetTextKeyword.getText(GetTextKeyword.groovy:88)
	at com.kms.katalon.core.webui.keyword.builtin.GetTextKeyword.execute(GetTextKeyword.groovy:67)
	at com.kms.katalon.core.keyword.internal.KeywordExecutor.executeKeywordForPlatform(KeywordExecutor.groovy:53)
	at com.kms.katalon.core.webui.keyword.WebUiBuiltInKeywords.getText(WebUiBuiltInKeywords.groovy:888)
	at com.kms.katalon.core.webui.keyword.WebUiBuiltInKeywords$getText$9.call(Unknown Source)
	at log out - keluar button.run(log out - keluar button:20)
	at com.kms.katalon.core.main.ScriptEngine.run(ScriptEngine.java:194)
	at com.kms.katalon.core.main.ScriptEngine.runScriptAsRawText(ScriptEngine.java:119)
	at com.kms.katalon.core.main.TestCaseExecutor.runScript(TestCaseExecutor.java:328)
	at com.kms.katalon.core.main.TestCaseExecutor.doExecute(TestCaseExecutor.java:319)
	at com.kms.katalon.core.main.TestCaseExecutor.processExecutionPhase(TestCaseExecutor.java:298)
	at com.kms.katalon.core.main.TestCaseExecutor.accessMainPhase(TestCaseExecutor.java:290)
	at com.kms.katalon.core.main.TestCaseExecutor.execute(TestCaseExecutor.java:224)
	at com.kms.katalon.core.main.TestSuiteExecutor.accessTestCaseMainPhase(TestSuiteExecutor.java:129)
	at com.kms.katalon.core.main.TestSuiteExecutor.accessTestSuiteMainPhase(TestSuiteExecutor.java:112)
	at com.kms.katalon.core.main.TestSuiteExecutor.execute(TestSuiteExecutor.java:81)
	at com.kms.katalon.core.main.TestCaseMain.startTestSuite(TestCaseMain.java:149)
	at com.kms.katalon.core.main.TestCaseMain$startTestSuite$0.call(Unknown Source)
	at TempTestSuite1564028070171.run(TempTestSuite1564028070171.groovy:36)


2019-07-25 11:18:35 - [TEST_STEP][NOT_RUN] - openBrowser(""): NOT_RUN: openBrowser("")

2019-07-25 11:18:35 - [MESSAGE][NOT_RUN] - NOT_RUN: openBrowser("")

2019-07-25 11:18:35 - [TEST_STEP][NOT_RUN] - maximizeWindow(): NOT_RUN: maximizeWindow()

2019-07-25 11:18:35 - [MESSAGE][NOT_RUN] - NOT_RUN: maximizeWindow()

2019-07-25 11:18:35 - [TEST_STEP][FAILED] - a = getText(findTestObject("rumah sakit/booking logged in/button_Login  Daftar Baru")): a = getText(findTestObject("rumah sakit/booking logged in/button_Login  Daftar Baru")) FAILED.
Reason:
com.kms.katalon.core.exception.StepFailedException: Unable to get text of object 'Object Repository/rumah sakit/booking logged in/button_Login  Daftar Baru' (Root cause: org.openqa.selenium.NoSuchWindowException: no such window: target window already closed
from unknown error: web view not found
  (Session info: chrome=75.0.3770.142)
  (Driver info: chromedriver=2.43.600210 (68dcf5eebde37173d4027fa8635e332711d2874a),platform=Windows NT 10.0.15063 x86_64) (WARNING: The server did not provide any stacktrace information)
Command duration or timeout: 0 milliseconds
Build info: version: '3.7.1', revision: '8a0099a', time: '2017-11-06T21:07:36.161Z'
System info: host: 'LAPTOP-FKLO5HNS', ip: '172.22.250.220', os.name: 'Windows 10', os.arch: 'amd64', os.version: '10.0', java.version: '1.8.0_181'
Driver info: com.kms.katalon.selenium.driver.CChromeDriver
Capabilities {acceptInsecureCerts: false, acceptSslCerts: false, applicationCacheEnabled: false, browserConnectionEnabled: false, browserName: chrome, chrome: {chromedriverVersion: 2.43.600210 (68dcf5eebde371..., userDataDir: C:\Users\FELIXY~1\AppData\L...}, cssSelectorsEnabled: true, databaseEnabled: false, goog:chromeOptions: {debuggerAddress: localhost:51616}, handlesAlerts: true, hasTouchScreen: false, javascriptEnabled: true, locationContextEnabled: true, mobileEmulationEnabled: false, nativeEvents: true, networkConnectionEnabled: false, pageLoadStrategy: normal, platform: XP, platformName: XP, rotatable: false, setWindowRect: true, takesHeapSnapshot: true, takesScreenshot: true, unexpectedAlertBehaviour: , unhandledPromptBehavior: , version: 75.0.3770.142, webStorageEnabled: true}
Session ID: b07ecbef541a9ae48b4b1d1e160b4b04
*** Element info: {Using=xpath, value=//button[@id='btn-login-register']})
	at com.kms.katalon.core.keyword.internal.KeywordMain.stepFailed(KeywordMain.groovy:36)
	at com.kms.katalon.core.webui.keyword.internal.WebUIKeywordMain.stepFailed(WebUIKeywordMain.groovy:65)
	at com.kms.katalon.core.webui.keyword.internal.WebUIKeywordMain.runKeyword(WebUIKeywordMain.groovy:27)
	at com.kms.katalon.core.webui.keyword.builtin.GetTextKeyword.getText(GetTextKeyword.groovy:88)
	at com.kms.katalon.core.webui.keyword.builtin.GetTextKeyword.execute(GetTextKeyword.groovy:67)
	at com.kms.katalon.core.keyword.internal.KeywordExecutor.executeKeywordForPlatform(KeywordExecutor.groovy:53)
	at com.kms.katalon.core.webui.keyword.WebUiBuiltInKeywords.getText(WebUiBuiltInKeywords.groovy:888)
	at com.kms.katalon.core.webui.keyword.WebUiBuiltInKeywords$getText$9.call(Unknown Source)
	at log out - keluar button.run(log out - keluar button:20)
	at com.kms.katalon.core.main.ScriptEngine.run(ScriptEngine.java:194)
	at com.kms.katalon.core.main.ScriptEngine.runScriptAsRawText(ScriptEngine.java:119)
	at com.kms.katalon.core.main.TestCaseExecutor.runScript(TestCaseExecutor.java:328)
	at com.kms.katalon.core.main.TestCaseExecutor.doExecute(TestCaseExecutor.java:319)
	at com.kms.katalon.core.main.TestCaseExecutor.processExecutionPhase(TestCaseExecutor.java:298)
	at com.kms.katalon.core.main.TestCaseExecutor.accessMainPhase(TestCaseExecutor.java:290)
	at com.kms.katalon.core.main.TestCaseExecutor.execute(TestCaseExecutor.java:224)
	at com.kms.katalon.core.main.TestSuiteExecutor.accessTestCaseMainPhase(TestSuiteExecutor.java:129)
	at com.kms.katalon.core.main.TestSuiteExecutor.accessTestSuiteMainPhase(TestSuiteExecutor.java:112)
	at com.kms.katalon.core.main.TestSuiteExecutor.execute(TestSuiteExecutor.java:81)
	at com.kms.katalon.core.main.TestCaseMain.startTestSuite(TestCaseMain.java:149)
	at com.kms.katalon.core.main.TestCaseMain$startTestSuite$0.call(Unknown Source)
	at TempTestSuite1564028070171.run(TempTestSuite1564028070171.groovy:36)


2019-07-25 11:18:35 - [MESSAGE][WARNING] - Cannot take screenshot

2019-07-25 11:18:35 - [MESSAGE][FAILED] - Unable to get text of object 'Object Repository/rumah sakit/booking logged in/button_Login  Daftar Baru' (Root cause: org.openqa.selenium.NoSuchWindowException: no such window: target window already closed
from unknown error: web view not found
  (Session info: chrome=75.0.3770.142)
  (Driver info: chromedriver=2.43.600210 (68dcf5eebde37173d4027fa8635e332711d2874a),platform=Windows NT 10.0.15063 x86_64) (WARNING: The server did not provide any stacktrace information)
Command duration or timeout: 0 milliseconds
Build info: version: '3.7.1', revision: '8a0099a', time: '2017-11-06T21:07:36.161Z'
System info: host: 'LAPTOP-FKLO5HNS', ip: '172.22.250.220', os.name: 'Windows 10', os.arch: 'amd64', os.version: '10.0', java.version: '1.8.0_181'
Driver info: com.kms.katalon.selenium.driver.CChromeDriver
Capabilities {acceptInsecureCerts: false, acceptSslCerts: false, applicationCacheEnabled: false, browserConnectionEnabled: false, browserName: chrome, chrome: {chromedriverVersion: 2.43.600210 (68dcf5eebde371..., userDataDir: C:\Users\FELIXY~1\AppData\L...}, cssSelectorsEnabled: true, databaseEnabled: false, goog:chromeOptions: {debuggerAddress: localhost:51616}, handlesAlerts: true, hasTouchScreen: false, javascriptEnabled: true, locationContextEnabled: true, mobileEmulationEnabled: false, nativeEvents: true, networkConnectionEnabled: false, pageLoadStrategy: normal, platform: XP, platformName: XP, rotatable: false, setWindowRect: true, takesHeapSnapshot: true, takesScreenshot: true, unexpectedAlertBehaviour: , unhandledPromptBehavior: , version: 75.0.3770.142, webStorageEnabled: true}
Session ID: b07ecbef541a9ae48b4b1d1e160b4b04
*** Element info: {Using=xpath, value=//button[@id='btn-login-register']})

2019-07-25 11:18:35 - [MESSAGE][FAILED] - a = getText(findTestObject("rumah sakit/booking logged in/button_Login  Daftar Baru")) FAILED.
Reason:
com.kms.katalon.core.exception.StepFailedException: Unable to get text of object 'Object Repository/rumah sakit/booking logged in/button_Login  Daftar Baru' (Root cause: org.openqa.selenium.NoSuchWindowException: no such window: target window already closed
from unknown error: web view not found
  (Session info: chrome=75.0.3770.142)
  (Driver info: chromedriver=2.43.600210 (68dcf5eebde37173d4027fa8635e332711d2874a),platform=Windows NT 10.0.15063 x86_64) (WARNING: The server did not provide any stacktrace information)
Command duration or timeout: 0 milliseconds
Build info: version: '3.7.1', revision: '8a0099a', time: '2017-11-06T21:07:36.161Z'
System info: host: 'LAPTOP-FKLO5HNS', ip: '172.22.250.220', os.name: 'Windows 10', os.arch: 'amd64', os.version: '10.0', java.version: '1.8.0_181'
Driver info: com.kms.katalon.selenium.driver.CChromeDriver
Capabilities {acceptInsecureCerts: false, acceptSslCerts: false, applicationCacheEnabled: false, browserConnectionEnabled: false, browserName: chrome, chrome: {chromedriverVersion: 2.43.600210 (68dcf5eebde371..., userDataDir: C:\Users\FELIXY~1\AppData\L...}, cssSelectorsEnabled: true, databaseEnabled: false, goog:chromeOptions: {debuggerAddress: localhost:51616}, handlesAlerts: true, hasTouchScreen: false, javascriptEnabled: true, locationContextEnabled: true, mobileEmulationEnabled: false, nativeEvents: true, networkConnectionEnabled: false, pageLoadStrategy: normal, platform: XP, platformName: XP, rotatable: false, setWindowRect: true, takesHeapSnapshot: true, takesScreenshot: true, unexpectedAlertBehaviour: , unhandledPromptBehavior: , version: 75.0.3770.142, webStorageEnabled: true}
Session ID: b07ecbef541a9ae48b4b1d1e160b4b04
*** Element info: {Using=xpath, value=//button[@id='btn-login-register']})
	at com.kms.katalon.core.keyword.internal.KeywordMain.stepFailed(KeywordMain.groovy:36)
	at com.kms.katalon.core.webui.keyword.internal.WebUIKeywordMain.stepFailed(WebUIKeywordMain.groovy:65)
	at com.kms.katalon.core.webui.keyword.internal.WebUIKeywordMain.runKeyword(WebUIKeywordMain.groovy:27)
	at com.kms.katalon.core.webui.keyword.builtin.GetTextKeyword.getText(GetTextKeyword.groovy:88)
	at com.kms.katalon.core.webui.keyword.builtin.GetTextKeyword.execute(GetTextKeyword.groovy:67)
	at com.kms.katalon.core.keyword.internal.KeywordExecutor.executeKeywordForPlatform(KeywordExecutor.groovy:53)
	at com.kms.katalon.core.webui.keyword.WebUiBuiltInKeywords.getText(WebUiBuiltInKeywords.groovy:888)
	at com.kms.katalon.core.webui.keyword.WebUiBuiltInKeywords$getText$9.call(Unknown Source)
	at log out - keluar button.run(log out - keluar button:20)
	at com.kms.katalon.core.main.ScriptEngine.run(ScriptEngine.java:194)
	at com.kms.katalon.core.main.ScriptEngine.runScriptAsRawText(ScriptEngine.java:119)
	at com.kms.katalon.core.main.TestCaseExecutor.runScript(TestCaseExecutor.java:328)
	at com.kms.katalon.core.main.TestCaseExecutor.doExecute(TestCaseExecutor.java:319)
	at com.kms.katalon.core.main.TestCaseExecutor.processExecutionPhase(TestCaseExecutor.java:298)
	at com.kms.katalon.core.main.TestCaseExecutor.accessMainPhase(TestCaseExecutor.java:290)
	at com.kms.katalon.core.main.TestCaseExecutor.execute(TestCaseExecutor.java:224)
	at com.kms.katalon.core.main.TestSuiteExecutor.accessTestCaseMainPhase(TestSuiteExecutor.java:129)
	at com.kms.katalon.core.main.TestSuiteExecutor.accessTestSuiteMainPhase(TestSuiteExecutor.java:112)
	at com.kms.katalon.core.main.TestSuiteExecutor.execute(TestSuiteExecutor.java:81)
	at com.kms.katalon.core.main.TestCaseMain.startTestSuite(TestCaseMain.java:149)
	at com.kms.katalon.core.main.TestCaseMain$startTestSuite$0.call(Unknown Source)
	at TempTestSuite1564028070171.run(TempTestSuite1564028070171.groovy:36)]]></system-out>
         <system-err><![CDATA[2019-07-25 11:18:35 - [TEST_CASE][FAILED] - Test Cases/login regis/log out - keluar button: Test Cases/login regis/log out - keluar button FAILED.
Reason:
com.kms.katalon.core.exception.StepFailedException: Unable to get text of object 'Object Repository/rumah sakit/booking logged in/button_Login  Daftar Baru' (Root cause: org.openqa.selenium.NoSuchWindowException: no such window: target window already closed
from unknown error: web view not found
  (Session info: chrome=75.0.3770.142)
  (Driver info: chromedriver=2.43.600210 (68dcf5eebde37173d4027fa8635e332711d2874a),platform=Windows NT 10.0.15063 x86_64) (WARNING: The server did not provide any stacktrace information)
Command duration or timeout: 0 milliseconds
Build info: version: '3.7.1', revision: '8a0099a', time: '2017-11-06T21:07:36.161Z'
System info: host: 'LAPTOP-FKLO5HNS', ip: '172.22.250.220', os.name: 'Windows 10', os.arch: 'amd64', os.version: '10.0', java.version: '1.8.0_181'
Driver info: com.kms.katalon.selenium.driver.CChromeDriver
Capabilities {acceptInsecureCerts: false, acceptSslCerts: false, applicationCacheEnabled: false, browserConnectionEnabled: false, browserName: chrome, chrome: {chromedriverVersion: 2.43.600210 (68dcf5eebde371..., userDataDir: C:\Users\FELIXY~1\AppData\L...}, cssSelectorsEnabled: true, databaseEnabled: false, goog:chromeOptions: {debuggerAddress: localhost:51616}, handlesAlerts: true, hasTouchScreen: false, javascriptEnabled: true, locationContextEnabled: true, mobileEmulationEnabled: false, nativeEvents: true, networkConnectionEnabled: false, pageLoadStrategy: normal, platform: XP, platformName: XP, rotatable: false, setWindowRect: true, takesHeapSnapshot: true, takesScreenshot: true, unexpectedAlertBehaviour: , unhandledPromptBehavior: , version: 75.0.3770.142, webStorageEnabled: true}
Session ID: b07ecbef541a9ae48b4b1d1e160b4b04
*** Element info: {Using=xpath, value=//button[@id='btn-login-register']})
	at com.kms.katalon.core.keyword.internal.KeywordMain.stepFailed(KeywordMain.groovy:36)
	at com.kms.katalon.core.webui.keyword.internal.WebUIKeywordMain.stepFailed(WebUIKeywordMain.groovy:65)
	at com.kms.katalon.core.webui.keyword.internal.WebUIKeywordMain.runKeyword(WebUIKeywordMain.groovy:27)
	at com.kms.katalon.core.webui.keyword.builtin.GetTextKeyword.getText(GetTextKeyword.groovy:88)
	at com.kms.katalon.core.webui.keyword.builtin.GetTextKeyword.execute(GetTextKeyword.groovy:67)
	at com.kms.katalon.core.keyword.internal.KeywordExecutor.executeKeywordForPlatform(KeywordExecutor.groovy:53)
	at com.kms.katalon.core.webui.keyword.WebUiBuiltInKeywords.getText(WebUiBuiltInKeywords.groovy:888)
	at com.kms.katalon.core.webui.keyword.WebUiBuiltInKeywords$getText$9.call(Unknown Source)
	at log out - keluar button.run(log out - keluar button:20)
	at com.kms.katalon.core.main.ScriptEngine.run(ScriptEngine.java:194)
	at com.kms.katalon.core.main.ScriptEngine.runScriptAsRawText(ScriptEngine.java:119)
	at com.kms.katalon.core.main.TestCaseExecutor.runScript(TestCaseExecutor.java:328)
	at com.kms.katalon.core.main.TestCaseExecutor.doExecute(TestCaseExecutor.java:319)
	at com.kms.katalon.core.main.TestCaseExecutor.processExecutionPhase(TestCaseExecutor.java:298)
	at com.kms.katalon.core.main.TestCaseExecutor.accessMainPhase(TestCaseExecutor.java:290)
	at com.kms.katalon.core.main.TestCaseExecutor.execute(TestCaseExecutor.java:224)
	at com.kms.katalon.core.main.TestSuiteExecutor.accessTestCaseMainPhase(TestSuiteExecutor.java:129)
	at com.kms.katalon.core.main.TestSuiteExecutor.accessTestSuiteMainPhase(TestSuiteExecutor.java:112)
	at com.kms.katalon.core.main.TestSuiteExecutor.execute(TestSuiteExecutor.java:81)
	at com.kms.katalon.core.main.TestCaseMain.startTestSuite(TestCaseMain.java:149)
	at com.kms.katalon.core.main.TestCaseMain$startTestSuite$0.call(Unknown Source)
	at TempTestSuite1564028070171.run(TempTestSuite1564028070171.groovy:36)]]></system-err>
      </testcase>
      <system-out><![CDATA[2019-07-25 11:14:32 - [TEST_SUITE][FAILED] - login regis: Test Cases/login regis/login - facebook FAILED.
Reason:
com.kms.katalon.core.exception.StepFailedException: Unable to verify object 'Object Repository/login regis/login button' is present (Root cause: com.kms.katalon.core.exception.StepFailedException: com.kms.katalon.core.webui.exception.WebElementNotFoundException: Web element with id: 'Object Repository/login regis/login button' located by 'By.xpath: //*[@id="dropdownMenuLink"]' not found)
	at com.kms.katalon.core.keyword.internal.KeywordMain.stepFailed(KeywordMain.groovy:36)
	at com.kms.katalon.core.webui.keyword.internal.WebUIKeywordMain.stepFailed(WebUIKeywordMain.groovy:65)
	at com.kms.katalon.core.webui.keyword.internal.WebUIKeywordMain.runKeyword(WebUIKeywordMain.groovy:27)
	at com.kms.katalon.core.webui.keyword.builtin.VerifyElementPresentKeyword.verifyElementPresent(VerifyElementPresentKeyword.groovy:92)
	at com.kms.katalon.core.webui.keyword.builtin.VerifyElementPresentKeyword.execute(VerifyElementPresentKeyword.groovy:68)
	at com.kms.katalon.core.keyword.internal.KeywordExecutor.executeKeywordForPlatform(KeywordExecutor.groovy:53)
	at com.kms.katalon.core.webui.keyword.WebUiBuiltInKeywords.verifyElementPresent(WebUiBuiltInKeywords.groovy:1434)
	at com.kms.katalon.core.webui.keyword.WebUiBuiltInKeywords$verifyElementPresent$8.call(Unknown Source)
	at login - facebook.run(login - facebook:38)
	at com.kms.katalon.core.main.ScriptEngine.run(ScriptEngine.java:194)
	at com.kms.katalon.core.main.ScriptEngine.runScriptAsRawText(ScriptEngine.java:119)
	at com.kms.katalon.core.main.TestCaseExecutor.runScript(TestCaseExecutor.java:328)
	at com.kms.katalon.core.main.TestCaseExecutor.doExecute(TestCaseExecutor.java:319)
	at com.kms.katalon.core.main.TestCaseExecutor.processExecutionPhase(TestCaseExecutor.java:298)
	at com.kms.katalon.core.main.TestCaseExecutor.accessMainPhase(TestCaseExecutor.java:290)
	at com.kms.katalon.core.main.TestCaseExecutor.execute(TestCaseExecutor.java:224)
	at com.kms.katalon.core.main.TestSuiteExecutor.accessTestCaseMainPhase(TestSuiteExecutor.java:129)
	at com.kms.katalon.core.main.TestSuiteExecutor.accessTestSuiteMainPhase(TestSuiteExecutor.java:112)
	at com.kms.katalon.core.main.TestSuiteExecutor.execute(TestSuiteExecutor.java:81)
	at com.kms.katalon.core.main.TestCaseMain.startTestSuite(TestCaseMain.java:149)
	at com.kms.katalon.core.main.TestCaseMain$startTestSuite$0.call(Unknown Source)
	at TempTestSuite1564028070171.run(TempTestSuite1564028070171.groovy:36)]]></system-out>
      <system-err><![CDATA[2019-07-25 11:14:32 - [TEST_SUITE][FAILED] - login regis: Test Cases/login regis/login - facebook FAILED.
Reason:
com.kms.katalon.core.exception.StepFailedException: Unable to verify object 'Object Repository/login regis/login button' is present (Root cause: com.kms.katalon.core.exception.StepFailedException: com.kms.katalon.core.webui.exception.WebElementNotFoundException: Web element with id: 'Object Repository/login regis/login button' located by 'By.xpath: //*[@id="dropdownMenuLink"]' not found)
	at com.kms.katalon.core.keyword.internal.KeywordMain.stepFailed(KeywordMain.groovy:36)
	at com.kms.katalon.core.webui.keyword.internal.WebUIKeywordMain.stepFailed(WebUIKeywordMain.groovy:65)
	at com.kms.katalon.core.webui.keyword.internal.WebUIKeywordMain.runKeyword(WebUIKeywordMain.groovy:27)
	at com.kms.katalon.core.webui.keyword.builtin.VerifyElementPresentKeyword.verifyElementPresent(VerifyElementPresentKeyword.groovy:92)
	at com.kms.katalon.core.webui.keyword.builtin.VerifyElementPresentKeyword.execute(VerifyElementPresentKeyword.groovy:68)
	at com.kms.katalon.core.keyword.internal.KeywordExecutor.executeKeywordForPlatform(KeywordExecutor.groovy:53)
	at com.kms.katalon.core.webui.keyword.WebUiBuiltInKeywords.verifyElementPresent(WebUiBuiltInKeywords.groovy:1434)
	at com.kms.katalon.core.webui.keyword.WebUiBuiltInKeywords$verifyElementPresent$8.call(Unknown Source)
	at login - facebook.run(login - facebook:38)
	at com.kms.katalon.core.main.ScriptEngine.run(ScriptEngine.java:194)
	at com.kms.katalon.core.main.ScriptEngine.runScriptAsRawText(ScriptEngine.java:119)
	at com.kms.katalon.core.main.TestCaseExecutor.runScript(TestCaseExecutor.java:328)
	at com.kms.katalon.core.main.TestCaseExecutor.doExecute(TestCaseExecutor.java:319)
	at com.kms.katalon.core.main.TestCaseExecutor.processExecutionPhase(TestCaseExecutor.java:298)
	at com.kms.katalon.core.main.TestCaseExecutor.accessMainPhase(TestCaseExecutor.java:290)
	at com.kms.katalon.core.main.TestCaseExecutor.execute(TestCaseExecutor.java:224)
	at com.kms.katalon.core.main.TestSuiteExecutor.accessTestCaseMainPhase(TestSuiteExecutor.java:129)
	at com.kms.katalon.core.main.TestSuiteExecutor.accessTestSuiteMainPhase(TestSuiteExecutor.java:112)
	at com.kms.katalon.core.main.TestSuiteExecutor.execute(TestSuiteExecutor.java:81)
	at com.kms.katalon.core.main.TestCaseMain.startTestSuite(TestCaseMain.java:149)
	at com.kms.katalon.core.main.TestCaseMain$startTestSuite$0.call(Unknown Source)
	at TempTestSuite1564028070171.run(TempTestSuite1564028070171.groovy:36)]]></system-err>
   </testsuite>
</testsuites>
