<?xml version="1.0" encoding="UTF-8"?>
<testsuites name="booking" time="76" tests="3" failures="1" errors="0">
   <testsuite name="booking" tests="3" failures="1" errors="0" time="76" timestamp="2019-07-25 14:16:45" hostname="Felix Y - LAPTOP-FKLO5HNS" id="Test Suites/booking">
      <properties>
         <property name="deviceName" value=""/>
         <property name="devicePlatform" value=""/>
         <property name="logFolder" value="C:\\Users\\Felix Y\\git\\KatalonSehatQ\\Reports\\booking\\20190725_141643"/>
         <property name="logFiles" value="C:\\Users\\Felix Y\\git\\KatalonSehatQ\\Reports\\booking\\20190725_141643\\execution0.log"/>
         <property name="attachments" value="C:\\Users\\Felix Y\\git\\KatalonSehatQ\\Reports\\booking\\20190725_141643\\1564039041421.png, C:\\Users\\Felix Y\\git\\KatalonSehatQ\\Reports\\booking\\20190725_141643\\1564039049107.png, C:\\Users\\Felix Y\\git\\KatalonSehatQ\\Reports\\booking\\20190725_141643\\1564039077748.png, C:\\Users\\Felix Y\\git\\KatalonSehatQ\\Reports\\booking\\20190725_141643\\1564039081197.png, C:\\Users\\Felix Y\\git\\KatalonSehatQ\\Reports\\booking\\20190725_141643\\1564039081538.png"/>
         <property name="hostName" value="Felix Y - LAPTOP-FKLO5HNS"/>
         <property name="os" value="Windows 10 64bit"/>
         <property name="katalonVersion" value="5.10.1.1"/>
         <property name="browser" value="Chrome 75.0.3770.142"/>
         <property name="hostAddress" value="172.22.250.220"/>
         <property name="sessionId" value="d62a6c13d1fdc45b6efbd333bd1bb5ab"/>
         <property name="seleniumVersion" value="3.7.1"/>
         <property name="proxyInformation" value="ProxyInformation{proxyOption=USE_SYSTEM, proxyServerType=HTTP, password=, proxyServerAddress=, proxyServerPort=0}"/>
         <property name="platform" value="Windows 10"/>
      </properties>
      <testcase name="Test Cases/dokter new/dokter - booking not login" classname="Test Cases/dokter new/dokter - booking not login" status="PASSED">
         <system-out><![CDATA[2019-07-25 14:16:46 - [TEST_CASE][PASSED] - Test Cases/dokter new/dokter - booking not login: Test Cases/dokter new/dokter - booking not login

2019-07-25 14:16:46 - [TEST_STEP][PASSED] - openBrowser(""): Browser is opened with url: ''

2019-07-25 14:16:46 - [MESSAGE][INFO] - Starting 'Chrome' driver

2019-07-25 14:16:46 - [MESSAGE][INFO] - Action delay is set to 0 seconds

2019-07-25 14:16:49 - [MESSAGE][PASSED] - Browser is opened with url: ''

2019-07-25 14:16:49 - [TEST_STEP][PASSED] - maximizeWindow(): Current window maximized

2019-07-25 14:16:50 - [MESSAGE][PASSED] - Current window maximized

2019-07-25 14:16:50 - [TEST_STEP][PASSED] - navigateToUrl(target + "sehatq.com/dokter/dr-ar-widjaja-spb"): Navigate to 'https://www.sehatq.com/dokter/dr-ar-widjaja-spb' successfully

2019-07-25 14:16:52 - [MESSAGE][PASSED] - Navigate to 'https://www.sehatq.com/dokter/dr-ar-widjaja-spb' successfully

2019-07-25 14:16:52 - [TEST_STEP][PASSED] - waitForPageLoad(3): Wait for page load successfully

2019-07-25 14:16:53 - [MESSAGE][PASSED] - Wait for page load successfully

2019-07-25 14:16:53 - [TEST_STEP][PASSED] - delay(1): Delayed 1 second(s)

2019-07-25 14:16:55 - [MESSAGE][PASSED] - Delayed 1 second(s)

2019-07-25 14:16:55 - [TEST_STEP][PASSED] - scrollToElement(findTestObject("dokter new/booking not login/input_View Map_date"), 1): Scroll to object 'Object Repository/dokter new/booking not login/input_View Map_date' successfully

2019-07-25 14:16:55 - [MESSAGE][PASSED] - Scroll to object 'Object Repository/dokter new/booking not login/input_View Map_date' successfully

2019-07-25 14:16:55 - [TEST_STEP][PASSED] - click(findTestObject("dokter new/booking not login/input_View Map_date")): Object: 'Object Repository/dokter new/booking not login/input_View Map_date' is clicked on

2019-07-25 14:16:55 - [MESSAGE][PASSED] - Object: 'Object Repository/dokter new/booking not login/input_View Map_date' is clicked on

2019-07-25 14:16:55 - [TEST_STEP][PASSED] - click(findTestObject("Object Repository/dokter new/booking not login/th_Juli 2019")): Object: 'Object Repository/dokter new/booking not login/th_Juli 2019' is clicked on

2019-07-25 14:16:55 - [MESSAGE][PASSED] - Object: 'Object Repository/dokter new/booking not login/th_Juli 2019' is clicked on

2019-07-25 14:16:55 - [TEST_STEP][PASSED] - click(findTestObject("Object Repository/dokter new/booking not login/i_Mg_fa fa-chevron-right")): Object: 'Object Repository/dokter new/booking not login/i_Mg_fa fa-chevron-right' is clicked on

2019-07-25 14:16:55 - [MESSAGE][PASSED] - Object: 'Object Repository/dokter new/booking not login/i_Mg_fa fa-chevron-right' is clicked on

2019-07-25 14:16:55 - [TEST_STEP][PASSED] - click(findTestObject("Object Repository/dokter new/booking not login/span_Jan")): Object: 'Object Repository/dokter new/booking not login/span_Jan' is clicked on

2019-07-25 14:16:55 - [MESSAGE][PASSED] - Object: 'Object Repository/dokter new/booking not login/span_Jan' is clicked on

2019-07-25 14:16:55 - [TEST_STEP][PASSED] - click(findTestObject("Object Repository/dokter new/booking not login/td_6")): Object: 'Object Repository/dokter new/booking not login/td_6' is clicked on

2019-07-25 14:16:55 - [MESSAGE][PASSED] - Object: 'Object Repository/dokter new/booking not login/td_6' is clicked on

2019-07-25 14:16:55 - [TEST_STEP][PASSED] - click(findTestObject("Object Repository/dokter new/booking not login/a_1830 - Selesai")): Object: 'Object Repository/dokter new/booking not login/a_1830 - Selesai' is clicked on

2019-07-25 14:16:57 - [MESSAGE][PASSED] - Object: 'Object Repository/dokter new/booking not login/a_1830 - Selesai' is clicked on

2019-07-25 14:16:57 - [TEST_STEP][PASSED] - delay(2): Delayed 2 second(s)

2019-07-25 14:16:59 - [MESSAGE][PASSED] - Delayed 2 second(s)

2019-07-25 14:16:59 - [TEST_STEP][PASSED] - verifyElementVisible(findTestObject("rumah sakit/booking not login/login pop up")): Object 'Object Repository/rumah sakit/booking not login/login pop up' is visible

2019-07-25 14:16:59 - [MESSAGE][PASSED] - Object 'Object Repository/rumah sakit/booking not login/login pop up' is visible

2019-07-25 14:16:59 - [TEST_STEP][PASSED] - closeBrowser(): Browser is closed

2019-07-25 14:17:00 - [MESSAGE][PASSED] - Browser is closed]]></system-out>
         <system-err><![CDATA[]]></system-err>
      </testcase>
      <testcase name="Test Cases/dokter new/dokter - booking logged in" classname="Test Cases/dokter new/dokter - booking logged in" status="PASSED">
         <system-out><![CDATA[2019-07-25 14:17:00 - [TEST_CASE][PASSED] - Test Cases/dokter new/dokter - booking logged in: Test Cases/dokter new/dokter - booking logged in

2019-07-25 14:17:00 - [TEST_STEP][PASSED] - openBrowser(""): Browser is opened with url: ''

2019-07-25 14:17:00 - [MESSAGE][INFO] - Starting 'Chrome' driver

2019-07-25 14:17:02 - [MESSAGE][PASSED] - Browser is opened with url: ''

2019-07-25 14:17:02 - [TEST_STEP][PASSED] - maximizeWindow(): Current window maximized

2019-07-25 14:17:03 - [MESSAGE][PASSED] - Current window maximized

2019-07-25 14:17:03 - [TEST_STEP][PASSED] - navigateToUrl(target + "sehatq.com/dokter/dr-ar-widjaja-spb"): Navigate to 'https://www.sehatq.com/dokter/dr-ar-widjaja-spb' successfully

2019-07-25 14:17:04 - [MESSAGE][PASSED] - Navigate to 'https://www.sehatq.com/dokter/dr-ar-widjaja-spb' successfully

2019-07-25 14:17:04 - [TEST_STEP][PASSED] - waitForPageLoad(5): Wait for page load successfully

2019-07-25 14:17:06 - [MESSAGE][PASSED] - Wait for page load successfully

2019-07-25 14:17:06 - [TEST_STEP][PASSED] - click(findTestObject("rumah sakit/booking logged in/button_Login  Daftar Baru")): Object: 'Object Repository/rumah sakit/booking logged in/button_Login  Daftar Baru' is clicked on

2019-07-25 14:17:06 - [MESSAGE][PASSED] - Object: 'Object Repository/rumah sakit/booking logged in/button_Login  Daftar Baru' is clicked on

2019-07-25 14:17:06 - [TEST_STEP][PASSED] - waitForElementVisible(findTestObject("rumah sakit/booking logged in/input_Alamat E-Mail_email"), 5): Object 'Object Repository/rumah sakit/booking logged in/input_Alamat E-Mail_email' is visible

2019-07-25 14:17:07 - [MESSAGE][PASSED] - Object 'Object Repository/rumah sakit/booking logged in/input_Alamat E-Mail_email' is visible

2019-07-25 14:17:07 - [TEST_STEP][PASSED] - setText(findTestObject("rumah sakit/booking logged in/input_Alamat E-Mail_email"), "kuning@color.com"): Text 'kuning@color.com' is set on object 'Object Repository/rumah sakit/booking logged in/input_Alamat E-Mail_email'

2019-07-25 14:17:07 - [MESSAGE][PASSED] - Text 'kuning@color.com' is set on object 'Object Repository/rumah sakit/booking logged in/input_Alamat E-Mail_email'

2019-07-25 14:17:07 - [TEST_STEP][PASSED] - setText(findTestObject("rumah sakit/booking logged in/input_Kata Sandi_password"), "123sehatQ!"): Text '123sehatQ!' is set on object 'Object Repository/rumah sakit/booking logged in/input_Kata Sandi_password'

2019-07-25 14:17:07 - [MESSAGE][PASSED] - Text '123sehatQ!' is set on object 'Object Repository/rumah sakit/booking logged in/input_Kata Sandi_password'

2019-07-25 14:17:07 - [TEST_STEP][PASSED] - click(findTestObject("rumah sakit/booking logged in/button_Masuk")): Object: 'Object Repository/rumah sakit/booking logged in/button_Masuk' is clicked on

2019-07-25 14:17:07 - [MESSAGE][PASSED] - Object: 'Object Repository/rumah sakit/booking logged in/button_Masuk' is clicked on

2019-07-25 14:17:07 - [TEST_STEP][PASSED] - delay(3): Delayed 3 second(s)

2019-07-25 14:17:10 - [MESSAGE][PASSED] - Delayed 3 second(s)

2019-07-25 14:17:10 - [TEST_STEP][PASSED] - if (verifyElementNotPresent(findTestObject("Object Repository/dokter new/loading animation"), 3, OPTIONAL) == true): null

2019-07-25 14:17:11 - [MESSAGE][PASSED] - Web element with id: 'Object Repository/dokter new/loading animation' located by 'By.xpath: //*[@class = 'loading-wrapper first-load']' is not present after '3' second(s)

2019-07-25 14:17:11 - [TEST_STEP][PASSED] - while (verifyElementPresent(findTestObject("Object Repository/dokter new/booking logged in/jadwal praktek section header"), 5, OPTIONAL) == true): null

2019-07-25 14:17:11 - [MESSAGE][PASSED] - Object 'Object Repository/dokter new/booking logged in/jadwal praktek section header' is present

2019-07-25 14:17:11 - [TEST_STEP][PASSED] - a = "/html/body/div[1]/main/div[1]/div/div/div/div[2]/div[2]/div/div/div[4]/div/div/div[3]/div[" + counter + "]/div[3]/a": null

2019-07-25 14:17:11 - [TEST_STEP][PASSED] - schedulebooking = TestObject().addProperty("xpath", EQUALS, a, true): null

2019-07-25 14:17:11 - [TEST_STEP][PASSED] - if (verifyElementClickable(schedulebooking, OPTIONAL) == true): Web element with id: '' located by 'By.xpath: /html/body/div[1]/main/div[1]/div/div/div/div[2]/div[2]/div/div/div[4]/div/div/div[3]/div[1]/div[3]/a' not found

2019-07-25 14:17:21 - [MESSAGE][INFO] - Unable to find the element located by 'By.xpath: /html/body/div[1]/main/div[1]/div/div/div/div[2]/div[2]/div/div/div[4]/div/div/div[3]/div[1]/div[3]/a'. Please recheck the objects properties to make sure the desired element is located. 

2019-07-25 14:17:21 - [MESSAGE][WARNING] - Web element with id: '' located by 'By.xpath: /html/body/div[1]/main/div[1]/div/div/div/div[2]/div[2]/div/div/div[4]/div/div/div[3]/div[1]/div[3]/a' not found
[[ATTACHMENT|C:\\Users\\Felix Y\\git\\KatalonSehatQ\\Reports\\booking\\20190725_141643\\1564039041421.png]]

2019-07-25 14:17:21 - [TEST_STEP][PASSED] - else if (counter != 8): Object 'Object Repository/dokter new/booking logged in/jadwal praktek section header' is present

2019-07-25 14:17:21 - [TEST_STEP][PASSED] - (internal.GlobalVariable.counter++): Object 'Object Repository/dokter new/booking logged in/jadwal praktek section header' is present

2019-07-25 14:17:21 - [MESSAGE][PASSED] - Object 'Object Repository/dokter new/booking logged in/jadwal praktek section header' is present

2019-07-25 14:17:21 - [TEST_STEP][PASSED] - a = "/html/body/div[1]/main/div[1]/div/div/div/div[2]/div[2]/div/div/div[4]/div/div/div[3]/div[" + counter + "]/div[3]/a": null

2019-07-25 14:17:21 - [TEST_STEP][PASSED] - schedulebooking = TestObject().addProperty("xpath", EQUALS, a, true): null

2019-07-25 14:17:21 - [TEST_STEP][PASSED] - if (verifyElementClickable(schedulebooking, OPTIONAL) == true): com.kms.katalon.core.webui.exception.WebElementNotFoundException: Web element with id: 'Object Repository/dokter new/booking logged in/jadwal praktek section header' located by 'By.xpath: /html/body/div[1]/main/div[1]/div/div/div/div[2]/div[1]' not found

2019-07-25 14:17:21 - [MESSAGE][PASSED] - Object '' is clickable

2019-07-25 14:17:21 - [TEST_STEP][PASSED] - click(schedulebooking): com.kms.katalon.core.webui.exception.WebElementNotFoundException: Web element with id: 'Object Repository/dokter new/booking logged in/jadwal praktek section header' located by 'By.xpath: /html/body/div[1]/main/div[1]/div/div/div/div[2]/div[1]' not found

2019-07-25 14:17:22 - [MESSAGE][PASSED] - Object: '' is clicked on

2019-07-25 14:17:29 - [MESSAGE][INFO] - Unable to find the element located by 'By.xpath: /html/body/div[1]/main/div[1]/div/div/div/div[2]/div[1]'. Please recheck the objects properties to make sure the desired element is located. 

2019-07-25 14:17:29 - [MESSAGE][WARNING] - com.kms.katalon.core.webui.exception.WebElementNotFoundException: Web element with id: 'Object Repository/dokter new/booking logged in/jadwal praktek section header' located by 'By.xpath: /html/body/div[1]/main/div[1]/div/div/div/div[2]/div[1]' not found
[[ATTACHMENT|C:\\Users\\Felix Y\\git\\KatalonSehatQ\\Reports\\booking\\20190725_141643\\1564039049107.png]]

2019-07-25 14:17:29 - [TEST_STEP][PASSED] - waitForPageLoad(5): Wait for page load successfully

2019-07-25 14:17:29 - [MESSAGE][PASSED] - Wait for page load successfully

2019-07-25 14:17:29 - [TEST_STEP][PASSED] - verifyElementPresent(findTestObject("rumah sakit/booking logged in/div_Buat Janji Dokter"), 5): Object 'Object Repository/rumah sakit/booking logged in/div_Buat Janji Dokter' is present

2019-07-25 14:17:29 - [MESSAGE][PASSED] - Object 'Object Repository/rumah sakit/booking logged in/div_Buat Janji Dokter' is present

2019-07-25 14:17:29 - [TEST_STEP][PASSED] - counter = 1: null

2019-07-25 14:17:29 - [TEST_STEP][PASSED] - closeBrowser(): Browser is closed

2019-07-25 14:17:30 - [MESSAGE][PASSED] - Browser is closed]]></system-out>
         <system-err><![CDATA[]]></system-err>
      </testcase>
      <testcase name="Test Cases/rumah sakit/rumah sakit - booking not login" classname="Test Cases/rumah sakit/rumah sakit - booking not login" status="PASSED">
         <system-out><![CDATA[2019-07-25 14:17:30 - [TEST_CASE][PASSED] - Test Cases/rumah sakit/rumah sakit - booking not login: Test Cases/rumah sakit/rumah sakit - booking not login

2019-07-25 14:17:30 - [TEST_STEP][PASSED] - openBrowser(""): Browser is opened with url: ''

2019-07-25 14:17:30 - [MESSAGE][INFO] - Starting 'Chrome' driver

2019-07-25 14:17:32 - [MESSAGE][PASSED] - Browser is opened with url: ''

2019-07-25 14:17:32 - [TEST_STEP][PASSED] - maximizeWindow(): Current window maximized

2019-07-25 14:17:33 - [MESSAGE][PASSED] - Current window maximized

2019-07-25 14:17:33 - [TEST_STEP][PASSED] - navigateToUrl(target + "sehatq.com/faskes/rumah-sakit-abdi-waluyo"): Navigate to 'https://www.sehatq.com/faskes/rumah-sakit-abdi-waluyo' successfully

2019-07-25 14:17:35 - [MESSAGE][PASSED] - Navigate to 'https://www.sehatq.com/faskes/rumah-sakit-abdi-waluyo' successfully

2019-07-25 14:17:35 - [TEST_STEP][PASSED] - waitForPageLoad(3): Wait for page load successfully

2019-07-25 14:17:38 - [MESSAGE][PASSED] - Wait for page load successfully

2019-07-25 14:17:38 - [TEST_STEP][PASSED] - click(findTestObject("rumah sakit/booking not login/div_Kandungan")): Object: 'Object Repository/rumah sakit/booking not login/div_Kandungan' is clicked on

2019-07-25 14:17:38 - [MESSAGE][PASSED] - Object: 'Object Repository/rumah sakit/booking not login/div_Kandungan' is clicked on

2019-07-25 14:17:38 - [TEST_STEP][PASSED] - delay(1): Delayed 1 second(s)

2019-07-25 14:17:39 - [MESSAGE][PASSED] - Delayed 1 second(s)

2019-07-25 14:17:39 - [TEST_STEP][PASSED] - scrollToElement(findTestObject("rumah sakit/booking not login/pilih tanggal"), 1): Scroll to object 'Object Repository/rumah sakit/booking not login/pilih tanggal' successfully

2019-07-25 14:17:39 - [MESSAGE][PASSED] - Scroll to object 'Object Repository/rumah sakit/booking not login/pilih tanggal' successfully

2019-07-25 14:17:39 - [TEST_STEP][PASSED] - click(findTestObject("rumah sakit/booking not login/pilih tanggal")): Object: 'Object Repository/rumah sakit/booking not login/pilih tanggal' is clicked on

2019-07-25 14:17:39 - [MESSAGE][PASSED] - Object: 'Object Repository/rumah sakit/booking not login/pilih tanggal' is clicked on

2019-07-25 14:17:39 - [TEST_STEP][PASSED] - click(findTestObject("rumah sakit/booking not login/th_Juli 2019")): Object: 'Object Repository/rumah sakit/booking not login/th_Juli 2019' is clicked on

2019-07-25 14:17:39 - [MESSAGE][PASSED] - Object: 'Object Repository/rumah sakit/booking not login/th_Juli 2019' is clicked on

2019-07-25 14:17:39 - [TEST_STEP][PASSED] - click(findTestObject("rumah sakit/booking not login/th_Mg_next")): Object: 'Object Repository/rumah sakit/booking not login/th_Mg_next' is clicked on

2019-07-25 14:17:39 - [MESSAGE][PASSED] - Object: 'Object Repository/rumah sakit/booking not login/th_Mg_next' is clicked on

2019-07-25 14:17:39 - [TEST_STEP][PASSED] - click(findTestObject("rumah sakit/booking not login/span_Jan")): Object: 'Object Repository/rumah sakit/booking not login/span_Jan' is clicked on

2019-07-25 14:17:39 - [MESSAGE][PASSED] - Object: 'Object Repository/rumah sakit/booking not login/span_Jan' is clicked on

2019-07-25 14:17:39 - [TEST_STEP][PASSED] - click(findTestObject("rumah sakit/booking not login/td_6")): Object: 'Object Repository/rumah sakit/booking not login/td_6' is clicked on

2019-07-25 14:17:39 - [MESSAGE][PASSED] - Object: 'Object Repository/rumah sakit/booking not login/td_6' is clicked on

2019-07-25 14:17:39 - [TEST_STEP][PASSED] - click(findTestObject("rumah sakit/booking not login/a_1700 - 2000")): Object: 'Object Repository/rumah sakit/booking not login/a_1700 - 2000' is clicked on

2019-07-25 14:17:41 - [MESSAGE][PASSED] - Object: 'Object Repository/rumah sakit/booking not login/a_1700 - 2000' is clicked on

2019-07-25 14:17:41 - [TEST_STEP][PASSED] - waitForElementVisible(findTestObject("rumah sakit/booking not login/login pop up"), 3): Object 'Object Repository/rumah sakit/booking not login/login pop up' is visible

2019-07-25 14:17:42 - [MESSAGE][PASSED] - Object 'Object Repository/rumah sakit/booking not login/login pop up' is visible

2019-07-25 14:17:42 - [TEST_STEP][PASSED] - verifyElementVisible(findTestObject("rumah sakit/booking not login/login pop up")): Object 'Object Repository/rumah sakit/booking not login/login pop up' is visible

2019-07-25 14:17:42 - [MESSAGE][PASSED] - Object 'Object Repository/rumah sakit/booking not login/login pop up' is visible

2019-07-25 14:17:42 - [TEST_STEP][PASSED] - closeBrowser(): Browser is closed

2019-07-25 14:17:43 - [MESSAGE][PASSED] - Browser is closed]]></system-out>
         <system-err><![CDATA[]]></system-err>
      </testcase>
      <testcase name="Test Cases/rumah sakit/rumah sakit - booking logged in" classname="Test Cases/rumah sakit/rumah sakit - booking logged in" status="FAILED">
         <failure type="FAILED" message="Test Cases/rumah sakit/rumah sakit - booking logged in FAILED.
Reason:
com.kms.katalon.core.exception.StepFailedException: Unable to verify object 'Object Repository/rumah sakit/booking logged in/div_Buat Janji Dokter' is present (Root cause: com.kms.katalon.core.exception.StepFailedException: com.kms.katalon.core.webui.exception.WebElementNotFoundException: Web element with id: 'Object Repository/rumah sakit/booking logged in/div_Buat Janji Dokter' located by 'By.xpath: id(&quot;pageBookingDoctor&quot;)/section[@class=&quot;booking-doctor&quot;]/div[@class=&quot;container&quot;]/div[@class=&quot;row&quot;]/div[@class=&quot;col-lg-4 col-md-5 js-stickySidebar mb-md-0 mb-5&quot;]/div[@class=&quot;theiaStickySidebar&quot;]/div[@class=&quot;booking-label&quot;][count(. | //div[@class = 'booking-label' and (text() = 'Buat Janji Dokter' or . = 'Buat Janji Dokter')]) = count(//div[@class = 'booking-label' and (text() = 'Buat Janji Dokter' or . = 'Buat Janji Dokter')])]' not found)
	at com.kms.katalon.core.keyword.internal.KeywordMain.stepFailed(KeywordMain.groovy:36)
	at com.kms.katalon.core.webui.keyword.internal.WebUIKeywordMain.stepFailed(WebUIKeywordMain.groovy:65)
	at com.kms.katalon.core.webui.keyword.internal.WebUIKeywordMain.runKeyword(WebUIKeywordMain.groovy:27)
	at com.kms.katalon.core.webui.keyword.builtin.VerifyElementPresentKeyword.verifyElementPresent(VerifyElementPresentKeyword.groovy:92)
	at com.kms.katalon.core.webui.keyword.builtin.VerifyElementPresentKeyword.execute(VerifyElementPresentKeyword.groovy:68)
	at com.kms.katalon.core.keyword.internal.KeywordExecutor.executeKeywordForPlatform(KeywordExecutor.groovy:53)
	at com.kms.katalon.core.webui.keyword.WebUiBuiltInKeywords.verifyElementPresent(WebUiBuiltInKeywords.groovy:1434)
	at com.kms.katalon.core.webui.keyword.WebUiBuiltInKeywords$verifyElementPresent$12.call(Unknown Source)
	at rumah sakit - booking logged in.run(rumah sakit - booking logged in:61)
	at com.kms.katalon.core.main.ScriptEngine.run(ScriptEngine.java:194)
	at com.kms.katalon.core.main.ScriptEngine.runScriptAsRawText(ScriptEngine.java:119)
	at com.kms.katalon.core.main.TestCaseExecutor.runScript(TestCaseExecutor.java:328)
	at com.kms.katalon.core.main.TestCaseExecutor.doExecute(TestCaseExecutor.java:319)
	at com.kms.katalon.core.main.TestCaseExecutor.processExecutionPhase(TestCaseExecutor.java:298)
	at com.kms.katalon.core.main.TestCaseExecutor.accessMainPhase(TestCaseExecutor.java:290)
	at com.kms.katalon.core.main.TestCaseExecutor.execute(TestCaseExecutor.java:224)
	at com.kms.katalon.core.main.TestSuiteExecutor.accessTestCaseMainPhase(TestSuiteExecutor.java:129)
	at com.kms.katalon.core.main.TestSuiteExecutor.accessTestSuiteMainPhase(TestSuiteExecutor.java:112)
	at com.kms.katalon.core.main.TestSuiteExecutor.execute(TestSuiteExecutor.java:81)
	at com.kms.katalon.core.main.TestCaseMain.startTestSuite(TestCaseMain.java:149)
	at com.kms.katalon.core.main.TestCaseMain$startTestSuite$0.call(Unknown Source)
	at TempTestSuite1564039003613.run(TempTestSuite1564039003613.groovy:36)
"/>
         <system-out><![CDATA[2019-07-25 14:17:43 - [TEST_CASE][FAILED] - Test Cases/rumah sakit/rumah sakit - booking logged in: Test Cases/rumah sakit/rumah sakit - booking logged in FAILED.
Reason:
com.kms.katalon.core.exception.StepFailedException: Unable to verify object 'Object Repository/rumah sakit/booking logged in/div_Buat Janji Dokter' is present (Root cause: com.kms.katalon.core.exception.StepFailedException: com.kms.katalon.core.webui.exception.WebElementNotFoundException: Web element with id: 'Object Repository/rumah sakit/booking logged in/div_Buat Janji Dokter' located by 'By.xpath: id("pageBookingDoctor")/section[@class="booking-doctor"]/div[@class="container"]/div[@class="row"]/div[@class="col-lg-4 col-md-5 js-stickySidebar mb-md-0 mb-5"]/div[@class="theiaStickySidebar"]/div[@class="booking-label"][count(. | //div[@class = 'booking-label' and (text() = 'Buat Janji Dokter' or . = 'Buat Janji Dokter')]) = count(//div[@class = 'booking-label' and (text() = 'Buat Janji Dokter' or . = 'Buat Janji Dokter')])]' not found)
	at com.kms.katalon.core.keyword.internal.KeywordMain.stepFailed(KeywordMain.groovy:36)
	at com.kms.katalon.core.webui.keyword.internal.WebUIKeywordMain.stepFailed(WebUIKeywordMain.groovy:65)
	at com.kms.katalon.core.webui.keyword.internal.WebUIKeywordMain.runKeyword(WebUIKeywordMain.groovy:27)
	at com.kms.katalon.core.webui.keyword.builtin.VerifyElementPresentKeyword.verifyElementPresent(VerifyElementPresentKeyword.groovy:92)
	at com.kms.katalon.core.webui.keyword.builtin.VerifyElementPresentKeyword.execute(VerifyElementPresentKeyword.groovy:68)
	at com.kms.katalon.core.keyword.internal.KeywordExecutor.executeKeywordForPlatform(KeywordExecutor.groovy:53)
	at com.kms.katalon.core.webui.keyword.WebUiBuiltInKeywords.verifyElementPresent(WebUiBuiltInKeywords.groovy:1434)
	at com.kms.katalon.core.webui.keyword.WebUiBuiltInKeywords$verifyElementPresent$12.call(Unknown Source)
	at rumah sakit - booking logged in.run(rumah sakit - booking logged in:61)
	at com.kms.katalon.core.main.ScriptEngine.run(ScriptEngine.java:194)
	at com.kms.katalon.core.main.ScriptEngine.runScriptAsRawText(ScriptEngine.java:119)
	at com.kms.katalon.core.main.TestCaseExecutor.runScript(TestCaseExecutor.java:328)
	at com.kms.katalon.core.main.TestCaseExecutor.doExecute(TestCaseExecutor.java:319)
	at com.kms.katalon.core.main.TestCaseExecutor.processExecutionPhase(TestCaseExecutor.java:298)
	at com.kms.katalon.core.main.TestCaseExecutor.accessMainPhase(TestCaseExecutor.java:290)
	at com.kms.katalon.core.main.TestCaseExecutor.execute(TestCaseExecutor.java:224)
	at com.kms.katalon.core.main.TestSuiteExecutor.accessTestCaseMainPhase(TestSuiteExecutor.java:129)
	at com.kms.katalon.core.main.TestSuiteExecutor.accessTestSuiteMainPhase(TestSuiteExecutor.java:112)
	at com.kms.katalon.core.main.TestSuiteExecutor.execute(TestSuiteExecutor.java:81)
	at com.kms.katalon.core.main.TestCaseMain.startTestSuite(TestCaseMain.java:149)
	at com.kms.katalon.core.main.TestCaseMain$startTestSuite$0.call(Unknown Source)
	at TempTestSuite1564039003613.run(TempTestSuite1564039003613.groovy:36)


2019-07-25 14:17:43 - [TEST_STEP][PASSED] - openBrowser(""): Browser is opened with url: ''

2019-07-25 14:17:43 - [MESSAGE][INFO] - Starting 'Chrome' driver

2019-07-25 14:17:45 - [MESSAGE][PASSED] - Browser is opened with url: ''

2019-07-25 14:17:45 - [TEST_STEP][PASSED] - maximizeWindow(): Current window maximized

2019-07-25 14:17:46 - [MESSAGE][PASSED] - Current window maximized

2019-07-25 14:17:46 - [TEST_STEP][PASSED] - navigateToUrl(target + "sehatq.com/faskes/rumah-sakit-abdi-waluyo"): Navigate to 'https://www.sehatq.com/faskes/rumah-sakit-abdi-waluyo' successfully

2019-07-25 14:17:47 - [MESSAGE][PASSED] - Navigate to 'https://www.sehatq.com/faskes/rumah-sakit-abdi-waluyo' successfully

2019-07-25 14:17:47 - [TEST_STEP][PASSED] - waitForPageLoad(3): Wait for page load successfully

2019-07-25 14:17:50 - [MESSAGE][PASSED] - Wait for page load successfully

2019-07-25 14:17:50 - [TEST_STEP][PASSED] - click(findTestObject("rumah sakit/booking logged in/button_Login  Daftar Baru")): Object: 'Object Repository/rumah sakit/booking logged in/button_Login  Daftar Baru' is clicked on

2019-07-25 14:17:50 - [MESSAGE][PASSED] - Object: 'Object Repository/rumah sakit/booking logged in/button_Login  Daftar Baru' is clicked on

2019-07-25 14:17:50 - [TEST_STEP][PASSED] - waitForElementVisible(findTestObject("rumah sakit/booking logged in/input_Alamat E-Mail_email"), 3): Object 'Object Repository/rumah sakit/booking logged in/input_Alamat E-Mail_email' is visible

2019-07-25 14:17:50 - [MESSAGE][PASSED] - Object 'Object Repository/rumah sakit/booking logged in/input_Alamat E-Mail_email' is visible

2019-07-25 14:17:50 - [TEST_STEP][PASSED] - setText(findTestObject("rumah sakit/booking logged in/input_Alamat E-Mail_email"), "kuning@color.com"): Text 'kuning@color.com' is set on object 'Object Repository/rumah sakit/booking logged in/input_Alamat E-Mail_email'

2019-07-25 14:17:51 - [MESSAGE][PASSED] - Text 'kuning@color.com' is set on object 'Object Repository/rumah sakit/booking logged in/input_Alamat E-Mail_email'

2019-07-25 14:17:51 - [TEST_STEP][PASSED] - setEncryptedText(findTestObject("rumah sakit/booking logged in/input_Kata Sandi_password"), "VU1orW/zbPOwxjV+uFYKbg=="): Text ****** has been set on object 'Object Repository/rumah sakit/booking logged in/input_Kata Sandi_password'

2019-07-25 14:17:51 - [MESSAGE][PASSED] - Text ****** has been set on object 'Object Repository/rumah sakit/booking logged in/input_Kata Sandi_password'

2019-07-25 14:17:51 - [TEST_STEP][PASSED] - click(findTestObject("rumah sakit/booking logged in/button_Masuk")): Object: 'Object Repository/rumah sakit/booking logged in/button_Masuk' is clicked on

2019-07-25 14:17:51 - [MESSAGE][PASSED] - Object: 'Object Repository/rumah sakit/booking logged in/button_Masuk' is clicked on

2019-07-25 14:17:51 - [TEST_STEP][PASSED] - delay(3): Delayed 3 second(s)

2019-07-25 14:17:54 - [MESSAGE][PASSED] - Delayed 3 second(s)

2019-07-25 14:17:54 - [TEST_STEP][PASSED] - scrollToElement(findTestObject("rumah sakit/booking not login/div_Kandungan"), 3): Scroll to object 'Object Repository/rumah sakit/booking not login/div_Kandungan' successfully

2019-07-25 14:17:54 - [MESSAGE][PASSED] - Scroll to object 'Object Repository/rumah sakit/booking not login/div_Kandungan' successfully

2019-07-25 14:17:54 - [TEST_STEP][PASSED] - click(findTestObject("rumah sakit/booking not login/div_Kandungan")): Object: 'Object Repository/rumah sakit/booking not login/div_Kandungan' is clicked on

2019-07-25 14:17:54 - [MESSAGE][PASSED] - Object: 'Object Repository/rumah sakit/booking not login/div_Kandungan' is clicked on

2019-07-25 14:17:54 - [TEST_STEP][PASSED] - if (verifyElementNotPresent(findTestObject("Object Repository/dokter new/loading animation"), 3, OPTIONAL) == true): Web element with id: 'Object Repository/dokter new/loading animation' located by 'By.xpath: //*[@class = 'loading-wrapper first-load']' is present after '3' second(s)

2019-07-25 14:17:58 - [MESSAGE][WARNING] - Web element with id: 'Object Repository/dokter new/loading animation' located by 'By.xpath: //*[@class = 'loading-wrapper first-load']' is present after '3' second(s)
[[ATTACHMENT|C:\\Users\\Felix Y\\git\\KatalonSehatQ\\Reports\\booking\\20190725_141643\\1564039077748.png]]

2019-07-25 14:17:58 - [TEST_STEP][PASSED] - else: schedule loading problem

2019-07-25 14:17:58 - [TEST_STEP][PASSED] - comment("schedule loading problem"): schedule loading problem

2019-07-25 14:17:58 - [MESSAGE][INFO] - schedule loading problem

2019-07-25 14:17:58 - [TEST_STEP][PASSED] - waitForPageLoad(3): Wait for page load successfully

2019-07-25 14:17:58 - [MESSAGE][PASSED] - Wait for page load successfully

2019-07-25 14:17:58 - [TEST_STEP][FAILED] - verifyElementPresent(findTestObject("rumah sakit/booking logged in/div_Buat Janji Dokter"), 3): verifyElementPresent(findTestObject("rumah sakit/booking logged in/div_Buat Janji Dokter"), 3) FAILED.
Reason:
com.kms.katalon.core.exception.StepFailedException: Unable to verify object 'Object Repository/rumah sakit/booking logged in/div_Buat Janji Dokter' is present (Root cause: com.kms.katalon.core.exception.StepFailedException: com.kms.katalon.core.webui.exception.WebElementNotFoundException: Web element with id: 'Object Repository/rumah sakit/booking logged in/div_Buat Janji Dokter' located by 'By.xpath: id("pageBookingDoctor")/section[@class="booking-doctor"]/div[@class="container"]/div[@class="row"]/div[@class="col-lg-4 col-md-5 js-stickySidebar mb-md-0 mb-5"]/div[@class="theiaStickySidebar"]/div[@class="booking-label"][count(. | //div[@class = 'booking-label' and (text() = 'Buat Janji Dokter' or . = 'Buat Janji Dokter')]) = count(//div[@class = 'booking-label' and (text() = 'Buat Janji Dokter' or . = 'Buat Janji Dokter')])]' not found)
	at com.kms.katalon.core.keyword.internal.KeywordMain.stepFailed(KeywordMain.groovy:36)
	at com.kms.katalon.core.webui.keyword.internal.WebUIKeywordMain.stepFailed(WebUIKeywordMain.groovy:65)
	at com.kms.katalon.core.webui.keyword.internal.WebUIKeywordMain.runKeyword(WebUIKeywordMain.groovy:27)
	at com.kms.katalon.core.webui.keyword.builtin.VerifyElementPresentKeyword.verifyElementPresent(VerifyElementPresentKeyword.groovy:92)
	at com.kms.katalon.core.webui.keyword.builtin.VerifyElementPresentKeyword.execute(VerifyElementPresentKeyword.groovy:68)
	at com.kms.katalon.core.keyword.internal.KeywordExecutor.executeKeywordForPlatform(KeywordExecutor.groovy:53)
	at com.kms.katalon.core.webui.keyword.WebUiBuiltInKeywords.verifyElementPresent(WebUiBuiltInKeywords.groovy:1434)
	at com.kms.katalon.core.webui.keyword.WebUiBuiltInKeywords$verifyElementPresent$12.call(Unknown Source)
	at rumah sakit - booking logged in.run(rumah sakit - booking logged in:61)
	at com.kms.katalon.core.main.ScriptEngine.run(ScriptEngine.java:194)
	at com.kms.katalon.core.main.ScriptEngine.runScriptAsRawText(ScriptEngine.java:119)
	at com.kms.katalon.core.main.TestCaseExecutor.runScript(TestCaseExecutor.java:328)
	at com.kms.katalon.core.main.TestCaseExecutor.doExecute(TestCaseExecutor.java:319)
	at com.kms.katalon.core.main.TestCaseExecutor.processExecutionPhase(TestCaseExecutor.java:298)
	at com.kms.katalon.core.main.TestCaseExecutor.accessMainPhase(TestCaseExecutor.java:290)
	at com.kms.katalon.core.main.TestCaseExecutor.execute(TestCaseExecutor.java:224)
	at com.kms.katalon.core.main.TestSuiteExecutor.accessTestCaseMainPhase(TestSuiteExecutor.java:129)
	at com.kms.katalon.core.main.TestSuiteExecutor.accessTestSuiteMainPhase(TestSuiteExecutor.java:112)
	at com.kms.katalon.core.main.TestSuiteExecutor.execute(TestSuiteExecutor.java:81)
	at com.kms.katalon.core.main.TestCaseMain.startTestSuite(TestCaseMain.java:149)
	at com.kms.katalon.core.main.TestCaseMain$startTestSuite$0.call(Unknown Source)
	at TempTestSuite1564039003613.run(TempTestSuite1564039003613.groovy:36)


2019-07-25 14:18:01 - [MESSAGE][INFO] - Unable to find the element located by 'By.xpath: id("pageBookingDoctor")/section[@class="booking-doctor"]/div[@class="container"]/div[@class="row"]/div[@class="col-lg-4 col-md-5 js-stickySidebar mb-md-0 mb-5"]/div[@class="theiaStickySidebar"]/div[@class="booking-label"][count(. | //div[@class = 'booking-label' and (text() = 'Buat Janji Dokter' or . = 'Buat Janji Dokter')]) = count(//div[@class = 'booking-label' and (text() = 'Buat Janji Dokter' or . = 'Buat Janji Dokter')])]'. Please recheck the objects properties to make sure the desired element is located. 

2019-07-25 14:18:01 - [MESSAGE][FAILED] - com.kms.katalon.core.webui.exception.WebElementNotFoundException: Web element with id: 'Object Repository/rumah sakit/booking logged in/div_Buat Janji Dokter' located by 'By.xpath: id("pageBookingDoctor")/section[@class="booking-doctor"]/div[@class="container"]/div[@class="row"]/div[@class="col-lg-4 col-md-5 js-stickySidebar mb-md-0 mb-5"]/div[@class="theiaStickySidebar"]/div[@class="booking-label"][count(. | //div[@class = 'booking-label' and (text() = 'Buat Janji Dokter' or . = 'Buat Janji Dokter')]) = count(//div[@class = 'booking-label' and (text() = 'Buat Janji Dokter' or . = 'Buat Janji Dokter')])]' not found
[[ATTACHMENT|C:\\Users\\Felix Y\\git\\KatalonSehatQ\\Reports\\booking\\20190725_141643\\1564039081197.png]]

2019-07-25 14:18:01 - [MESSAGE][FAILED] - Unable to verify object 'Object Repository/rumah sakit/booking logged in/div_Buat Janji Dokter' is present (Root cause: com.kms.katalon.core.exception.StepFailedException: com.kms.katalon.core.webui.exception.WebElementNotFoundException: Web element with id: 'Object Repository/rumah sakit/booking logged in/div_Buat Janji Dokter' located by 'By.xpath: id("pageBookingDoctor")/section[@class="booking-doctor"]/div[@class="container"]/div[@class="row"]/div[@class="col-lg-4 col-md-5 js-stickySidebar mb-md-0 mb-5"]/div[@class="theiaStickySidebar"]/div[@class="booking-label"][count(. | //div[@class = 'booking-label' and (text() = 'Buat Janji Dokter' or . = 'Buat Janji Dokter')]) = count(//div[@class = 'booking-label' and (text() = 'Buat Janji Dokter' or . = 'Buat Janji Dokter')])]' not found)
[[ATTACHMENT|C:\\Users\\Felix Y\\git\\KatalonSehatQ\\Reports\\booking\\20190725_141643\\1564039081538.png]]

2019-07-25 14:18:01 - [MESSAGE][FAILED] - verifyElementPresent(findTestObject("rumah sakit/booking logged in/div_Buat Janji Dokter"), 3) FAILED.
Reason:
com.kms.katalon.core.exception.StepFailedException: Unable to verify object 'Object Repository/rumah sakit/booking logged in/div_Buat Janji Dokter' is present (Root cause: com.kms.katalon.core.exception.StepFailedException: com.kms.katalon.core.webui.exception.WebElementNotFoundException: Web element with id: 'Object Repository/rumah sakit/booking logged in/div_Buat Janji Dokter' located by 'By.xpath: id("pageBookingDoctor")/section[@class="booking-doctor"]/div[@class="container"]/div[@class="row"]/div[@class="col-lg-4 col-md-5 js-stickySidebar mb-md-0 mb-5"]/div[@class="theiaStickySidebar"]/div[@class="booking-label"][count(. | //div[@class = 'booking-label' and (text() = 'Buat Janji Dokter' or . = 'Buat Janji Dokter')]) = count(//div[@class = 'booking-label' and (text() = 'Buat Janji Dokter' or . = 'Buat Janji Dokter')])]' not found)
	at com.kms.katalon.core.keyword.internal.KeywordMain.stepFailed(KeywordMain.groovy:36)
	at com.kms.katalon.core.webui.keyword.internal.WebUIKeywordMain.stepFailed(WebUIKeywordMain.groovy:65)
	at com.kms.katalon.core.webui.keyword.internal.WebUIKeywordMain.runKeyword(WebUIKeywordMain.groovy:27)
	at com.kms.katalon.core.webui.keyword.builtin.VerifyElementPresentKeyword.verifyElementPresent(VerifyElementPresentKeyword.groovy:92)
	at com.kms.katalon.core.webui.keyword.builtin.VerifyElementPresentKeyword.execute(VerifyElementPresentKeyword.groovy:68)
	at com.kms.katalon.core.keyword.internal.KeywordExecutor.executeKeywordForPlatform(KeywordExecutor.groovy:53)
	at com.kms.katalon.core.webui.keyword.WebUiBuiltInKeywords.verifyElementPresent(WebUiBuiltInKeywords.groovy:1434)
	at com.kms.katalon.core.webui.keyword.WebUiBuiltInKeywords$verifyElementPresent$12.call(Unknown Source)
	at rumah sakit - booking logged in.run(rumah sakit - booking logged in:61)
	at com.kms.katalon.core.main.ScriptEngine.run(ScriptEngine.java:194)
	at com.kms.katalon.core.main.ScriptEngine.runScriptAsRawText(ScriptEngine.java:119)
	at com.kms.katalon.core.main.TestCaseExecutor.runScript(TestCaseExecutor.java:328)
	at com.kms.katalon.core.main.TestCaseExecutor.doExecute(TestCaseExecutor.java:319)
	at com.kms.katalon.core.main.TestCaseExecutor.processExecutionPhase(TestCaseExecutor.java:298)
	at com.kms.katalon.core.main.TestCaseExecutor.accessMainPhase(TestCaseExecutor.java:290)
	at com.kms.katalon.core.main.TestCaseExecutor.execute(TestCaseExecutor.java:224)
	at com.kms.katalon.core.main.TestSuiteExecutor.accessTestCaseMainPhase(TestSuiteExecutor.java:129)
	at com.kms.katalon.core.main.TestSuiteExecutor.accessTestSuiteMainPhase(TestSuiteExecutor.java:112)
	at com.kms.katalon.core.main.TestSuiteExecutor.execute(TestSuiteExecutor.java:81)
	at com.kms.katalon.core.main.TestCaseMain.startTestSuite(TestCaseMain.java:149)
	at com.kms.katalon.core.main.TestCaseMain$startTestSuite$0.call(Unknown Source)
	at TempTestSuite1564039003613.run(TempTestSuite1564039003613.groovy:36)]]></system-out>
         <system-err><![CDATA[2019-07-25 14:17:43 - [TEST_CASE][FAILED] - Test Cases/rumah sakit/rumah sakit - booking logged in: Test Cases/rumah sakit/rumah sakit - booking logged in FAILED.
Reason:
com.kms.katalon.core.exception.StepFailedException: Unable to verify object 'Object Repository/rumah sakit/booking logged in/div_Buat Janji Dokter' is present (Root cause: com.kms.katalon.core.exception.StepFailedException: com.kms.katalon.core.webui.exception.WebElementNotFoundException: Web element with id: 'Object Repository/rumah sakit/booking logged in/div_Buat Janji Dokter' located by 'By.xpath: id("pageBookingDoctor")/section[@class="booking-doctor"]/div[@class="container"]/div[@class="row"]/div[@class="col-lg-4 col-md-5 js-stickySidebar mb-md-0 mb-5"]/div[@class="theiaStickySidebar"]/div[@class="booking-label"][count(. | //div[@class = 'booking-label' and (text() = 'Buat Janji Dokter' or . = 'Buat Janji Dokter')]) = count(//div[@class = 'booking-label' and (text() = 'Buat Janji Dokter' or . = 'Buat Janji Dokter')])]' not found)
	at com.kms.katalon.core.keyword.internal.KeywordMain.stepFailed(KeywordMain.groovy:36)
	at com.kms.katalon.core.webui.keyword.internal.WebUIKeywordMain.stepFailed(WebUIKeywordMain.groovy:65)
	at com.kms.katalon.core.webui.keyword.internal.WebUIKeywordMain.runKeyword(WebUIKeywordMain.groovy:27)
	at com.kms.katalon.core.webui.keyword.builtin.VerifyElementPresentKeyword.verifyElementPresent(VerifyElementPresentKeyword.groovy:92)
	at com.kms.katalon.core.webui.keyword.builtin.VerifyElementPresentKeyword.execute(VerifyElementPresentKeyword.groovy:68)
	at com.kms.katalon.core.keyword.internal.KeywordExecutor.executeKeywordForPlatform(KeywordExecutor.groovy:53)
	at com.kms.katalon.core.webui.keyword.WebUiBuiltInKeywords.verifyElementPresent(WebUiBuiltInKeywords.groovy:1434)
	at com.kms.katalon.core.webui.keyword.WebUiBuiltInKeywords$verifyElementPresent$12.call(Unknown Source)
	at rumah sakit - booking logged in.run(rumah sakit - booking logged in:61)
	at com.kms.katalon.core.main.ScriptEngine.run(ScriptEngine.java:194)
	at com.kms.katalon.core.main.ScriptEngine.runScriptAsRawText(ScriptEngine.java:119)
	at com.kms.katalon.core.main.TestCaseExecutor.runScript(TestCaseExecutor.java:328)
	at com.kms.katalon.core.main.TestCaseExecutor.doExecute(TestCaseExecutor.java:319)
	at com.kms.katalon.core.main.TestCaseExecutor.processExecutionPhase(TestCaseExecutor.java:298)
	at com.kms.katalon.core.main.TestCaseExecutor.accessMainPhase(TestCaseExecutor.java:290)
	at com.kms.katalon.core.main.TestCaseExecutor.execute(TestCaseExecutor.java:224)
	at com.kms.katalon.core.main.TestSuiteExecutor.accessTestCaseMainPhase(TestSuiteExecutor.java:129)
	at com.kms.katalon.core.main.TestSuiteExecutor.accessTestSuiteMainPhase(TestSuiteExecutor.java:112)
	at com.kms.katalon.core.main.TestSuiteExecutor.execute(TestSuiteExecutor.java:81)
	at com.kms.katalon.core.main.TestCaseMain.startTestSuite(TestCaseMain.java:149)
	at com.kms.katalon.core.main.TestCaseMain$startTestSuite$0.call(Unknown Source)
	at TempTestSuite1564039003613.run(TempTestSuite1564039003613.groovy:36)]]></system-err>
      </testcase>
      <system-out><![CDATA[2019-07-25 14:16:45 - [TEST_SUITE][FAILED] - booking: Test Cases/rumah sakit/rumah sakit - booking logged in FAILED.
Reason:
com.kms.katalon.core.exception.StepFailedException: Unable to verify object 'Object Repository/rumah sakit/booking logged in/div_Buat Janji Dokter' is present (Root cause: com.kms.katalon.core.exception.StepFailedException: com.kms.katalon.core.webui.exception.WebElementNotFoundException: Web element with id: 'Object Repository/rumah sakit/booking logged in/div_Buat Janji Dokter' located by 'By.xpath: id("pageBookingDoctor")/section[@class="booking-doctor"]/div[@class="container"]/div[@class="row"]/div[@class="col-lg-4 col-md-5 js-stickySidebar mb-md-0 mb-5"]/div[@class="theiaStickySidebar"]/div[@class="booking-label"][count(. | //div[@class = 'booking-label' and (text() = 'Buat Janji Dokter' or . = 'Buat Janji Dokter')]) = count(//div[@class = 'booking-label' and (text() = 'Buat Janji Dokter' or . = 'Buat Janji Dokter')])]' not found)
	at com.kms.katalon.core.keyword.internal.KeywordMain.stepFailed(KeywordMain.groovy:36)
	at com.kms.katalon.core.webui.keyword.internal.WebUIKeywordMain.stepFailed(WebUIKeywordMain.groovy:65)
	at com.kms.katalon.core.webui.keyword.internal.WebUIKeywordMain.runKeyword(WebUIKeywordMain.groovy:27)
	at com.kms.katalon.core.webui.keyword.builtin.VerifyElementPresentKeyword.verifyElementPresent(VerifyElementPresentKeyword.groovy:92)
	at com.kms.katalon.core.webui.keyword.builtin.VerifyElementPresentKeyword.execute(VerifyElementPresentKeyword.groovy:68)
	at com.kms.katalon.core.keyword.internal.KeywordExecutor.executeKeywordForPlatform(KeywordExecutor.groovy:53)
	at com.kms.katalon.core.webui.keyword.WebUiBuiltInKeywords.verifyElementPresent(WebUiBuiltInKeywords.groovy:1434)
	at com.kms.katalon.core.webui.keyword.WebUiBuiltInKeywords$verifyElementPresent$12.call(Unknown Source)
	at rumah sakit - booking logged in.run(rumah sakit - booking logged in:61)
	at com.kms.katalon.core.main.ScriptEngine.run(ScriptEngine.java:194)
	at com.kms.katalon.core.main.ScriptEngine.runScriptAsRawText(ScriptEngine.java:119)
	at com.kms.katalon.core.main.TestCaseExecutor.runScript(TestCaseExecutor.java:328)
	at com.kms.katalon.core.main.TestCaseExecutor.doExecute(TestCaseExecutor.java:319)
	at com.kms.katalon.core.main.TestCaseExecutor.processExecutionPhase(TestCaseExecutor.java:298)
	at com.kms.katalon.core.main.TestCaseExecutor.accessMainPhase(TestCaseExecutor.java:290)
	at com.kms.katalon.core.main.TestCaseExecutor.execute(TestCaseExecutor.java:224)
	at com.kms.katalon.core.main.TestSuiteExecutor.accessTestCaseMainPhase(TestSuiteExecutor.java:129)
	at com.kms.katalon.core.main.TestSuiteExecutor.accessTestSuiteMainPhase(TestSuiteExecutor.java:112)
	at com.kms.katalon.core.main.TestSuiteExecutor.execute(TestSuiteExecutor.java:81)
	at com.kms.katalon.core.main.TestCaseMain.startTestSuite(TestCaseMain.java:149)
	at com.kms.katalon.core.main.TestCaseMain$startTestSuite$0.call(Unknown Source)
	at TempTestSuite1564039003613.run(TempTestSuite1564039003613.groovy:36)]]></system-out>
      <system-err><![CDATA[2019-07-25 14:16:45 - [TEST_SUITE][FAILED] - booking: Test Cases/rumah sakit/rumah sakit - booking logged in FAILED.
Reason:
com.kms.katalon.core.exception.StepFailedException: Unable to verify object 'Object Repository/rumah sakit/booking logged in/div_Buat Janji Dokter' is present (Root cause: com.kms.katalon.core.exception.StepFailedException: com.kms.katalon.core.webui.exception.WebElementNotFoundException: Web element with id: 'Object Repository/rumah sakit/booking logged in/div_Buat Janji Dokter' located by 'By.xpath: id("pageBookingDoctor")/section[@class="booking-doctor"]/div[@class="container"]/div[@class="row"]/div[@class="col-lg-4 col-md-5 js-stickySidebar mb-md-0 mb-5"]/div[@class="theiaStickySidebar"]/div[@class="booking-label"][count(. | //div[@class = 'booking-label' and (text() = 'Buat Janji Dokter' or . = 'Buat Janji Dokter')]) = count(//div[@class = 'booking-label' and (text() = 'Buat Janji Dokter' or . = 'Buat Janji Dokter')])]' not found)
	at com.kms.katalon.core.keyword.internal.KeywordMain.stepFailed(KeywordMain.groovy:36)
	at com.kms.katalon.core.webui.keyword.internal.WebUIKeywordMain.stepFailed(WebUIKeywordMain.groovy:65)
	at com.kms.katalon.core.webui.keyword.internal.WebUIKeywordMain.runKeyword(WebUIKeywordMain.groovy:27)
	at com.kms.katalon.core.webui.keyword.builtin.VerifyElementPresentKeyword.verifyElementPresent(VerifyElementPresentKeyword.groovy:92)
	at com.kms.katalon.core.webui.keyword.builtin.VerifyElementPresentKeyword.execute(VerifyElementPresentKeyword.groovy:68)
	at com.kms.katalon.core.keyword.internal.KeywordExecutor.executeKeywordForPlatform(KeywordExecutor.groovy:53)
	at com.kms.katalon.core.webui.keyword.WebUiBuiltInKeywords.verifyElementPresent(WebUiBuiltInKeywords.groovy:1434)
	at com.kms.katalon.core.webui.keyword.WebUiBuiltInKeywords$verifyElementPresent$12.call(Unknown Source)
	at rumah sakit - booking logged in.run(rumah sakit - booking logged in:61)
	at com.kms.katalon.core.main.ScriptEngine.run(ScriptEngine.java:194)
	at com.kms.katalon.core.main.ScriptEngine.runScriptAsRawText(ScriptEngine.java:119)
	at com.kms.katalon.core.main.TestCaseExecutor.runScript(TestCaseExecutor.java:328)
	at com.kms.katalon.core.main.TestCaseExecutor.doExecute(TestCaseExecutor.java:319)
	at com.kms.katalon.core.main.TestCaseExecutor.processExecutionPhase(TestCaseExecutor.java:298)
	at com.kms.katalon.core.main.TestCaseExecutor.accessMainPhase(TestCaseExecutor.java:290)
	at com.kms.katalon.core.main.TestCaseExecutor.execute(TestCaseExecutor.java:224)
	at com.kms.katalon.core.main.TestSuiteExecutor.accessTestCaseMainPhase(TestSuiteExecutor.java:129)
	at com.kms.katalon.core.main.TestSuiteExecutor.accessTestSuiteMainPhase(TestSuiteExecutor.java:112)
	at com.kms.katalon.core.main.TestSuiteExecutor.execute(TestSuiteExecutor.java:81)
	at com.kms.katalon.core.main.TestCaseMain.startTestSuite(TestCaseMain.java:149)
	at com.kms.katalon.core.main.TestCaseMain$startTestSuite$0.call(Unknown Source)
	at TempTestSuite1564039003613.run(TempTestSuite1564039003613.groovy:36)]]></system-err>
   </testsuite>
</testsuites>
